[ 2016-07-27T20:51:26+08:00 ] ::1 /
INFO: [ app_init ] --START--
INFO: Run Behavior\BuildLiteBehavior [ RunTime:0.001001s ]
INFO: [ app_init ] --END-- [ RunTime:0.049003s ]
INFO: [ app_begin ] --START--
INFO: Run Behavior\ReadHtmlCacheBehavior [ RunTime:0.010001s ]
INFO: [ app_begin ] --END-- [ RunTime:0.011001s ]
ERR: SQLSTATE[HY000] [2002] ”…”⁄¡¨Ω”∑Ω‘⁄“ª∂Œ ±º‰∫Û√ª”–’˝»∑¥∏¥ªÚ¡¨Ω”µƒ÷˜ª˙√ª”–∑¥”¶£¨¡¨Ω”≥¢ ‘ ß∞‹°£


[ 2016-07-27T20:52:25+08:00 ] ::1 /
INFO: [ app_init ] --START--
INFO: Run Behavior\BuildLiteBehavior [ RunTime:0.000000s ]
INFO: [ app_init ] --END-- [ RunTime:0.029002s ]
INFO: [ app_begin ] --START--
INFO: Run Behavior\ReadHtmlCacheBehavior [ RunTime:0.001000s ]
INFO: [ app_begin ] --END-- [ RunTime:0.001000s ]
ERR: SQLSTATE[HY000] [2002] ”…”⁄¡¨Ω”∑Ω‘⁄“ª∂Œ ±º‰∫Û√ª”–’˝»∑¥∏¥ªÚ¡¨Ω”µƒ÷˜ª˙√ª”–∑¥”¶£¨¡¨Ω”≥¢ ‘ ß∞‹°£


[ 2016-07-27T20:58:07+08:00 ] ::1 /
INFO: [ app_init ] --START--
INFO: Run Behavior\BuildLiteBehavior [ RunTime:0.000000s ]
INFO: [ app_init ] --END-- [ RunTime:0.001000s ]
INFO: [ app_begin ] --START--
INFO: Run Behavior\ReadHtmlCacheBehavior [ RunTime:0.002000s ]
INFO: [ app_begin ] --END-- [ RunTime:0.002000s ]
ERR: SQLSTATE[HY000] [2002] ”…”⁄¡¨Ω”∑Ω‘⁄“ª∂Œ ±º‰∫Û√ª”–’˝»∑¥∏¥ªÚ¡¨Ω”µƒ÷˜ª˙√ª”–∑¥”¶£¨¡¨Ω”≥¢ ‘ ß∞‹°£


[ 2016-07-27T20:59:44+08:00 ] ::1 /
INFO: [ app_init ] --START--
INFO: Run Behavior\BuildLiteBehavior [ RunTime:0.001000s ]
INFO: [ app_init ] --END-- [ RunTime:0.001000s ]
INFO: [ app_begin ] --START--
INFO: Run Behavior\ReadHtmlCacheBehavior [ RunTime:0.001000s ]
INFO: [ app_begin ] --END-- [ RunTime:0.001000s ]
SQL: SELECT * FROM im_navbar [ RunTime:0.0130s ]
INFO: [ view_parse ] --START--
NOTIC: [2] filemtime(): stat failed for ./Application/Home/View\Application\Home\View\Public\pageheader.html F:\codetool\wamp64\www\inventory\ThinkPHP\Library\Vendor\Smarty\sysplugins\smarty_resource.php Á¨¨ 315 Ë°å.
NOTIC: [8] Undefined index: title F:\codetool\wamp64\www\inventory\Application\Runtime\Cache\Home\3e77f4abb1ea159d01fc76d85b3eae37b7001192.file.pageheader.html.php Á¨¨ 33 Ë°å.
NOTIC: [8] Trying to get property of non-object F:\codetool\wamp64\www\inventory\Application\Runtime\Cache\Home\3e77f4abb1ea159d01fc76d85b3eae37b7001192.file.pageheader.html.php Á¨¨ 33 Ë°å.
INFO: Run Behavior\ParseTemplateBehavior [ RunTime:0.112006s ]
INFO: [ view_parse ] --END-- [ RunTime:0.112006s ]
INFO: [ view_filter ] --START--
INFO: Run Behavior\WriteHtmlCacheBehavior [ RunTime:0.008001s ]
INFO: [ view_filter ] --END-- [ RunTime:0.008001s ]
INFO: [ app_end ] --START--
INFO: Run Behavior\ShowPageTraceBehavior [ RunTime:0.010000s ]
INFO: [ app_end ] --END-- [ RunTime:0.011000s ]

[ 2016-07-27T20:59:54+08:00 ] ::1 /index.php/Home/Inventory/inventory/goods_id/2
INFO: [ app_init ] --START--
INFO: Run Behavior\BuildLiteBehavior [ RunTime:0.000000s ]
INFO: [ app_init ] --END-- [ RunTime:0.001000s ]
INFO: [ app_begin ] --START--
INFO: Run Behavior\ReadHtmlCacheBehavior [ RunTime:0.001000s ]
INFO: [ app_begin ] --END-- [ RunTime:0.001000s ]
SQL: SELECT * FROM im_navbar [ RunTime:0.0030s ]
SQL: SHOW COLUMNS FROM `im_inventory` [ RunTime:0.0050s ]
SQL: SHOW COLUMNS FROM `im_goods` [ RunTime:0.0070s ]
SQL: SELECT * FROM `im_goods` WHERE (  1=1 AND id = '2'  )  [ RunTime:0.0030s ]
SQL: SHOW COLUMNS FROM `im_inventory` [ RunTime:0.0040s ]
SQL: SELECT * FROM `im_inventory` WHERE (  1=1 AND goods_id in (2)  )  [ RunTime:0.0040s ]
INFO: [ view_parse ] --START--
NOTIC: [2] filemtime(): stat failed for ./Application/Home/View\Application\Home\View\Public\pageheader.html F:\codetool\wamp64\www\inventory\ThinkPHP\Library\Vendor\Smarty\sysplugins\smarty_resource.php Á¨¨ 315 Ë°å.
INFO: Run Behavior\ParseTemplateBehavior [ RunTime:0.551031s ]
INFO: [ view_parse ] --END-- [ RunTime:0.552032s ]
INFO: [ view_filter ] --START--
INFO: Run Behavior\WriteHtmlCacheBehavior [ RunTime:0.001000s ]
INFO: [ view_filter ] --END-- [ RunTime:0.001000s ]
INFO: [ app_end ] --START--
INFO: Run Behavior\ShowPageTraceBehavior [ RunTime:0.002000s ]
INFO: [ app_end ] --END-- [ RunTime:0.002000s ]

[ 2016-07-27T20:59:54+08:00 ] ::1 /index.php/Home/inventory/allStyle
INFO: [ app_init ] --START--
INFO: Run Behavior\BuildLiteBehavior [ RunTime:0.000000s ]
INFO: [ app_init ] --END-- [ RunTime:0.001000s ]
INFO: [ app_begin ] --START--
INFO: Run Behavior\ReadHtmlCacheBehavior [ RunTime:0.001000s ]
INFO: [ app_begin ] --END-- [ RunTime:0.002000s ]
SQL: SELECT * FROM im_navbar [ RunTime:0.0030s ]
SQL: SHOW COLUMNS FROM `im_inventory` [ RunTime:0.0050s ]
SQL: SHOW COLUMNS FROM `im_inventory` [ RunTime:0.0030s ]
SQL: SELECT `id`,`style` FROM `im_inventory` WHERE (  1=1 AND goods_id in (2)  )  [ RunTime:0.0060s ]

[ 2016-07-27T21:06:06+08:00 ] ::1 /index.php/Home/Inventory/inventory/goods_id/2
INFO: [ app_init ] --START--
INFO: Run Behavior\BuildLiteBehavior [ RunTime:0.000000s ]
INFO: [ app_init ] --END-- [ RunTime:0.001001s ]
INFO: [ app_begin ] --START--
INFO: Run Behavior\ReadHtmlCacheBehavior [ RunTime:0.001000s ]
INFO: [ app_begin ] --END-- [ RunTime:0.001000s ]
ERR: SQLSTATE[HY000] [2002] ”…”⁄¡¨Ω”∑Ω‘⁄“ª∂Œ ±º‰∫Û√ª”–’˝»∑¥∏¥ªÚ¡¨Ω”µƒ÷˜ª˙√ª”–∑¥”¶£¨¡¨Ω”≥¢ ‘ ß∞‹°£


[ 2016-07-27T21:06:11+08:00 ] ::1 /index.php/Home/Inventory/inventory/goods_id/2
INFO: [ app_init ] --START--
INFO: Run Behavior\BuildLiteBehavior [ RunTime:0.001000s ]
INFO: [ app_init ] --END-- [ RunTime:0.002000s ]
INFO: [ app_begin ] --START--
INFO: Run Behavior\ReadHtmlCacheBehavior [ RunTime:0.002000s ]
INFO: [ app_begin ] --END-- [ RunTime:0.003000s ]
SQL: SELECT * FROM im_navbar [ RunTime:0.0040s ]
SQL: SHOW COLUMNS FROM `im_inventory` [ RunTime:0.0050s ]
SQL: SHOW COLUMNS FROM `im_goods` [ RunTime:0.0110s ]
SQL: SELECT * FROM `im_goods` WHERE (  1=1 AND id = '2'  )  [ RunTime:0.0040s ]
SQL: SHOW COLUMNS FROM `im_inventory` [ RunTime:0.0130s ]
SQL: SELECT * FROM `im_inventory` WHERE (  1=1 AND goods_id in (2)  )  [ RunTime:0.0100s ]
INFO: [ view_parse ] --START--
NOTIC: [2] filemtime(): stat failed for ./Application/Home/View\Application\Home\View\Public\pageheader.html F:\codetool\wamp64\www\inventory\ThinkPHP\Library\Vendor\Smarty\sysplugins\smarty_resource.php Á¨¨ 315 Ë°å.
INFO: Run Behavior\ParseTemplateBehavior [ RunTime:0.379022s ]
INFO: [ view_parse ] --END-- [ RunTime:0.379022s ]
INFO: [ view_filter ] --START--
INFO: Run Behavior\WriteHtmlCacheBehavior [ RunTime:0.001000s ]
INFO: [ view_filter ] --END-- [ RunTime:0.001000s ]
INFO: [ app_end ] --START--
INFO: Run Behavior\ShowPageTraceBehavior [ RunTime:0.001000s ]
INFO: [ app_end ] --END-- [ RunTime:0.002000s ]

[ 2016-07-27T21:06:12+08:00 ] ::1 /index.php/Home/inventory/allStyle
INFO: [ app_init ] --START--
INFO: Run Behavior\BuildLiteBehavior [ RunTime:0.000000s ]
INFO: [ app_init ] --END-- [ RunTime:0.001000s ]
INFO: [ app_begin ] --START--
INFO: Run Behavior\ReadHtmlCacheBehavior [ RunTime:0.001001s ]
INFO: [ app_begin ] --END-- [ RunTime:0.002001s ]
SQL: SELECT * FROM im_navbar [ RunTime:0.0030s ]
SQL: SHOW COLUMNS FROM `im_inventory` [ RunTime:0.0090s ]
SQL: SHOW COLUMNS FROM `im_inventory` [ RunTime:0.0040s ]
SQL: SELECT `id`,`style` FROM `im_inventory` WHERE (  1=1 AND goods_id in (2)  )  [ RunTime:0.0090s ]

[ 2016-07-27T21:13:54+08:00 ] ::1 /index.php/Home/Inventory/inventory/goods_id/2
INFO: [ app_init ] --START--
INFO: Run Behavior\BuildLiteBehavior [ RunTime:0.000000s ]
INFO: [ app_init ] --END-- [ RunTime:0.001000s ]
INFO: [ app_begin ] --START--
INFO: Run Behavior\ReadHtmlCacheBehavior [ RunTime:0.001000s ]
INFO: [ app_begin ] --END-- [ RunTime:0.002000s ]
ERR: SQLSTATE[HY000] [2002] ”…”⁄¡¨Ω”∑Ω‘⁄“ª∂Œ ±º‰∫Û√ª”–’˝»∑¥∏¥ªÚ¡¨Ω”µƒ÷˜ª˙√ª”–∑¥”¶£¨¡¨Ω”≥¢ ‘ ß∞‹°£


[ 2016-07-27T21:16:11+08:00 ] ::1 /index.php/Home/Inventory/inventory/goods_id/2
INFO: [ app_init ] --START--
INFO: Run Behavior\BuildLiteBehavior [ RunTime:0.000000s ]
INFO: [ app_init ] --END-- [ RunTime:0.001000s ]
INFO: [ app_begin ] --START--
INFO: Run Behavior\ReadHtmlCacheBehavior [ RunTime:0.003000s ]
INFO: [ app_begin ] --END-- [ RunTime:0.004000s ]
ERR: SQLSTATE[HY000] [2002] ”…”⁄¡¨Ω”∑Ω‘⁄“ª∂Œ ±º‰∫Û√ª”–’˝»∑¥∏¥ªÚ¡¨Ω”µƒ÷˜ª˙√ª”–∑¥”¶£¨¡¨Ω”≥¢ ‘ ß∞‹°£


