[ 2016-07-07T21:31:09+08:00 ] 127.0.0.1 /index.php/Home/Goods/add
INFO: [ app_init ] --START--
INFO: Run Behavior\BuildLiteBehavior [ RunTime:0.000241s ]
INFO: [ app_init ] --END-- [ RunTime:0.002225s ]
INFO: [ app_begin ] --START--
INFO: Run Behavior\ReadHtmlCacheBehavior [ RunTime:0.000847s ]
INFO: [ app_begin ] --END-- [ RunTime:0.000940s ]
NOTIC: [2] session_start(): Cannot send session cookie - headers already sent by (output started at /Applications/MAMP/htdocs/inventory/Application/Home/Common/function.php:1) /Applications/MAMP/htdocs/inventory/ThinkPHP/Common/functions.php 第 1263 行.
NOTIC: [2] session_start(): Cannot send session cache limiter - headers already sent (output started at /Applications/MAMP/htdocs/inventory/Application/Home/Common/function.php:1) /Applications/MAMP/htdocs/inventory/ThinkPHP/Common/functions.php 第 1263 行.
SQL: SELECT * FROM im_navbar [ RunTime:0.0043s ]
INFO: [ view_parse ] --START--
NOTIC: [2] filemtime(): stat failed for ./Application/Home/View/Application/Home/View/Public/pageheader.html /Applications/MAMP/htdocs/inventory/ThinkPHP/Library/Vendor/Smarty/sysplugins/smarty_resource.php 第 315 行.
NOTIC: [2] filemtime(): stat failed for ./Application/Home/View/Application/Home/View/Public/modal.html /Applications/MAMP/htdocs/inventory/ThinkPHP/Library/Vendor/Smarty/sysplugins/smarty_resource.php 第 315 行.
INFO: Run Behavior\ParseTemplateBehavior [ RunTime:0.019430s ]
INFO: [ view_parse ] --END-- [ RunTime:0.019502s ]
INFO: [ view_filter ] --START--
INFO: Run Behavior\WriteHtmlCacheBehavior [ RunTime:0.000439s ]
INFO: [ view_filter ] --END-- [ RunTime:0.000496s ]
NOTIC: [2] Cannot modify header information - headers already sent by (output started at /Applications/MAMP/htdocs/inventory/Application/Home/Common/function.php:1) /Applications/MAMP/htdocs/inventory/ThinkPHP/Library/Think/View.class.php 第 91 行.
NOTIC: [2] Cannot modify header information - headers already sent by (output started at /Applications/MAMP/htdocs/inventory/Application/Home/Common/function.php:1) /Applications/MAMP/htdocs/inventory/ThinkPHP/Library/Think/View.class.php 第 92 行.
NOTIC: [2] Cannot modify header information - headers already sent by (output started at /Applications/MAMP/htdocs/inventory/Application/Home/Common/function.php:1) /Applications/MAMP/htdocs/inventory/ThinkPHP/Library/Think/View.class.php 第 93 行.
INFO: [ app_end ] --START--
INFO: Run Behavior\ShowPageTraceBehavior [ RunTime:0.000798s ]
INFO: [ app_end ] --END-- [ RunTime:0.000854s ]

[ 2016-07-07T21:31:10+08:00 ] 127.0.0.1 /index.php/Home/Goods/list
INFO: [ app_init ] --START--
INFO: Run Behavior\BuildLiteBehavior [ RunTime:0.000014s ]
INFO: [ app_init ] --END-- [ RunTime:0.000335s ]
INFO: [ app_begin ] --START--
INFO: Run Behavior\ReadHtmlCacheBehavior [ RunTime:0.000667s ]
INFO: [ app_begin ] --END-- [ RunTime:0.000737s ]
NOTIC: [2] session_start(): Cannot send session cookie - headers already sent by (output started at /Applications/MAMP/htdocs/inventory/Application/Home/Common/function.php:1) /Applications/MAMP/htdocs/inventory/ThinkPHP/Common/functions.php 第 1263 行.
NOTIC: [2] session_start(): Cannot send session cache limiter - headers already sent (output started at /Applications/MAMP/htdocs/inventory/Application/Home/Common/function.php:1) /Applications/MAMP/htdocs/inventory/ThinkPHP/Common/functions.php 第 1263 行.
SQL: SELECT * FROM im_navbar [ RunTime:0.0002s ]
INFO: [ view_parse ] --START--
NOTIC: [2] filemtime(): stat failed for ./Application/Home/View/Application/Home/View/Public/pageheader.html /Applications/MAMP/htdocs/inventory/ThinkPHP/Library/Vendor/Smarty/sysplugins/smarty_resource.php 第 315 行.
NOTIC: [8] Undefined index: title /Applications/MAMP/htdocs/inventory/Application/Runtime/Cache/Home/3c4c8d61199cdfdeca49d55070a407c2d4411dea.file.pageheader.html.php 第 33 行.
NOTIC: [8] Trying to get property of non-object /Applications/MAMP/htdocs/inventory/Application/Runtime/Cache/Home/3c4c8d61199cdfdeca49d55070a407c2d4411dea.file.pageheader.html.php 第 33 行.
INFO: Run Behavior\ParseTemplateBehavior [ RunTime:0.009170s ]
INFO: [ view_parse ] --END-- [ RunTime:0.009221s ]
INFO: [ view_filter ] --START--
INFO: Run Behavior\WriteHtmlCacheBehavior [ RunTime:0.000157s ]
INFO: [ view_filter ] --END-- [ RunTime:0.000203s ]
NOTIC: [2] Cannot modify header information - headers already sent by (output started at /Applications/MAMP/htdocs/inventory/Application/Home/Common/function.php:1) /Applications/MAMP/htdocs/inventory/ThinkPHP/Library/Think/View.class.php 第 91 行.
NOTIC: [2] Cannot modify header information - headers already sent by (output started at /Applications/MAMP/htdocs/inventory/Application/Home/Common/function.php:1) /Applications/MAMP/htdocs/inventory/ThinkPHP/Library/Think/View.class.php 第 92 行.
NOTIC: [2] Cannot modify header information - headers already sent by (output started at /Applications/MAMP/htdocs/inventory/Application/Home/Common/function.php:1) /Applications/MAMP/htdocs/inventory/ThinkPHP/Library/Think/View.class.php 第 93 行.
INFO: [ app_end ] --START--
INFO: Run Behavior\ShowPageTraceBehavior [ RunTime:0.000464s ]
INFO: [ app_end ] --END-- [ RunTime:0.000526s ]

[ 2016-07-07T21:31:11+08:00 ] 127.0.0.1 /index.php/Home/Goods/list
INFO: [ app_init ] --START--
INFO: Run Behavior\BuildLiteBehavior [ RunTime:0.000013s ]
INFO: [ app_init ] --END-- [ RunTime:0.000314s ]
INFO: [ app_begin ] --START--
INFO: Run Behavior\ReadHtmlCacheBehavior [ RunTime:0.000426s ]
INFO: [ app_begin ] --END-- [ RunTime:0.000482s ]
NOTIC: [2] session_start(): Cannot send session cookie - headers already sent by (output started at /Applications/MAMP/htdocs/inventory/Application/Home/Common/function.php:1) /Applications/MAMP/htdocs/inventory/ThinkPHP/Common/functions.php 第 1263 行.
NOTIC: [2] session_start(): Cannot send session cache limiter - headers already sent (output started at /Applications/MAMP/htdocs/inventory/Application/Home/Common/function.php:1) /Applications/MAMP/htdocs/inventory/ThinkPHP/Common/functions.php 第 1263 行.
SQL: SELECT * FROM im_navbar [ RunTime:0.0016s ]
INFO: [ view_parse ] --START--
NOTIC: [2] filemtime(): stat failed for ./Application/Home/View/Application/Home/View/Public/pageheader.html /Applications/MAMP/htdocs/inventory/ThinkPHP/Library/Vendor/Smarty/sysplugins/smarty_resource.php 第 315 行.
NOTIC: [8] Undefined index: title /Applications/MAMP/htdocs/inventory/Application/Runtime/Cache/Home/3c4c8d61199cdfdeca49d55070a407c2d4411dea.file.pageheader.html.php 第 33 行.
NOTIC: [8] Trying to get property of non-object /Applications/MAMP/htdocs/inventory/Application/Runtime/Cache/Home/3c4c8d61199cdfdeca49d55070a407c2d4411dea.file.pageheader.html.php 第 33 行.
INFO: Run Behavior\ParseTemplateBehavior [ RunTime:0.009540s ]
INFO: [ view_parse ] --END-- [ RunTime:0.009594s ]
INFO: [ view_filter ] --START--
INFO: Run Behavior\WriteHtmlCacheBehavior [ RunTime:0.000294s ]
INFO: [ view_filter ] --END-- [ RunTime:0.000374s ]
NOTIC: [2] Cannot modify header information - headers already sent by (output started at /Applications/MAMP/htdocs/inventory/Application/Home/Common/function.php:1) /Applications/MAMP/htdocs/inventory/ThinkPHP/Library/Think/View.class.php 第 91 行.
NOTIC: [2] Cannot modify header information - headers already sent by (output started at /Applications/MAMP/htdocs/inventory/Application/Home/Common/function.php:1) /Applications/MAMP/htdocs/inventory/ThinkPHP/Library/Think/View.class.php 第 92 行.
NOTIC: [2] Cannot modify header information - headers already sent by (output started at /Applications/MAMP/htdocs/inventory/Application/Home/Common/function.php:1) /Applications/MAMP/htdocs/inventory/ThinkPHP/Library/Think/View.class.php 第 93 行.
INFO: [ app_end ] --START--
INFO: Run Behavior\ShowPageTraceBehavior [ RunTime:0.000468s ]
INFO: [ app_end ] --END-- [ RunTime:0.000521s ]

[ 2016-07-07T21:31:12+08:00 ] 127.0.0.1 /index.php/Home/Goods/list
INFO: [ app_init ] --START--
INFO: Run Behavior\BuildLiteBehavior [ RunTime:0.000026s ]
INFO: [ app_init ] --END-- [ RunTime:0.000457s ]
INFO: [ app_begin ] --START--
INFO: Run Behavior\ReadHtmlCacheBehavior [ RunTime:0.000476s ]
INFO: [ app_begin ] --END-- [ RunTime:0.000543s ]
NOTIC: [2] session_start(): Cannot send session cookie - headers already sent by (output started at /Applications/MAMP/htdocs/inventory/Application/Home/Common/function.php:1) /Applications/MAMP/htdocs/inventory/ThinkPHP/Common/functions.php 第 1263 行.
NOTIC: [2] session_start(): Cannot send session cache limiter - headers already sent (output started at /Applications/MAMP/htdocs/inventory/Application/Home/Common/function.php:1) /Applications/MAMP/htdocs/inventory/ThinkPHP/Common/functions.php 第 1263 行.
SQL: SELECT * FROM im_navbar [ RunTime:0.0003s ]
INFO: [ view_parse ] --START--
NOTIC: [2] filemtime(): stat failed for ./Application/Home/View/Application/Home/View/Public/pageheader.html /Applications/MAMP/htdocs/inventory/ThinkPHP/Library/Vendor/Smarty/sysplugins/smarty_resource.php 第 315 行.
NOTIC: [8] Undefined index: title /Applications/MAMP/htdocs/inventory/Application/Runtime/Cache/Home/3c4c8d61199cdfdeca49d55070a407c2d4411dea.file.pageheader.html.php 第 33 行.
NOTIC: [8] Trying to get property of non-object /Applications/MAMP/htdocs/inventory/Application/Runtime/Cache/Home/3c4c8d61199cdfdeca49d55070a407c2d4411dea.file.pageheader.html.php 第 33 行.
INFO: Run Behavior\ParseTemplateBehavior [ RunTime:0.014567s ]
INFO: [ view_parse ] --END-- [ RunTime:0.014628s ]
INFO: [ view_filter ] --START--
INFO: Run Behavior\WriteHtmlCacheBehavior [ RunTime:0.000160s ]
INFO: [ view_filter ] --END-- [ RunTime:0.000204s ]
NOTIC: [2] Cannot modify header information - headers already sent by (output started at /Applications/MAMP/htdocs/inventory/Application/Home/Common/function.php:1) /Applications/MAMP/htdocs/inventory/ThinkPHP/Library/Think/View.class.php 第 91 行.
NOTIC: [2] Cannot modify header information - headers already sent by (output started at /Applications/MAMP/htdocs/inventory/Application/Home/Common/function.php:1) /Applications/MAMP/htdocs/inventory/ThinkPHP/Library/Think/View.class.php 第 92 行.
NOTIC: [2] Cannot modify header information - headers already sent by (output started at /Applications/MAMP/htdocs/inventory/Application/Home/Common/function.php:1) /Applications/MAMP/htdocs/inventory/ThinkPHP/Library/Think/View.class.php 第 93 行.
INFO: [ app_end ] --START--
INFO: Run Behavior\ShowPageTraceBehavior [ RunTime:0.000627s ]
INFO: [ app_end ] --END-- [ RunTime:0.000695s ]

[ 2016-07-07T21:32:31+08:00 ] 127.0.0.1 /index.php/Home/Goods/list
INFO: [ app_init ] --START--
INFO: Run Behavior\BuildLiteBehavior [ RunTime:0.000019s ]
INFO: [ app_init ] --END-- [ RunTime:0.000424s ]
INFO: [ app_begin ] --START--
INFO: Run Behavior\ReadHtmlCacheBehavior [ RunTime:0.000442s ]
INFO: [ app_begin ] --END-- [ RunTime:0.000501s ]
NOTIC: [2] session_start(): Cannot send session cookie - headers already sent by (output started at /Applications/MAMP/htdocs/inventory/Application/Home/Common/function.php:1) /Applications/MAMP/htdocs/inventory/ThinkPHP/Common/functions.php 第 1263 行.
NOTIC: [2] session_start(): Cannot send session cache limiter - headers already sent (output started at /Applications/MAMP/htdocs/inventory/Application/Home/Common/function.php:1) /Applications/MAMP/htdocs/inventory/ThinkPHP/Common/functions.php 第 1263 行.
SQL: SELECT * FROM im_navbar [ RunTime:0.0003s ]
INFO: [ view_parse ] --START--
NOTIC: [2] filemtime(): stat failed for ./Application/Home/View/Application/Home/View/Public/pageheader.html /Applications/MAMP/htdocs/inventory/ThinkPHP/Library/Vendor/Smarty/sysplugins/smarty_resource.php 第 315 行.
NOTIC: [8] Undefined index: title /Applications/MAMP/htdocs/inventory/Application/Runtime/Cache/Home/3c4c8d61199cdfdeca49d55070a407c2d4411dea.file.pageheader.html.php 第 33 行.
NOTIC: [8] Trying to get property of non-object /Applications/MAMP/htdocs/inventory/Application/Runtime/Cache/Home/3c4c8d61199cdfdeca49d55070a407c2d4411dea.file.pageheader.html.php 第 33 行.
INFO: Run Behavior\ParseTemplateBehavior [ RunTime:0.010744s ]
INFO: [ view_parse ] --END-- [ RunTime:0.010802s ]
INFO: [ view_filter ] --START--
INFO: Run Behavior\WriteHtmlCacheBehavior [ RunTime:0.000129s ]
INFO: [ view_filter ] --END-- [ RunTime:0.000172s ]
NOTIC: [2] Cannot modify header information - headers already sent by (output started at /Applications/MAMP/htdocs/inventory/Application/Home/Common/function.php:1) /Applications/MAMP/htdocs/inventory/ThinkPHP/Library/Think/View.class.php 第 91 行.
NOTIC: [2] Cannot modify header information - headers already sent by (output started at /Applications/MAMP/htdocs/inventory/Application/Home/Common/function.php:1) /Applications/MAMP/htdocs/inventory/ThinkPHP/Library/Think/View.class.php 第 92 行.
NOTIC: [2] Cannot modify header information - headers already sent by (output started at /Applications/MAMP/htdocs/inventory/Application/Home/Common/function.php:1) /Applications/MAMP/htdocs/inventory/ThinkPHP/Library/Think/View.class.php 第 93 行.
INFO: [ app_end ] --START--
INFO: Run Behavior\ShowPageTraceBehavior [ RunTime:0.000469s ]
INFO: [ app_end ] --END-- [ RunTime:0.000516s ]

[ 2016-07-07T21:32:36+08:00 ] 127.0.0.1 /index.php/Home/Goods/add
INFO: [ app_init ] --START--
INFO: Run Behavior\BuildLiteBehavior [ RunTime:0.000019s ]
INFO: [ app_init ] --END-- [ RunTime:0.000457s ]
INFO: [ app_begin ] --START--
INFO: Run Behavior\ReadHtmlCacheBehavior [ RunTime:0.000507s ]
INFO: [ app_begin ] --END-- [ RunTime:0.000583s ]
NOTIC: [2] session_start(): Cannot send session cookie - headers already sent by (output started at /Applications/MAMP/htdocs/inventory/Application/Home/Common/function.php:1) /Applications/MAMP/htdocs/inventory/ThinkPHP/Common/functions.php 第 1263 行.
NOTIC: [2] session_start(): Cannot send session cache limiter - headers already sent (output started at /Applications/MAMP/htdocs/inventory/Application/Home/Common/function.php:1) /Applications/MAMP/htdocs/inventory/ThinkPHP/Common/functions.php 第 1263 行.
SQL: SELECT * FROM im_navbar [ RunTime:0.0010s ]
INFO: [ view_parse ] --START--
NOTIC: [2] filemtime(): stat failed for ./Application/Home/View/Application/Home/View/Public/pageheader.html /Applications/MAMP/htdocs/inventory/ThinkPHP/Library/Vendor/Smarty/sysplugins/smarty_resource.php 第 315 行.
NOTIC: [2] filemtime(): stat failed for ./Application/Home/View/Application/Home/View/Public/modal.html /Applications/MAMP/htdocs/inventory/ThinkPHP/Library/Vendor/Smarty/sysplugins/smarty_resource.php 第 315 行.
INFO: Run Behavior\ParseTemplateBehavior [ RunTime:0.012206s ]
INFO: [ view_parse ] --END-- [ RunTime:0.012266s ]
INFO: [ view_filter ] --START--
INFO: Run Behavior\WriteHtmlCacheBehavior [ RunTime:0.000198s ]
INFO: [ view_filter ] --END-- [ RunTime:0.000246s ]
NOTIC: [2] Cannot modify header information - headers already sent by (output started at /Applications/MAMP/htdocs/inventory/Application/Home/Common/function.php:1) /Applications/MAMP/htdocs/inventory/ThinkPHP/Library/Think/View.class.php 第 91 行.
NOTIC: [2] Cannot modify header information - headers already sent by (output started at /Applications/MAMP/htdocs/inventory/Application/Home/Common/function.php:1) /Applications/MAMP/htdocs/inventory/ThinkPHP/Library/Think/View.class.php 第 92 行.
NOTIC: [2] Cannot modify header information - headers already sent by (output started at /Applications/MAMP/htdocs/inventory/Application/Home/Common/function.php:1) /Applications/MAMP/htdocs/inventory/ThinkPHP/Library/Think/View.class.php 第 93 行.
INFO: [ app_end ] --START--
INFO: Run Behavior\ShowPageTraceBehavior [ RunTime:0.000492s ]
INFO: [ app_end ] --END-- [ RunTime:0.000542s ]

[ 2016-07-07T21:32:37+08:00 ] 127.0.0.1 /index.php/Home/Goods/info
INFO: [ app_init ] --START--
INFO: Run Behavior\BuildLiteBehavior [ RunTime:0.000012s ]
INFO: [ app_init ] --END-- [ RunTime:0.000323s ]
INFO: [ app_begin ] --START--
INFO: Run Behavior\ReadHtmlCacheBehavior [ RunTime:0.000404s ]
INFO: [ app_begin ] --END-- [ RunTime:0.000458s ]
NOTIC: [2] session_start(): Cannot send session cookie - headers already sent by (output started at /Applications/MAMP/htdocs/inventory/Application/Home/Common/function.php:1) /Applications/MAMP/htdocs/inventory/ThinkPHP/Common/functions.php 第 1263 行.
NOTIC: [2] session_start(): Cannot send session cache limiter - headers already sent (output started at /Applications/MAMP/htdocs/inventory/Application/Home/Common/function.php:1) /Applications/MAMP/htdocs/inventory/ThinkPHP/Common/functions.php 第 1263 行.
SQL: SELECT * FROM im_navbar [ RunTime:0.0020s ]
INFO: [ view_parse ] --START--
NOTIC: [2] filemtime(): stat failed for ./Application/Home/View/Application/Home/View/Public/pageheader.html /Applications/MAMP/htdocs/inventory/ThinkPHP/Library/Vendor/Smarty/sysplugins/smarty_resource.php 第 315 行.
NOTIC: [8] Undefined index: title /Applications/MAMP/htdocs/inventory/Application/Runtime/Cache/Home/3c4c8d61199cdfdeca49d55070a407c2d4411dea.file.pageheader.html.php 第 33 行.
NOTIC: [8] Trying to get property of non-object /Applications/MAMP/htdocs/inventory/Application/Runtime/Cache/Home/3c4c8d61199cdfdeca49d55070a407c2d4411dea.file.pageheader.html.php 第 33 行.
INFO: Run Behavior\ParseTemplateBehavior [ RunTime:0.010895s ]
INFO: [ view_parse ] --END-- [ RunTime:0.010949s ]
INFO: [ view_filter ] --START--
INFO: Run Behavior\WriteHtmlCacheBehavior [ RunTime:0.000175s ]
INFO: [ view_filter ] --END-- [ RunTime:0.000221s ]
NOTIC: [2] Cannot modify header information - headers already sent by (output started at /Applications/MAMP/htdocs/inventory/Application/Home/Common/function.php:1) /Applications/MAMP/htdocs/inventory/ThinkPHP/Library/Think/View.class.php 第 91 行.
NOTIC: [2] Cannot modify header information - headers already sent by (output started at /Applications/MAMP/htdocs/inventory/Application/Home/Common/function.php:1) /Applications/MAMP/htdocs/inventory/ThinkPHP/Library/Think/View.class.php 第 92 行.
NOTIC: [2] Cannot modify header information - headers already sent by (output started at /Applications/MAMP/htdocs/inventory/Application/Home/Common/function.php:1) /Applications/MAMP/htdocs/inventory/ThinkPHP/Library/Think/View.class.php 第 93 行.
INFO: [ app_end ] --START--
INFO: Run Behavior\ShowPageTraceBehavior [ RunTime:0.000565s ]
INFO: [ app_end ] --END-- [ RunTime:0.000624s ]

[ 2016-07-07T21:32:37+08:00 ] 127.0.0.1 /index.php/Home/Goods/info
INFO: [ app_init ] --START--
INFO: Run Behavior\BuildLiteBehavior [ RunTime:0.000019s ]
INFO: [ app_init ] --END-- [ RunTime:0.000412s ]
INFO: [ app_begin ] --START--
INFO: Run Behavior\ReadHtmlCacheBehavior [ RunTime:0.000487s ]
INFO: [ app_begin ] --END-- [ RunTime:0.000552s ]
NOTIC: [2] session_start(): Cannot send session cookie - headers already sent by (output started at /Applications/MAMP/htdocs/inventory/Application/Home/Common/function.php:1) /Applications/MAMP/htdocs/inventory/ThinkPHP/Common/functions.php 第 1263 行.
NOTIC: [2] session_start(): Cannot send session cache limiter - headers already sent (output started at /Applications/MAMP/htdocs/inventory/Application/Home/Common/function.php:1) /Applications/MAMP/htdocs/inventory/ThinkPHP/Common/functions.php 第 1263 行.
SQL: SELECT * FROM im_navbar [ RunTime:0.0004s ]
INFO: [ view_parse ] --START--
NOTIC: [2] filemtime(): stat failed for ./Application/Home/View/Application/Home/View/Public/pageheader.html /Applications/MAMP/htdocs/inventory/ThinkPHP/Library/Vendor/Smarty/sysplugins/smarty_resource.php 第 315 行.
NOTIC: [8] Undefined index: title /Applications/MAMP/htdocs/inventory/Application/Runtime/Cache/Home/3c4c8d61199cdfdeca49d55070a407c2d4411dea.file.pageheader.html.php 第 33 行.
NOTIC: [8] Trying to get property of non-object /Applications/MAMP/htdocs/inventory/Application/Runtime/Cache/Home/3c4c8d61199cdfdeca49d55070a407c2d4411dea.file.pageheader.html.php 第 33 行.
INFO: Run Behavior\ParseTemplateBehavior [ RunTime:0.011926s ]
INFO: [ view_parse ] --END-- [ RunTime:0.011982s ]
INFO: [ view_filter ] --START--
INFO: Run Behavior\WriteHtmlCacheBehavior [ RunTime:0.000131s ]
INFO: [ view_filter ] --END-- [ RunTime:0.000175s ]
NOTIC: [2] Cannot modify header information - headers already sent by (output started at /Applications/MAMP/htdocs/inventory/Application/Home/Common/function.php:1) /Applications/MAMP/htdocs/inventory/ThinkPHP/Library/Think/View.class.php 第 91 行.
NOTIC: [2] Cannot modify header information - headers already sent by (output started at /Applications/MAMP/htdocs/inventory/Application/Home/Common/function.php:1) /Applications/MAMP/htdocs/inventory/ThinkPHP/Library/Think/View.class.php 第 92 行.
NOTIC: [2] Cannot modify header information - headers already sent by (output started at /Applications/MAMP/htdocs/inventory/Application/Home/Common/function.php:1) /Applications/MAMP/htdocs/inventory/ThinkPHP/Library/Think/View.class.php 第 93 行.
INFO: [ app_end ] --START--
INFO: Run Behavior\ShowPageTraceBehavior [ RunTime:0.000445s ]
INFO: [ app_end ] --END-- [ RunTime:0.000493s ]

[ 2016-07-07T21:32:42+08:00 ] 127.0.0.1 /index.php/Home/Goods/add
INFO: [ app_init ] --START--
INFO: Run Behavior\BuildLiteBehavior [ RunTime:0.000019s ]
INFO: [ app_init ] --END-- [ RunTime:0.000400s ]
INFO: [ app_begin ] --START--
INFO: Run Behavior\ReadHtmlCacheBehavior [ RunTime:0.000518s ]
INFO: [ app_begin ] --END-- [ RunTime:0.000585s ]
NOTIC: [2] session_start(): Cannot send session cookie - headers already sent by (output started at /Applications/MAMP/htdocs/inventory/Application/Home/Common/function.php:1) /Applications/MAMP/htdocs/inventory/ThinkPHP/Common/functions.php 第 1263 行.
NOTIC: [2] session_start(): Cannot send session cache limiter - headers already sent (output started at /Applications/MAMP/htdocs/inventory/Application/Home/Common/function.php:1) /Applications/MAMP/htdocs/inventory/ThinkPHP/Common/functions.php 第 1263 行.
SQL: SELECT * FROM im_navbar [ RunTime:0.0003s ]
INFO: [ view_parse ] --START--
NOTIC: [2] filemtime(): stat failed for ./Application/Home/View/Application/Home/View/Public/pageheader.html /Applications/MAMP/htdocs/inventory/ThinkPHP/Library/Vendor/Smarty/sysplugins/smarty_resource.php 第 315 行.
NOTIC: [2] filemtime(): stat failed for ./Application/Home/View/Application/Home/View/Public/modal.html /Applications/MAMP/htdocs/inventory/ThinkPHP/Library/Vendor/Smarty/sysplugins/smarty_resource.php 第 315 行.
INFO: Run Behavior\ParseTemplateBehavior [ RunTime:0.011763s ]
INFO: [ view_parse ] --END-- [ RunTime:0.011819s ]
INFO: [ view_filter ] --START--
INFO: Run Behavior\WriteHtmlCacheBehavior [ RunTime:0.000135s ]
INFO: [ view_filter ] --END-- [ RunTime:0.000186s ]
NOTIC: [2] Cannot modify header information - headers already sent by (output started at /Applications/MAMP/htdocs/inventory/Application/Home/Common/function.php:1) /Applications/MAMP/htdocs/inventory/ThinkPHP/Library/Think/View.class.php 第 91 行.
NOTIC: [2] Cannot modify header information - headers already sent by (output started at /Applications/MAMP/htdocs/inventory/Application/Home/Common/function.php:1) /Applications/MAMP/htdocs/inventory/ThinkPHP/Library/Think/View.class.php 第 92 行.
NOTIC: [2] Cannot modify header information - headers already sent by (output started at /Applications/MAMP/htdocs/inventory/Application/Home/Common/function.php:1) /Applications/MAMP/htdocs/inventory/ThinkPHP/Library/Think/View.class.php 第 93 行.
INFO: [ app_end ] --START--
INFO: Run Behavior\ShowPageTraceBehavior [ RunTime:0.000451s ]
INFO: [ app_end ] --END-- [ RunTime:0.000499s ]

[ 2016-07-07T21:32:43+08:00 ] 127.0.0.1 /index.php/Home/Goods
INFO: [ app_init ] --START--
INFO: Run Behavior\BuildLiteBehavior [ RunTime:0.000034s ]
INFO: [ app_init ] --END-- [ RunTime:0.000745s ]
INFO: [ app_begin ] --START--
INFO: Run Behavior\ReadHtmlCacheBehavior [ RunTime:0.000907s ]
INFO: [ app_begin ] --END-- [ RunTime:0.001059s ]
NOTIC: [2] session_start(): Cannot send session cookie - headers already sent by (output started at /Applications/MAMP/htdocs/inventory/Application/Home/Common/function.php:1) /Applications/MAMP/htdocs/inventory/ThinkPHP/Common/functions.php 第 1263 行.
NOTIC: [2] session_start(): Cannot send session cache limiter - headers already sent (output started at /Applications/MAMP/htdocs/inventory/Application/Home/Common/function.php:1) /Applications/MAMP/htdocs/inventory/ThinkPHP/Common/functions.php 第 1263 行.
SQL: SELECT * FROM im_navbar [ RunTime:0.0005s ]
ERR: 非法操作:index
NOTIC: [2] Cannot modify header information - headers already sent by (output started at /Applications/MAMP/htdocs/inventory/Application/Home/Common/function.php:1) /Applications/MAMP/htdocs/inventory/ThinkPHP/Library/Think/Think.class.php 第 229 行.
NOTIC: [2] Cannot modify header information - headers already sent by (output started at /Applications/MAMP/htdocs/inventory/Application/Home/Common/function.php:1) /Applications/MAMP/htdocs/inventory/ThinkPHP/Library/Think/Think.class.php 第 230 行.

[ 2016-07-07T21:32:49+08:00 ] 127.0.0.1 /index.php/Home/Goods/add
INFO: [ app_init ] --START--
INFO: Run Behavior\BuildLiteBehavior [ RunTime:0.000026s ]
INFO: [ app_init ] --END-- [ RunTime:0.000461s ]
INFO: [ app_begin ] --START--
INFO: Run Behavior\ReadHtmlCacheBehavior [ RunTime:0.000475s ]
INFO: [ app_begin ] --END-- [ RunTime:0.000545s ]
NOTIC: [2] session_start(): Cannot send session cookie - headers already sent by (output started at /Applications/MAMP/htdocs/inventory/Application/Home/Common/function.php:1) /Applications/MAMP/htdocs/inventory/ThinkPHP/Common/functions.php 第 1263 行.
NOTIC: [2] session_start(): Cannot send session cache limiter - headers already sent (output started at /Applications/MAMP/htdocs/inventory/Application/Home/Common/function.php:1) /Applications/MAMP/htdocs/inventory/ThinkPHP/Common/functions.php 第 1263 行.
SQL: SELECT * FROM im_navbar [ RunTime:0.0009s ]
INFO: [ view_parse ] --START--
NOTIC: [2] filemtime(): stat failed for ./Application/Home/View/Application/Home/View/Public/pageheader.html /Applications/MAMP/htdocs/inventory/ThinkPHP/Library/Vendor/Smarty/sysplugins/smarty_resource.php 第 315 行.
NOTIC: [2] filemtime(): stat failed for ./Application/Home/View/Application/Home/View/Public/modal.html /Applications/MAMP/htdocs/inventory/ThinkPHP/Library/Vendor/Smarty/sysplugins/smarty_resource.php 第 315 行.
INFO: Run Behavior\ParseTemplateBehavior [ RunTime:0.011766s ]
INFO: [ view_parse ] --END-- [ RunTime:0.011823s ]
INFO: [ view_filter ] --START--
INFO: Run Behavior\WriteHtmlCacheBehavior [ RunTime:0.000162s ]
INFO: [ view_filter ] --END-- [ RunTime:0.000205s ]
NOTIC: [2] Cannot modify header information - headers already sent by (output started at /Applications/MAMP/htdocs/inventory/Application/Home/Common/function.php:1) /Applications/MAMP/htdocs/inventory/ThinkPHP/Library/Think/View.class.php 第 91 行.
NOTIC: [2] Cannot modify header information - headers already sent by (output started at /Applications/MAMP/htdocs/inventory/Application/Home/Common/function.php:1) /Applications/MAMP/htdocs/inventory/ThinkPHP/Library/Think/View.class.php 第 92 行.
NOTIC: [2] Cannot modify header information - headers already sent by (output started at /Applications/MAMP/htdocs/inventory/Application/Home/Common/function.php:1) /Applications/MAMP/htdocs/inventory/ThinkPHP/Library/Think/View.class.php 第 93 行.
INFO: [ app_end ] --START--
INFO: Run Behavior\ShowPageTraceBehavior [ RunTime:0.000497s ]
INFO: [ app_end ] --END-- [ RunTime:0.000547s ]

[ 2016-07-07T21:32:50+08:00 ] 127.0.0.1 /index.php/Home/info
INFO: [ app_init ] --START--
INFO: Run Behavior\BuildLiteBehavior [ RunTime:0.000029s ]
INFO: [ app_init ] --END-- [ RunTime:0.000531s ]
INFO: [ app_begin ] --START--
INFO: Run Behavior\ReadHtmlCacheBehavior [ RunTime:0.000670s ]
INFO: [ app_begin ] --END-- [ RunTime:0.000755s ]
NOTIC: [2] session_start(): Cannot send session cookie - headers already sent by (output started at /Applications/MAMP/htdocs/inventory/Application/Home/Common/function.php:1) /Applications/MAMP/htdocs/inventory/ThinkPHP/Common/functions.php 第 1263 行.
NOTIC: [2] session_start(): Cannot send session cache limiter - headers already sent (output started at /Applications/MAMP/htdocs/inventory/Application/Home/Common/function.php:1) /Applications/MAMP/htdocs/inventory/ThinkPHP/Common/functions.php 第 1263 行.
ERR: 无法加载控制器:Info
NOTIC: [2] Cannot modify header information - headers already sent by (output started at /Applications/MAMP/htdocs/inventory/Application/Home/Common/function.php:1) /Applications/MAMP/htdocs/inventory/ThinkPHP/Library/Think/Think.class.php 第 229 行.
NOTIC: [2] Cannot modify header information - headers already sent by (output started at /Applications/MAMP/htdocs/inventory/Application/Home/Common/function.php:1) /Applications/MAMP/htdocs/inventory/ThinkPHP/Library/Think/Think.class.php 第 230 行.

[ 2016-07-07T21:32:53+08:00 ] 127.0.0.1 /index.php/Home/info
INFO: [ app_init ] --START--
INFO: Run Behavior\BuildLiteBehavior [ RunTime:0.000013s ]
INFO: [ app_init ] --END-- [ RunTime:0.000319s ]
INFO: [ app_begin ] --START--
INFO: Run Behavior\ReadHtmlCacheBehavior [ RunTime:0.000423s ]
INFO: [ app_begin ] --END-- [ RunTime:0.000477s ]
NOTIC: [2] session_start(): Cannot send session cookie - headers already sent by (output started at /Applications/MAMP/htdocs/inventory/Application/Home/Common/function.php:1) /Applications/MAMP/htdocs/inventory/ThinkPHP/Common/functions.php 第 1263 行.
NOTIC: [2] session_start(): Cannot send session cache limiter - headers already sent (output started at /Applications/MAMP/htdocs/inventory/Application/Home/Common/function.php:1) /Applications/MAMP/htdocs/inventory/ThinkPHP/Common/functions.php 第 1263 行.
ERR: 无法加载控制器:Info
NOTIC: [2] Cannot modify header information - headers already sent by (output started at /Applications/MAMP/htdocs/inventory/Application/Home/Common/function.php:1) /Applications/MAMP/htdocs/inventory/ThinkPHP/Library/Think/Think.class.php 第 229 行.
NOTIC: [2] Cannot modify header information - headers already sent by (output started at /Applications/MAMP/htdocs/inventory/Application/Home/Common/function.php:1) /Applications/MAMP/htdocs/inventory/ThinkPHP/Library/Think/Think.class.php 第 230 行.

[ 2016-07-07T21:32:53+08:00 ] 127.0.0.1 /index.php/Home/Goods/add
INFO: [ app_init ] --START--
INFO: Run Behavior\BuildLiteBehavior [ RunTime:0.000015s ]
INFO: [ app_init ] --END-- [ RunTime:0.000416s ]
INFO: [ app_begin ] --START--
INFO: Run Behavior\ReadHtmlCacheBehavior [ RunTime:0.000413s ]
INFO: [ app_begin ] --END-- [ RunTime:0.000470s ]
NOTIC: [2] session_start(): Cannot send session cookie - headers already sent by (output started at /Applications/MAMP/htdocs/inventory/Application/Home/Common/function.php:1) /Applications/MAMP/htdocs/inventory/ThinkPHP/Common/functions.php 第 1263 行.
NOTIC: [2] session_start(): Cannot send session cache limiter - headers already sent (output started at /Applications/MAMP/htdocs/inventory/Application/Home/Common/function.php:1) /Applications/MAMP/htdocs/inventory/ThinkPHP/Common/functions.php 第 1263 行.
SQL: SELECT * FROM im_navbar [ RunTime:0.0002s ]
INFO: [ view_parse ] --START--
NOTIC: [2] filemtime(): stat failed for ./Application/Home/View/Application/Home/View/Public/pageheader.html /Applications/MAMP/htdocs/inventory/ThinkPHP/Library/Vendor/Smarty/sysplugins/smarty_resource.php 第 315 行.
NOTIC: [2] filemtime(): stat failed for ./Application/Home/View/Application/Home/View/Public/modal.html /Applications/MAMP/htdocs/inventory/ThinkPHP/Library/Vendor/Smarty/sysplugins/smarty_resource.php 第 315 行.
INFO: Run Behavior\ParseTemplateBehavior [ RunTime:0.009540s ]
INFO: [ view_parse ] --END-- [ RunTime:0.009594s ]
INFO: [ view_filter ] --START--
INFO: Run Behavior\WriteHtmlCacheBehavior [ RunTime:0.000151s ]
INFO: [ view_filter ] --END-- [ RunTime:0.000205s ]
NOTIC: [2] Cannot modify header information - headers already sent by (output started at /Applications/MAMP/htdocs/inventory/Application/Home/Common/function.php:1) /Applications/MAMP/htdocs/inventory/ThinkPHP/Library/Think/View.class.php 第 91 行.
NOTIC: [2] Cannot modify header information - headers already sent by (output started at /Applications/MAMP/htdocs/inventory/Application/Home/Common/function.php:1) /Applications/MAMP/htdocs/inventory/ThinkPHP/Library/Think/View.class.php 第 92 行.
NOTIC: [2] Cannot modify header information - headers already sent by (output started at /Applications/MAMP/htdocs/inventory/Application/Home/Common/function.php:1) /Applications/MAMP/htdocs/inventory/ThinkPHP/Library/Think/View.class.php 第 93 行.
INFO: [ app_end ] --START--
INFO: Run Behavior\ShowPageTraceBehavior [ RunTime:0.000447s ]
INFO: [ app_end ] --END-- [ RunTime:0.000491s ]

[ 2016-07-07T21:32:55+08:00 ] 127.0.0.1 /index.php/Home/Goods/add
INFO: [ app_init ] --START--
INFO: Run Behavior\BuildLiteBehavior [ RunTime:0.000012s ]
INFO: [ app_init ] --END-- [ RunTime:0.000292s ]
INFO: [ app_begin ] --START--
INFO: Run Behavior\ReadHtmlCacheBehavior [ RunTime:0.000385s ]
INFO: [ app_begin ] --END-- [ RunTime:0.000437s ]
NOTIC: [2] session_start(): Cannot send session cookie - headers already sent by (output started at /Applications/MAMP/htdocs/inventory/Application/Home/Common/function.php:1) /Applications/MAMP/htdocs/inventory/ThinkPHP/Common/functions.php 第 1263 行.
NOTIC: [2] session_start(): Cannot send session cache limiter - headers already sent (output started at /Applications/MAMP/htdocs/inventory/Application/Home/Common/function.php:1) /Applications/MAMP/htdocs/inventory/ThinkPHP/Common/functions.php 第 1263 行.
SQL: SELECT * FROM im_navbar [ RunTime:0.0002s ]
INFO: [ view_parse ] --START--
NOTIC: [2] filemtime(): stat failed for ./Application/Home/View/Application/Home/View/Public/pageheader.html /Applications/MAMP/htdocs/inventory/ThinkPHP/Library/Vendor/Smarty/sysplugins/smarty_resource.php 第 315 行.
NOTIC: [2] filemtime(): stat failed for ./Application/Home/View/Application/Home/View/Public/modal.html /Applications/MAMP/htdocs/inventory/ThinkPHP/Library/Vendor/Smarty/sysplugins/smarty_resource.php 第 315 行.
INFO: Run Behavior\ParseTemplateBehavior [ RunTime:0.009342s ]
INFO: [ view_parse ] --END-- [ RunTime:0.009394s ]
INFO: [ view_filter ] --START--
INFO: Run Behavior\WriteHtmlCacheBehavior [ RunTime:0.000124s ]
INFO: [ view_filter ] --END-- [ RunTime:0.000166s ]
NOTIC: [2] Cannot modify header information - headers already sent by (output started at /Applications/MAMP/htdocs/inventory/Application/Home/Common/function.php:1) /Applications/MAMP/htdocs/inventory/ThinkPHP/Library/Think/View.class.php 第 91 行.
NOTIC: [2] Cannot modify header information - headers already sent by (output started at /Applications/MAMP/htdocs/inventory/Application/Home/Common/function.php:1) /Applications/MAMP/htdocs/inventory/ThinkPHP/Library/Think/View.class.php 第 92 行.
NOTIC: [2] Cannot modify header information - headers already sent by (output started at /Applications/MAMP/htdocs/inventory/Application/Home/Common/function.php:1) /Applications/MAMP/htdocs/inventory/ThinkPHP/Library/Think/View.class.php 第 93 行.
INFO: [ app_end ] --START--
INFO: Run Behavior\ShowPageTraceBehavior [ RunTime:0.000418s ]
INFO: [ app_end ] --END-- [ RunTime:0.000461s ]

[ 2016-07-07T21:32:56+08:00 ] 127.0.0.1 /index.php/Home/Goods
INFO: [ app_init ] --START--
INFO: Run Behavior\BuildLiteBehavior [ RunTime:0.000014s ]
INFO: [ app_init ] --END-- [ RunTime:0.000336s ]
INFO: [ app_begin ] --START--
INFO: Run Behavior\ReadHtmlCacheBehavior [ RunTime:0.000504s ]
INFO: [ app_begin ] --END-- [ RunTime:0.000566s ]
NOTIC: [2] session_start(): Cannot send session cookie - headers already sent by (output started at /Applications/MAMP/htdocs/inventory/Application/Home/Common/function.php:1) /Applications/MAMP/htdocs/inventory/ThinkPHP/Common/functions.php 第 1263 行.
NOTIC: [2] session_start(): Cannot send session cache limiter - headers already sent (output started at /Applications/MAMP/htdocs/inventory/Application/Home/Common/function.php:1) /Applications/MAMP/htdocs/inventory/ThinkPHP/Common/functions.php 第 1263 行.
SQL: SELECT * FROM im_navbar [ RunTime:0.0002s ]
ERR: 非法操作:index
NOTIC: [2] Cannot modify header information - headers already sent by (output started at /Applications/MAMP/htdocs/inventory/Application/Home/Common/function.php:1) /Applications/MAMP/htdocs/inventory/ThinkPHP/Library/Think/Think.class.php 第 229 行.
NOTIC: [2] Cannot modify header information - headers already sent by (output started at /Applications/MAMP/htdocs/inventory/Application/Home/Common/function.php:1) /Applications/MAMP/htdocs/inventory/ThinkPHP/Library/Think/Think.class.php 第 230 行.

[ 2016-07-07T21:32:57+08:00 ] 127.0.0.1 /index.php/Home/Goods/add
INFO: [ app_init ] --START--
INFO: Run Behavior\BuildLiteBehavior [ RunTime:0.000013s ]
INFO: [ app_init ] --END-- [ RunTime:0.000302s ]
INFO: [ app_begin ] --START--
INFO: Run Behavior\ReadHtmlCacheBehavior [ RunTime:0.000405s ]
INFO: [ app_begin ] --END-- [ RunTime:0.000455s ]
NOTIC: [2] session_start(): Cannot send session cookie - headers already sent by (output started at /Applications/MAMP/htdocs/inventory/Application/Home/Common/function.php:1) /Applications/MAMP/htdocs/inventory/ThinkPHP/Common/functions.php 第 1263 行.
NOTIC: [2] session_start(): Cannot send session cache limiter - headers already sent (output started at /Applications/MAMP/htdocs/inventory/Application/Home/Common/function.php:1) /Applications/MAMP/htdocs/inventory/ThinkPHP/Common/functions.php 第 1263 行.
SQL: SELECT * FROM im_navbar [ RunTime:0.0002s ]
INFO: [ view_parse ] --START--
NOTIC: [2] filemtime(): stat failed for ./Application/Home/View/Application/Home/View/Public/pageheader.html /Applications/MAMP/htdocs/inventory/ThinkPHP/Library/Vendor/Smarty/sysplugins/smarty_resource.php 第 315 行.
NOTIC: [2] filemtime(): stat failed for ./Application/Home/View/Application/Home/View/Public/modal.html /Applications/MAMP/htdocs/inventory/ThinkPHP/Library/Vendor/Smarty/sysplugins/smarty_resource.php 第 315 行.
INFO: Run Behavior\ParseTemplateBehavior [ RunTime:0.010032s ]
INFO: [ view_parse ] --END-- [ RunTime:0.010096s ]
INFO: [ view_filter ] --START--
INFO: Run Behavior\WriteHtmlCacheBehavior [ RunTime:0.000131s ]
INFO: [ view_filter ] --END-- [ RunTime:0.000175s ]
NOTIC: [2] Cannot modify header information - headers already sent by (output started at /Applications/MAMP/htdocs/inventory/Application/Home/Common/function.php:1) /Applications/MAMP/htdocs/inventory/ThinkPHP/Library/Think/View.class.php 第 91 行.
NOTIC: [2] Cannot modify header information - headers already sent by (output started at /Applications/MAMP/htdocs/inventory/Application/Home/Common/function.php:1) /Applications/MAMP/htdocs/inventory/ThinkPHP/Library/Think/View.class.php 第 92 行.
NOTIC: [2] Cannot modify header information - headers already sent by (output started at /Applications/MAMP/htdocs/inventory/Application/Home/Common/function.php:1) /Applications/MAMP/htdocs/inventory/ThinkPHP/Library/Think/View.class.php 第 93 行.
INFO: [ app_end ] --START--
INFO: Run Behavior\ShowPageTraceBehavior [ RunTime:0.000426s ]
INFO: [ app_end ] --END-- [ RunTime:0.000471s ]

[ 2016-07-07T21:32:58+08:00 ] 127.0.0.1 /index.php/Home/Goods
INFO: [ app_init ] --START--
INFO: Run Behavior\BuildLiteBehavior [ RunTime:0.000013s ]
INFO: [ app_init ] --END-- [ RunTime:0.000302s ]
INFO: [ app_begin ] --START--
INFO: Run Behavior\ReadHtmlCacheBehavior [ RunTime:0.000443s ]
INFO: [ app_begin ] --END-- [ RunTime:0.000494s ]
NOTIC: [2] session_start(): Cannot send session cookie - headers already sent by (output started at /Applications/MAMP/htdocs/inventory/Application/Home/Common/function.php:1) /Applications/MAMP/htdocs/inventory/ThinkPHP/Common/functions.php 第 1263 行.
NOTIC: [2] session_start(): Cannot send session cache limiter - headers already sent (output started at /Applications/MAMP/htdocs/inventory/Application/Home/Common/function.php:1) /Applications/MAMP/htdocs/inventory/ThinkPHP/Common/functions.php 第 1263 行.
SQL: SELECT * FROM im_navbar [ RunTime:0.0002s ]
ERR: 非法操作:index
NOTIC: [2] Cannot modify header information - headers already sent by (output started at /Applications/MAMP/htdocs/inventory/Application/Home/Common/function.php:1) /Applications/MAMP/htdocs/inventory/ThinkPHP/Library/Think/Think.class.php 第 229 行.
NOTIC: [2] Cannot modify header information - headers already sent by (output started at /Applications/MAMP/htdocs/inventory/Application/Home/Common/function.php:1) /Applications/MAMP/htdocs/inventory/ThinkPHP/Library/Think/Think.class.php 第 230 行.

[ 2016-07-07T21:32:58+08:00 ] 127.0.0.1 /index.php/Home/Goods
INFO: [ app_init ] --START--
INFO: Run Behavior\BuildLiteBehavior [ RunTime:0.000029s ]
INFO: [ app_init ] --END-- [ RunTime:0.000498s ]
INFO: [ app_begin ] --START--
INFO: Run Behavior\ReadHtmlCacheBehavior [ RunTime:0.000558s ]
INFO: [ app_begin ] --END-- [ RunTime:0.000645s ]
NOTIC: [2] session_start(): Cannot send session cookie - headers already sent by (output started at /Applications/MAMP/htdocs/inventory/Application/Home/Common/function.php:1) /Applications/MAMP/htdocs/inventory/ThinkPHP/Common/functions.php 第 1263 行.
NOTIC: [2] session_start(): Cannot send session cache limiter - headers already sent (output started at /Applications/MAMP/htdocs/inventory/Application/Home/Common/function.php:1) /Applications/MAMP/htdocs/inventory/ThinkPHP/Common/functions.php 第 1263 行.
SQL: SELECT * FROM im_navbar [ RunTime:0.0002s ]
ERR: 非法操作:index
NOTIC: [2] Cannot modify header information - headers already sent by (output started at /Applications/MAMP/htdocs/inventory/Application/Home/Common/function.php:1) /Applications/MAMP/htdocs/inventory/ThinkPHP/Library/Think/Think.class.php 第 229 行.
NOTIC: [2] Cannot modify header information - headers already sent by (output started at /Applications/MAMP/htdocs/inventory/Application/Home/Common/function.php:1) /Applications/MAMP/htdocs/inventory/ThinkPHP/Library/Think/Think.class.php 第 230 行.

[ 2016-07-07T21:33:01+08:00 ] 127.0.0.1 /index.php/Home/Goods/add
INFO: [ app_init ] --START--
INFO: Run Behavior\BuildLiteBehavior [ RunTime:0.000014s ]
INFO: [ app_init ] --END-- [ RunTime:0.000412s ]
INFO: [ app_begin ] --START--
INFO: Run Behavior\ReadHtmlCacheBehavior [ RunTime:0.000385s ]
INFO: [ app_begin ] --END-- [ RunTime:0.000436s ]
NOTIC: [2] session_start(): Cannot send session cookie - headers already sent by (output started at /Applications/MAMP/htdocs/inventory/Application/Home/Common/function.php:1) /Applications/MAMP/htdocs/inventory/ThinkPHP/Common/functions.php 第 1263 行.
NOTIC: [2] session_start(): Cannot send session cache limiter - headers already sent (output started at /Applications/MAMP/htdocs/inventory/Application/Home/Common/function.php:1) /Applications/MAMP/htdocs/inventory/ThinkPHP/Common/functions.php 第 1263 行.
SQL: SELECT * FROM im_navbar [ RunTime:0.0002s ]
INFO: [ view_parse ] --START--
NOTIC: [2] filemtime(): stat failed for ./Application/Home/View/Application/Home/View/Public/pageheader.html /Applications/MAMP/htdocs/inventory/ThinkPHP/Library/Vendor/Smarty/sysplugins/smarty_resource.php 第 315 行.
NOTIC: [2] filemtime(): stat failed for ./Application/Home/View/Application/Home/View/Public/modal.html /Applications/MAMP/htdocs/inventory/ThinkPHP/Library/Vendor/Smarty/sysplugins/smarty_resource.php 第 315 行.
INFO: Run Behavior\ParseTemplateBehavior [ RunTime:0.009035s ]
INFO: [ view_parse ] --END-- [ RunTime:0.009088s ]
INFO: [ view_filter ] --START--
INFO: Run Behavior\WriteHtmlCacheBehavior [ RunTime:0.000124s ]
INFO: [ view_filter ] --END-- [ RunTime:0.000165s ]
NOTIC: [2] Cannot modify header information - headers already sent by (output started at /Applications/MAMP/htdocs/inventory/Application/Home/Common/function.php:1) /Applications/MAMP/htdocs/inventory/ThinkPHP/Library/Think/View.class.php 第 91 行.
NOTIC: [2] Cannot modify header information - headers already sent by (output started at /Applications/MAMP/htdocs/inventory/Application/Home/Common/function.php:1) /Applications/MAMP/htdocs/inventory/ThinkPHP/Library/Think/View.class.php 第 92 行.
NOTIC: [2] Cannot modify header information - headers already sent by (output started at /Applications/MAMP/htdocs/inventory/Application/Home/Common/function.php:1) /Applications/MAMP/htdocs/inventory/ThinkPHP/Library/Think/View.class.php 第 93 行.
INFO: [ app_end ] --START--
INFO: Run Behavior\ShowPageTraceBehavior [ RunTime:0.000405s ]
INFO: [ app_end ] --END-- [ RunTime:0.000454s ]

[ 2016-07-07T21:33:02+08:00 ] 127.0.0.1 /index.php/Home/Goods/list
INFO: [ app_init ] --START--
INFO: Run Behavior\BuildLiteBehavior [ RunTime:0.000015s ]
INFO: [ app_init ] --END-- [ RunTime:0.000335s ]
INFO: [ app_begin ] --START--
INFO: Run Behavior\ReadHtmlCacheBehavior [ RunTime:0.000393s ]
INFO: [ app_begin ] --END-- [ RunTime:0.000443s ]
NOTIC: [2] session_start(): Cannot send session cookie - headers already sent by (output started at /Applications/MAMP/htdocs/inventory/Application/Home/Common/function.php:1) /Applications/MAMP/htdocs/inventory/ThinkPHP/Common/functions.php 第 1263 行.
NOTIC: [2] session_start(): Cannot send session cache limiter - headers already sent (output started at /Applications/MAMP/htdocs/inventory/Application/Home/Common/function.php:1) /Applications/MAMP/htdocs/inventory/ThinkPHP/Common/functions.php 第 1263 行.
SQL: SELECT * FROM im_navbar [ RunTime:0.0002s ]
INFO: [ view_parse ] --START--
NOTIC: [2] filemtime(): stat failed for ./Application/Home/View/Application/Home/View/Public/pageheader.html /Applications/MAMP/htdocs/inventory/ThinkPHP/Library/Vendor/Smarty/sysplugins/smarty_resource.php 第 315 行.
NOTIC: [8] Undefined index: title /Applications/MAMP/htdocs/inventory/Application/Runtime/Cache/Home/3c4c8d61199cdfdeca49d55070a407c2d4411dea.file.pageheader.html.php 第 33 行.
NOTIC: [8] Trying to get property of non-object /Applications/MAMP/htdocs/inventory/Application/Runtime/Cache/Home/3c4c8d61199cdfdeca49d55070a407c2d4411dea.file.pageheader.html.php 第 33 行.
INFO: Run Behavior\ParseTemplateBehavior [ RunTime:0.009377s ]
INFO: [ view_parse ] --END-- [ RunTime:0.009430s ]
INFO: [ view_filter ] --START--
INFO: Run Behavior\WriteHtmlCacheBehavior [ RunTime:0.000136s ]
INFO: [ view_filter ] --END-- [ RunTime:0.000182s ]
NOTIC: [2] Cannot modify header information - headers already sent by (output started at /Applications/MAMP/htdocs/inventory/Application/Home/Common/function.php:1) /Applications/MAMP/htdocs/inventory/ThinkPHP/Library/Think/View.class.php 第 91 行.
NOTIC: [2] Cannot modify header information - headers already sent by (output started at /Applications/MAMP/htdocs/inventory/Application/Home/Common/function.php:1) /Applications/MAMP/htdocs/inventory/ThinkPHP/Library/Think/View.class.php 第 92 行.
NOTIC: [2] Cannot modify header information - headers already sent by (output started at /Applications/MAMP/htdocs/inventory/Application/Home/Common/function.php:1) /Applications/MAMP/htdocs/inventory/ThinkPHP/Library/Think/View.class.php 第 93 行.
INFO: [ app_end ] --START--
INFO: Run Behavior\ShowPageTraceBehavior [ RunTime:0.000478s ]
INFO: [ app_end ] --END-- [ RunTime:0.000528s ]

[ 2016-07-07T21:33:02+08:00 ] 127.0.0.1 /index.php/Home/Goods/list
INFO: [ app_init ] --START--
INFO: Run Behavior\BuildLiteBehavior [ RunTime:0.000014s ]
INFO: [ app_init ] --END-- [ RunTime:0.000296s ]
INFO: [ app_begin ] --START--
INFO: Run Behavior\ReadHtmlCacheBehavior [ RunTime:0.000391s ]
INFO: [ app_begin ] --END-- [ RunTime:0.000445s ]
NOTIC: [2] session_start(): Cannot send session cookie - headers already sent by (output started at /Applications/MAMP/htdocs/inventory/Application/Home/Common/function.php:1) /Applications/MAMP/htdocs/inventory/ThinkPHP/Common/functions.php 第 1263 行.
NOTIC: [2] session_start(): Cannot send session cache limiter - headers already sent (output started at /Applications/MAMP/htdocs/inventory/Application/Home/Common/function.php:1) /Applications/MAMP/htdocs/inventory/ThinkPHP/Common/functions.php 第 1263 行.
SQL: SELECT * FROM im_navbar [ RunTime:0.0003s ]
INFO: [ view_parse ] --START--
NOTIC: [2] filemtime(): stat failed for ./Application/Home/View/Application/Home/View/Public/pageheader.html /Applications/MAMP/htdocs/inventory/ThinkPHP/Library/Vendor/Smarty/sysplugins/smarty_resource.php 第 315 行.
NOTIC: [8] Undefined index: title /Applications/MAMP/htdocs/inventory/Application/Runtime/Cache/Home/3c4c8d61199cdfdeca49d55070a407c2d4411dea.file.pageheader.html.php 第 33 行.
NOTIC: [8] Trying to get property of non-object /Applications/MAMP/htdocs/inventory/Application/Runtime/Cache/Home/3c4c8d61199cdfdeca49d55070a407c2d4411dea.file.pageheader.html.php 第 33 行.
INFO: Run Behavior\ParseTemplateBehavior [ RunTime:0.014374s ]
INFO: [ view_parse ] --END-- [ RunTime:0.014426s ]
INFO: [ view_filter ] --START--
INFO: Run Behavior\WriteHtmlCacheBehavior [ RunTime:0.000137s ]
INFO: [ view_filter ] --END-- [ RunTime:0.000179s ]
NOTIC: [2] Cannot modify header information - headers already sent by (output started at /Applications/MAMP/htdocs/inventory/Application/Home/Common/function.php:1) /Applications/MAMP/htdocs/inventory/ThinkPHP/Library/Think/View.class.php 第 91 行.
NOTIC: [2] Cannot modify header information - headers already sent by (output started at /Applications/MAMP/htdocs/inventory/Application/Home/Common/function.php:1) /Applications/MAMP/htdocs/inventory/ThinkPHP/Library/Think/View.class.php 第 92 行.
NOTIC: [2] Cannot modify header information - headers already sent by (output started at /Applications/MAMP/htdocs/inventory/Application/Home/Common/function.php:1) /Applications/MAMP/htdocs/inventory/ThinkPHP/Library/Think/View.class.php 第 93 行.
INFO: [ app_end ] --START--
INFO: Run Behavior\ShowPageTraceBehavior [ RunTime:0.000476s ]
INFO: [ app_end ] --END-- [ RunTime:0.000519s ]

[ 2016-07-07T21:33:05+08:00 ] 127.0.0.1 /index.php/Home/Goods/add
INFO: [ app_init ] --START--
INFO: Run Behavior\BuildLiteBehavior [ RunTime:0.000013s ]
INFO: [ app_init ] --END-- [ RunTime:0.000298s ]
INFO: [ app_begin ] --START--
INFO: Run Behavior\ReadHtmlCacheBehavior [ RunTime:0.000387s ]
INFO: [ app_begin ] --END-- [ RunTime:0.000440s ]
NOTIC: [2] session_start(): Cannot send session cookie - headers already sent by (output started at /Applications/MAMP/htdocs/inventory/Application/Home/Common/function.php:1) /Applications/MAMP/htdocs/inventory/ThinkPHP/Common/functions.php 第 1263 行.
NOTIC: [2] session_start(): Cannot send session cache limiter - headers already sent (output started at /Applications/MAMP/htdocs/inventory/Application/Home/Common/function.php:1) /Applications/MAMP/htdocs/inventory/ThinkPHP/Common/functions.php 第 1263 行.
SQL: SELECT * FROM im_navbar [ RunTime:0.0002s ]
INFO: [ view_parse ] --START--
NOTIC: [2] filemtime(): stat failed for ./Application/Home/View/Application/Home/View/Public/pageheader.html /Applications/MAMP/htdocs/inventory/ThinkPHP/Library/Vendor/Smarty/sysplugins/smarty_resource.php 第 315 行.
NOTIC: [2] filemtime(): stat failed for ./Application/Home/View/Application/Home/View/Public/modal.html /Applications/MAMP/htdocs/inventory/ThinkPHP/Library/Vendor/Smarty/sysplugins/smarty_resource.php 第 315 行.
INFO: Run Behavior\ParseTemplateBehavior [ RunTime:0.009443s ]
INFO: [ view_parse ] --END-- [ RunTime:0.009524s ]
INFO: [ view_filter ] --START--
INFO: Run Behavior\WriteHtmlCacheBehavior [ RunTime:0.000253s ]
INFO: [ view_filter ] --END-- [ RunTime:0.000334s ]
NOTIC: [2] Cannot modify header information - headers already sent by (output started at /Applications/MAMP/htdocs/inventory/Application/Home/Common/function.php:1) /Applications/MAMP/htdocs/inventory/ThinkPHP/Library/Think/View.class.php 第 91 行.
NOTIC: [2] Cannot modify header information - headers already sent by (output started at /Applications/MAMP/htdocs/inventory/Application/Home/Common/function.php:1) /Applications/MAMP/htdocs/inventory/ThinkPHP/Library/Think/View.class.php 第 92 行.
NOTIC: [2] Cannot modify header information - headers already sent by (output started at /Applications/MAMP/htdocs/inventory/Application/Home/Common/function.php:1) /Applications/MAMP/htdocs/inventory/ThinkPHP/Library/Think/View.class.php 第 93 行.
INFO: [ app_end ] --START--
INFO: Run Behavior\ShowPageTraceBehavior [ RunTime:0.000636s ]
INFO: [ app_end ] --END-- [ RunTime:0.000704s ]

[ 2016-07-07T21:33:06+08:00 ] 127.0.0.1 /index.php/Home/Goods/info
INFO: [ app_init ] --START--
INFO: Run Behavior\BuildLiteBehavior [ RunTime:0.000013s ]
INFO: [ app_init ] --END-- [ RunTime:0.000292s ]
INFO: [ app_begin ] --START--
INFO: Run Behavior\ReadHtmlCacheBehavior [ RunTime:0.000416s ]
INFO: [ app_begin ] --END-- [ RunTime:0.000471s ]
NOTIC: [2] session_start(): Cannot send session cookie - headers already sent by (output started at /Applications/MAMP/htdocs/inventory/Application/Home/Common/function.php:1) /Applications/MAMP/htdocs/inventory/ThinkPHP/Common/functions.php 第 1263 行.
NOTIC: [2] session_start(): Cannot send session cache limiter - headers already sent (output started at /Applications/MAMP/htdocs/inventory/Application/Home/Common/function.php:1) /Applications/MAMP/htdocs/inventory/ThinkPHP/Common/functions.php 第 1263 行.
SQL: SELECT * FROM im_navbar [ RunTime:0.0003s ]
INFO: [ view_parse ] --START--
NOTIC: [2] filemtime(): stat failed for ./Application/Home/View/Application/Home/View/Public/pageheader.html /Applications/MAMP/htdocs/inventory/ThinkPHP/Library/Vendor/Smarty/sysplugins/smarty_resource.php 第 315 行.
NOTIC: [8] Undefined index: title /Applications/MAMP/htdocs/inventory/Application/Runtime/Cache/Home/3c4c8d61199cdfdeca49d55070a407c2d4411dea.file.pageheader.html.php 第 33 行.
NOTIC: [8] Trying to get property of non-object /Applications/MAMP/htdocs/inventory/Application/Runtime/Cache/Home/3c4c8d61199cdfdeca49d55070a407c2d4411dea.file.pageheader.html.php 第 33 行.
INFO: Run Behavior\ParseTemplateBehavior [ RunTime:0.010574s ]
INFO: [ view_parse ] --END-- [ RunTime:0.010653s ]
INFO: [ view_filter ] --START--
INFO: Run Behavior\WriteHtmlCacheBehavior [ RunTime:0.000141s ]
INFO: [ view_filter ] --END-- [ RunTime:0.000188s ]
NOTIC: [2] Cannot modify header information - headers already sent by (output started at /Applications/MAMP/htdocs/inventory/Application/Home/Common/function.php:1) /Applications/MAMP/htdocs/inventory/ThinkPHP/Library/Think/View.class.php 第 91 行.
NOTIC: [2] Cannot modify header information - headers already sent by (output started at /Applications/MAMP/htdocs/inventory/Application/Home/Common/function.php:1) /Applications/MAMP/htdocs/inventory/ThinkPHP/Library/Think/View.class.php 第 92 行.
NOTIC: [2] Cannot modify header information - headers already sent by (output started at /Applications/MAMP/htdocs/inventory/Application/Home/Common/function.php:1) /Applications/MAMP/htdocs/inventory/ThinkPHP/Library/Think/View.class.php 第 93 行.
INFO: [ app_end ] --START--
INFO: Run Behavior\ShowPageTraceBehavior [ RunTime:0.000430s ]
INFO: [ app_end ] --END-- [ RunTime:0.000477s ]

[ 2016-07-07T21:33:06+08:00 ] 127.0.0.1 /index.php/Home/Goods/info
INFO: [ app_init ] --START--
INFO: Run Behavior\BuildLiteBehavior [ RunTime:0.000014s ]
INFO: [ app_init ] --END-- [ RunTime:0.000330s ]
INFO: [ app_begin ] --START--
INFO: Run Behavior\ReadHtmlCacheBehavior [ RunTime:0.000482s ]
INFO: [ app_begin ] --END-- [ RunTime:0.000549s ]
NOTIC: [2] session_start(): Cannot send session cookie - headers already sent by (output started at /Applications/MAMP/htdocs/inventory/Application/Home/Common/function.php:1) /Applications/MAMP/htdocs/inventory/ThinkPHP/Common/functions.php 第 1263 行.
NOTIC: [2] session_start(): Cannot send session cache limiter - headers already sent (output started at /Applications/MAMP/htdocs/inventory/Application/Home/Common/function.php:1) /Applications/MAMP/htdocs/inventory/ThinkPHP/Common/functions.php 第 1263 行.
SQL: SELECT * FROM im_navbar [ RunTime:0.0002s ]
INFO: [ view_parse ] --START--
NOTIC: [2] filemtime(): stat failed for ./Application/Home/View/Application/Home/View/Public/pageheader.html /Applications/MAMP/htdocs/inventory/ThinkPHP/Library/Vendor/Smarty/sysplugins/smarty_resource.php 第 315 行.
NOTIC: [8] Undefined index: title /Applications/MAMP/htdocs/inventory/Application/Runtime/Cache/Home/3c4c8d61199cdfdeca49d55070a407c2d4411dea.file.pageheader.html.php 第 33 行.
NOTIC: [8] Trying to get property of non-object /Applications/MAMP/htdocs/inventory/Application/Runtime/Cache/Home/3c4c8d61199cdfdeca49d55070a407c2d4411dea.file.pageheader.html.php 第 33 行.
INFO: Run Behavior\ParseTemplateBehavior [ RunTime:0.011647s ]
INFO: [ view_parse ] --END-- [ RunTime:0.011699s ]
INFO: [ view_filter ] --START--
INFO: Run Behavior\WriteHtmlCacheBehavior [ RunTime:0.000127s ]
INFO: [ view_filter ] --END-- [ RunTime:0.000168s ]
NOTIC: [2] Cannot modify header information - headers already sent by (output started at /Applications/MAMP/htdocs/inventory/Application/Home/Common/function.php:1) /Applications/MAMP/htdocs/inventory/ThinkPHP/Library/Think/View.class.php 第 91 行.
NOTIC: [2] Cannot modify header information - headers already sent by (output started at /Applications/MAMP/htdocs/inventory/Application/Home/Common/function.php:1) /Applications/MAMP/htdocs/inventory/ThinkPHP/Library/Think/View.class.php 第 92 行.
NOTIC: [2] Cannot modify header information - headers already sent by (output started at /Applications/MAMP/htdocs/inventory/Application/Home/Common/function.php:1) /Applications/MAMP/htdocs/inventory/ThinkPHP/Library/Think/View.class.php 第 93 行.
INFO: [ app_end ] --START--
INFO: Run Behavior\ShowPageTraceBehavior [ RunTime:0.000493s ]
INFO: [ app_end ] --END-- [ RunTime:0.000547s ]

