[ 2016-07-25T20:18:21+08:00 ] ::1 /index.php/Home/Inventory/inventory/goods_id/2
INFO: [ app_init ] --START--
INFO: Run Behavior\BuildLiteBehavior [ RunTime:0.000000s ]
INFO: [ app_init ] --END-- [ RunTime:0.046800s ]
INFO: [ app_begin ] --START--
INFO: Run Behavior\ReadHtmlCacheBehavior [ RunTime:0.015600s ]
INFO: [ app_begin ] --END-- [ RunTime:0.015600s ]
SQL: SELECT * FROM im_navbar [ RunTime:0.0312s ]
SQL: SHOW COLUMNS FROM `im_inventory` [ RunTime:0.0156s ]
SQL: SHOW COLUMNS FROM `im_goods` [ RunTime:0.0156s ]
SQL: SELECT * FROM `im_goods` WHERE (  1=1 AND id = '2'  )  [ RunTime:0.0000s ]
SQL: SHOW COLUMNS FROM `im_inventory` [ RunTime:0.0000s ]
SQL: SELECT * FROM `im_inventory` WHERE (  1=1 AND goods_id in (2)  )  [ RunTime:0.0156s ]
INFO: [ view_parse ] --START--
NOTIC: [2] filemtime(): stat failed for ./Application/Home/View\Application\Home\View\Public\pageheader.html F:\codetool\wamp64\www\inventory\ThinkPHP\Library\Vendor\Smarty\sysplugins\smarty_resource.php 第 315 行.
INFO: Run Behavior\ParseTemplateBehavior [ RunTime:0.686401s ]
INFO: [ view_parse ] --END-- [ RunTime:0.686401s ]
INFO: [ view_filter ] --START--
INFO: Run Behavior\WriteHtmlCacheBehavior [ RunTime:0.000000s ]
INFO: [ view_filter ] --END-- [ RunTime:0.000000s ]
INFO: [ app_end ] --START--
INFO: Run Behavior\ShowPageTraceBehavior [ RunTime:0.031200s ]
INFO: [ app_end ] --END-- [ RunTime:0.031200s ]

[ 2016-07-25T20:18:22+08:00 ] ::1 /index.php/Home/inventory/allStyle
INFO: [ app_init ] --START--
INFO: Run Behavior\BuildLiteBehavior [ RunTime:0.000000s ]
INFO: [ app_init ] --END-- [ RunTime:0.000000s ]
INFO: [ app_begin ] --START--
INFO: Run Behavior\ReadHtmlCacheBehavior [ RunTime:0.000000s ]
INFO: [ app_begin ] --END-- [ RunTime:0.000000s ]
SQL: SELECT * FROM im_navbar [ RunTime:0.0000s ]
SQL: SHOW COLUMNS FROM `im_inventory` [ RunTime:0.0156s ]
SQL: SHOW COLUMNS FROM `im_inventory` [ RunTime:0.0000s ]
SQL: SELECT `id`,`style` FROM `im_inventory` WHERE (  1=1 AND goods_id in (2)  )  [ RunTime:0.0000s ]

[ 2016-07-25T21:11:48+08:00 ] ::1 /index.php/Home/Inventory/inventory/goods_id/2
INFO: [ app_init ] --START--
INFO: Run Behavior\BuildLiteBehavior [ RunTime:0.000000s ]
INFO: [ app_init ] --END-- [ RunTime:0.001000s ]
INFO: [ app_begin ] --START--
INFO: Run Behavior\ReadHtmlCacheBehavior [ RunTime:0.001000s ]
INFO: [ app_begin ] --END-- [ RunTime:0.002000s ]
SQL: SELECT * FROM im_navbar [ RunTime:0.0040s ]
SQL: SHOW COLUMNS FROM `im_inventory` [ RunTime:0.0050s ]
SQL: SHOW COLUMNS FROM `im_goods` [ RunTime:0.0080s ]
SQL: SELECT * FROM `im_goods` WHERE (  1=1 AND id = '2'  )  [ RunTime:0.0050s ]
SQL: SHOW COLUMNS FROM `im_inventory` [ RunTime:0.0040s ]
SQL: SELECT * FROM `im_inventory` WHERE (  1=1 AND goods_id in (2)  )  [ RunTime:0.0030s ]
INFO: [ view_parse ] --START--
NOTIC: [2] filemtime(): stat failed for ./Application/Home/View\Application\Home\View\Public\pageheader.html F:\codetool\wamp64\www\inventory\ThinkPHP\Library\Vendor\Smarty\sysplugins\smarty_resource.php 第 315 行.
INFO: Run Behavior\ParseTemplateBehavior [ RunTime:0.472027s ]
INFO: [ view_parse ] --END-- [ RunTime:0.472027s ]
INFO: [ view_filter ] --START--
INFO: Run Behavior\WriteHtmlCacheBehavior [ RunTime:0.001000s ]
INFO: [ view_filter ] --END-- [ RunTime:0.001000s ]
INFO: [ app_end ] --START--
INFO: Run Behavior\ShowPageTraceBehavior [ RunTime:0.002000s ]
INFO: [ app_end ] --END-- [ RunTime:0.002000s ]

[ 2016-07-25T21:11:49+08:00 ] ::1 /index.php/Home/inventory/allStyle
INFO: [ app_init ] --START--
INFO: Run Behavior\BuildLiteBehavior [ RunTime:0.000000s ]
INFO: [ app_init ] --END-- [ RunTime:0.001000s ]
INFO: [ app_begin ] --START--
INFO: Run Behavior\ReadHtmlCacheBehavior [ RunTime:0.002000s ]
INFO: [ app_begin ] --END-- [ RunTime:0.002000s ]
SQL: SELECT * FROM im_navbar [ RunTime:0.0050s ]
SQL: SHOW COLUMNS FROM `im_inventory` [ RunTime:0.0050s ]
SQL: SHOW COLUMNS FROM `im_inventory` [ RunTime:0.0040s ]
SQL: SELECT `id`,`style` FROM `im_inventory` WHERE (  1=1 AND goods_id in (2)  )  [ RunTime:0.0030s ]

[ 2016-07-25T21:13:10+08:00 ] ::1 /index.php/Home/Inventory/inventory/goods_id/2
INFO: [ app_init ] --START--
INFO: Run Behavior\BuildLiteBehavior [ RunTime:0.000000s ]
INFO: [ app_init ] --END-- [ RunTime:0.001000s ]
INFO: [ app_begin ] --START--
INFO: Run Behavior\ReadHtmlCacheBehavior [ RunTime:0.001000s ]
INFO: [ app_begin ] --END-- [ RunTime:0.001000s ]
SQL: SELECT * FROM im_navbar [ RunTime:0.0060s ]
SQL: SHOW COLUMNS FROM `im_inventory` [ RunTime:0.0070s ]
SQL: SHOW COLUMNS FROM `im_goods` [ RunTime:0.0060s ]
SQL: SELECT * FROM `im_goods` WHERE (  1=1 AND id = '2'  )  [ RunTime:0.0060s ]
SQL: SHOW COLUMNS FROM `im_inventory` [ RunTime:0.0110s ]
SQL: SELECT * FROM `im_inventory` WHERE (  1=1 AND goods_id in (2)  )  [ RunTime:0.0080s ]
INFO: [ view_parse ] --START--
NOTIC: [2] filemtime(): stat failed for ./Application/Home/View\Application\Home\View\Public\pageheader.html F:\codetool\wamp64\www\inventory\ThinkPHP\Library\Vendor\Smarty\sysplugins\smarty_resource.php 第 315 行.
INFO: Run Behavior\ParseTemplateBehavior [ RunTime:0.298017s ]
INFO: [ view_parse ] --END-- [ RunTime:0.298017s ]
INFO: [ view_filter ] --START--
INFO: Run Behavior\WriteHtmlCacheBehavior [ RunTime:0.001000s ]
INFO: [ view_filter ] --END-- [ RunTime:0.001000s ]
INFO: [ app_end ] --START--
INFO: Run Behavior\ShowPageTraceBehavior [ RunTime:0.002000s ]
INFO: [ app_end ] --END-- [ RunTime:0.002000s ]

[ 2016-07-25T21:13:11+08:00 ] ::1 /index.php/Home/inventory/allStyle
INFO: [ app_init ] --START--
INFO: Run Behavior\BuildLiteBehavior [ RunTime:0.000000s ]
INFO: [ app_init ] --END-- [ RunTime:0.001000s ]
INFO: [ app_begin ] --START--
INFO: Run Behavior\ReadHtmlCacheBehavior [ RunTime:0.001000s ]
INFO: [ app_begin ] --END-- [ RunTime:0.002000s ]
SQL: SELECT * FROM im_navbar [ RunTime:0.0030s ]
SQL: SHOW COLUMNS FROM `im_inventory` [ RunTime:0.0060s ]
SQL: SHOW COLUMNS FROM `im_inventory` [ RunTime:0.0040s ]
SQL: SELECT `id`,`style` FROM `im_inventory` WHERE (  1=1 AND goods_id in (2)  )  [ RunTime:0.0030s ]

[ 2016-07-25T21:14:22+08:00 ] ::1 /index.php/Home/Inventory/inventory/goods_id/2
INFO: [ app_init ] --START--
INFO: Run Behavior\BuildLiteBehavior [ RunTime:0.000000s ]
INFO: [ app_init ] --END-- [ RunTime:0.000000s ]
INFO: [ app_begin ] --START--
INFO: Run Behavior\ReadHtmlCacheBehavior [ RunTime:0.001000s ]
INFO: [ app_begin ] --END-- [ RunTime:0.001000s ]
SQL: SELECT * FROM im_navbar [ RunTime:0.0030s ]
SQL: SHOW COLUMNS FROM `im_inventory` [ RunTime:0.0090s ]
SQL: SHOW COLUMNS FROM `im_goods` [ RunTime:0.0040s ]
SQL: SELECT * FROM `im_goods` WHERE (  1=1 AND id = '2'  )  [ RunTime:0.0030s ]
SQL: SHOW COLUMNS FROM `im_inventory` [ RunTime:0.0040s ]
SQL: SELECT * FROM `im_inventory` WHERE (  1=1 AND goods_id in (2)  )  [ RunTime:0.0040s ]
INFO: [ view_parse ] --START--
NOTIC: [2] filemtime(): stat failed for ./Application/Home/View\Application\Home\View\Public\pageheader.html F:\codetool\wamp64\www\inventory\ThinkPHP\Library\Vendor\Smarty\sysplugins\smarty_resource.php 第 315 行.
INFO: Run Behavior\ParseTemplateBehavior [ RunTime:0.296017s ]
INFO: [ view_parse ] --END-- [ RunTime:0.297017s ]
INFO: [ view_filter ] --START--
INFO: Run Behavior\WriteHtmlCacheBehavior [ RunTime:0.001000s ]
INFO: [ view_filter ] --END-- [ RunTime:0.001000s ]
INFO: [ app_end ] --START--
INFO: Run Behavior\ShowPageTraceBehavior [ RunTime:0.001000s ]
INFO: [ app_end ] --END-- [ RunTime:0.001000s ]

[ 2016-07-25T21:14:23+08:00 ] ::1 /index.php/Home/inventory/allStyle
INFO: [ app_init ] --START--
INFO: Run Behavior\BuildLiteBehavior [ RunTime:0.000000s ]
INFO: [ app_init ] --END-- [ RunTime:0.001000s ]
INFO: [ app_begin ] --START--
INFO: Run Behavior\ReadHtmlCacheBehavior [ RunTime:0.002000s ]
INFO: [ app_begin ] --END-- [ RunTime:0.002000s ]
SQL: SELECT * FROM im_navbar [ RunTime:0.0070s ]
SQL: SHOW COLUMNS FROM `im_inventory` [ RunTime:0.0060s ]
SQL: SHOW COLUMNS FROM `im_inventory` [ RunTime:0.0040s ]
SQL: SELECT `id`,`style` FROM `im_inventory` WHERE (  1=1 AND goods_id in (2)  )  [ RunTime:0.0030s ]

[ 2016-07-25T21:15:40+08:00 ] ::1 /index.php/Home/Inventory/inventory/goods_id/2
INFO: [ app_init ] --START--
INFO: Run Behavior\BuildLiteBehavior [ RunTime:0.000000s ]
INFO: [ app_init ] --END-- [ RunTime:0.000000s ]
INFO: [ app_begin ] --START--
INFO: Run Behavior\ReadHtmlCacheBehavior [ RunTime:0.001000s ]
INFO: [ app_begin ] --END-- [ RunTime:0.001000s ]
SQL: SELECT * FROM im_navbar [ RunTime:0.0060s ]
SQL: SHOW COLUMNS FROM `im_inventory` [ RunTime:0.0100s ]
SQL: SHOW COLUMNS FROM `im_goods` [ RunTime:0.0060s ]
SQL: SELECT * FROM `im_goods` WHERE (  1=1 AND id = '2'  )  [ RunTime:0.0060s ]
SQL: SHOW COLUMNS FROM `im_inventory` [ RunTime:0.0070s ]
SQL: SELECT * FROM `im_inventory` WHERE (  1=1 AND goods_id in (2)  )  [ RunTime:0.0040s ]
INFO: [ view_parse ] --START--
NOTIC: [2] filemtime(): stat failed for ./Application/Home/View\Application\Home\View\Public\pageheader.html F:\codetool\wamp64\www\inventory\ThinkPHP\Library\Vendor\Smarty\sysplugins\smarty_resource.php 第 315 行.
INFO: Run Behavior\ParseTemplateBehavior [ RunTime:0.316019s ]
INFO: [ view_parse ] --END-- [ RunTime:0.316019s ]
INFO: [ view_filter ] --START--
INFO: Run Behavior\WriteHtmlCacheBehavior [ RunTime:0.000000s ]
INFO: [ view_filter ] --END-- [ RunTime:0.001000s ]
INFO: [ app_end ] --START--
INFO: Run Behavior\ShowPageTraceBehavior [ RunTime:0.002000s ]
INFO: [ app_end ] --END-- [ RunTime:0.002000s ]

[ 2016-07-25T21:15:41+08:00 ] ::1 /index.php/Home/inventory/allStyle
INFO: [ app_init ] --START--
INFO: Run Behavior\BuildLiteBehavior [ RunTime:0.000000s ]
INFO: [ app_init ] --END-- [ RunTime:0.001000s ]
INFO: [ app_begin ] --START--
INFO: Run Behavior\ReadHtmlCacheBehavior [ RunTime:0.001000s ]
INFO: [ app_begin ] --END-- [ RunTime:0.002000s ]
SQL: SELECT * FROM im_navbar [ RunTime:0.0050s ]
SQL: SHOW COLUMNS FROM `im_inventory` [ RunTime:0.0070s ]
SQL: SHOW COLUMNS FROM `im_inventory` [ RunTime:0.0050s ]
SQL: SELECT `id`,`style` FROM `im_inventory` WHERE (  1=1 AND goods_id in (2)  )  [ RunTime:0.0040s ]

[ 2016-07-25T21:15:51+08:00 ] ::1 /index.php/Home/Inventory/inventory/goods_id/2
INFO: [ app_init ] --START--
INFO: Run Behavior\BuildLiteBehavior [ RunTime:0.000000s ]
INFO: [ app_init ] --END-- [ RunTime:0.001000s ]
INFO: [ app_begin ] --START--
INFO: Run Behavior\ReadHtmlCacheBehavior [ RunTime:0.001000s ]
INFO: [ app_begin ] --END-- [ RunTime:0.001000s ]
SQL: SELECT * FROM im_navbar [ RunTime:0.0030s ]
SQL: SHOW COLUMNS FROM `im_inventory` [ RunTime:0.0060s ]
SQL: SHOW COLUMNS FROM `im_goods` [ RunTime:0.0050s ]
SQL: SELECT * FROM `im_goods` WHERE (  1=1 AND id = '2'  )  [ RunTime:0.0030s ]
SQL: SHOW COLUMNS FROM `im_inventory` [ RunTime:0.0040s ]
SQL: SELECT * FROM `im_inventory` WHERE (  1=1 AND goods_id in (2)  )  [ RunTime:0.0030s ]
INFO: [ view_parse ] --START--
NOTIC: [2] filemtime(): stat failed for ./Application/Home/View\Application\Home\View\Public\pageheader.html F:\codetool\wamp64\www\inventory\ThinkPHP\Library\Vendor\Smarty\sysplugins\smarty_resource.php 第 315 行.
INFO: Run Behavior\ParseTemplateBehavior [ RunTime:0.293017s ]
INFO: [ view_parse ] --END-- [ RunTime:0.293017s ]
INFO: [ view_filter ] --START--
INFO: Run Behavior\WriteHtmlCacheBehavior [ RunTime:0.000000s ]
INFO: [ view_filter ] --END-- [ RunTime:0.001000s ]
INFO: [ app_end ] --START--
INFO: Run Behavior\ShowPageTraceBehavior [ RunTime:0.002000s ]
INFO: [ app_end ] --END-- [ RunTime:0.002000s ]

[ 2016-07-25T21:15:52+08:00 ] ::1 /index.php/Home/inventory/allStyle
INFO: [ app_init ] --START--
INFO: Run Behavior\BuildLiteBehavior [ RunTime:0.000000s ]
INFO: [ app_init ] --END-- [ RunTime:0.001000s ]
INFO: [ app_begin ] --START--
INFO: Run Behavior\ReadHtmlCacheBehavior [ RunTime:0.001000s ]
INFO: [ app_begin ] --END-- [ RunTime:0.002000s ]
SQL: SELECT * FROM im_navbar [ RunTime:0.0030s ]
SQL: SHOW COLUMNS FROM `im_inventory` [ RunTime:0.0050s ]
SQL: SHOW COLUMNS FROM `im_inventory` [ RunTime:0.0040s ]
SQL: SELECT `id`,`style` FROM `im_inventory` WHERE (  1=1 AND goods_id in (2)  )  [ RunTime:0.0020s ]

[ 2016-07-25T21:16:43+08:00 ] ::1 /index.php/Home/Inventory/inventory/goods_id/2
INFO: [ app_init ] --START--
INFO: Run Behavior\BuildLiteBehavior [ RunTime:0.000000s ]
INFO: [ app_init ] --END-- [ RunTime:0.001000s ]
INFO: [ app_begin ] --START--
INFO: Run Behavior\ReadHtmlCacheBehavior [ RunTime:0.001000s ]
INFO: [ app_begin ] --END-- [ RunTime:0.001000s ]
SQL: SELECT * FROM im_navbar [ RunTime:0.0040s ]
SQL: SHOW COLUMNS FROM `im_inventory` [ RunTime:0.0070s ]
SQL: SHOW COLUMNS FROM `im_goods` [ RunTime:0.0040s ]
SQL: SELECT * FROM `im_goods` WHERE (  1=1 AND id = '2'  )  [ RunTime:0.0050s ]
SQL: SHOW COLUMNS FROM `im_inventory` [ RunTime:0.0040s ]
SQL: SELECT * FROM `im_inventory` WHERE (  1=1 AND goods_id in (2)  )  [ RunTime:0.0030s ]
INFO: [ view_parse ] --START--
NOTIC: [2] filemtime(): stat failed for ./Application/Home/View\Application\Home\View\Public\pageheader.html F:\codetool\wamp64\www\inventory\ThinkPHP\Library\Vendor\Smarty\sysplugins\smarty_resource.php 第 315 行.
INFO: Run Behavior\ParseTemplateBehavior [ RunTime:0.289017s ]
INFO: [ view_parse ] --END-- [ RunTime:0.290017s ]
INFO: [ view_filter ] --START--
INFO: Run Behavior\WriteHtmlCacheBehavior [ RunTime:0.000000s ]
INFO: [ view_filter ] --END-- [ RunTime:0.001000s ]
INFO: [ app_end ] --START--
INFO: Run Behavior\ShowPageTraceBehavior [ RunTime:0.001000s ]
INFO: [ app_end ] --END-- [ RunTime:0.001000s ]

[ 2016-07-25T21:16:44+08:00 ] ::1 /index.php/Home/inventory/allStyle
INFO: [ app_init ] --START--
INFO: Run Behavior\BuildLiteBehavior [ RunTime:0.000000s ]
INFO: [ app_init ] --END-- [ RunTime:0.002000s ]
INFO: [ app_begin ] --START--
INFO: Run Behavior\ReadHtmlCacheBehavior [ RunTime:0.001000s ]
INFO: [ app_begin ] --END-- [ RunTime:0.001000s ]
SQL: SELECT * FROM im_navbar [ RunTime:0.0060s ]
SQL: SHOW COLUMNS FROM `im_inventory` [ RunTime:0.0050s ]
SQL: SHOW COLUMNS FROM `im_inventory` [ RunTime:0.0050s ]
SQL: SELECT `id`,`style` FROM `im_inventory` WHERE (  1=1 AND goods_id in (2)  )  [ RunTime:0.0020s ]

[ 2016-07-25T21:17:01+08:00 ] ::1 /index.php/Home/Inventory/inventory/goods_id/2
INFO: [ app_init ] --START--
INFO: Run Behavior\BuildLiteBehavior [ RunTime:0.000000s ]
INFO: [ app_init ] --END-- [ RunTime:0.000000s ]
INFO: [ app_begin ] --START--
INFO: Run Behavior\ReadHtmlCacheBehavior [ RunTime:0.000000s ]
INFO: [ app_begin ] --END-- [ RunTime:0.001000s ]
SQL: SELECT * FROM im_navbar [ RunTime:0.0030s ]
SQL: SHOW COLUMNS FROM `im_inventory` [ RunTime:0.0120s ]
SQL: SHOW COLUMNS FROM `im_goods` [ RunTime:0.0030s ]
SQL: SELECT * FROM `im_goods` WHERE (  1=1 AND id = '2'  )  [ RunTime:0.0030s ]
SQL: SHOW COLUMNS FROM `im_inventory` [ RunTime:0.0040s ]
SQL: SELECT * FROM `im_inventory` WHERE (  1=1 AND goods_id in (2)  )  [ RunTime:0.0030s ]
INFO: [ view_parse ] --START--
NOTIC: [2] filemtime(): stat failed for ./Application/Home/View\Application\Home\View\Public\pageheader.html F:\codetool\wamp64\www\inventory\ThinkPHP\Library\Vendor\Smarty\sysplugins\smarty_resource.php 第 315 行.
INFO: Run Behavior\ParseTemplateBehavior [ RunTime:0.020001s ]
INFO: [ view_parse ] --END-- [ RunTime:0.020001s ]
INFO: [ view_filter ] --START--
INFO: Run Behavior\WriteHtmlCacheBehavior [ RunTime:0.001000s ]
INFO: [ view_filter ] --END-- [ RunTime:0.001000s ]
INFO: [ app_end ] --START--
INFO: Run Behavior\ShowPageTraceBehavior [ RunTime:0.001000s ]
INFO: [ app_end ] --END-- [ RunTime:0.001000s ]

[ 2016-07-25T21:17:01+08:00 ] ::1 /index.php/Home/inventory/allStyle
INFO: [ app_init ] --START--
INFO: Run Behavior\BuildLiteBehavior [ RunTime:0.000000s ]
INFO: [ app_init ] --END-- [ RunTime:0.002001s ]
INFO: [ app_begin ] --START--
INFO: Run Behavior\ReadHtmlCacheBehavior [ RunTime:0.001000s ]
INFO: [ app_begin ] --END-- [ RunTime:0.001000s ]
SQL: SELECT * FROM im_navbar [ RunTime:0.0030s ]
SQL: SHOW COLUMNS FROM `im_inventory` [ RunTime:0.0090s ]
SQL: SHOW COLUMNS FROM `im_inventory` [ RunTime:0.0040s ]
SQL: SELECT `id`,`style` FROM `im_inventory` WHERE (  1=1 AND goods_id in (2)  )  [ RunTime:0.0040s ]

[ 2016-07-25T21:17:32+08:00 ] ::1 /index.php/Home/Inventory/inventory/goods_id/2
INFO: [ app_init ] --START--
INFO: Run Behavior\BuildLiteBehavior [ RunTime:0.000000s ]
INFO: [ app_init ] --END-- [ RunTime:0.001000s ]
INFO: [ app_begin ] --START--
INFO: Run Behavior\ReadHtmlCacheBehavior [ RunTime:0.001001s ]
INFO: [ app_begin ] --END-- [ RunTime:0.001001s ]
SQL: SELECT * FROM im_navbar [ RunTime:0.0040s ]
SQL: SHOW COLUMNS FROM `im_inventory` [ RunTime:0.0050s ]
SQL: SHOW COLUMNS FROM `im_goods` [ RunTime:0.0040s ]
SQL: SELECT * FROM `im_goods` WHERE (  1=1 AND id = '2'  )  [ RunTime:0.0030s ]
SQL: SHOW COLUMNS FROM `im_inventory` [ RunTime:0.0040s ]
SQL: SELECT * FROM `im_inventory` WHERE (  1=1 AND goods_id in (2)  )  [ RunTime:0.0030s ]
INFO: [ view_parse ] --START--
NOTIC: [2] filemtime(): stat failed for ./Application/Home/View\Application\Home\View\Public\pageheader.html F:\codetool\wamp64\www\inventory\ThinkPHP\Library\Vendor\Smarty\sysplugins\smarty_resource.php 第 315 行.
INFO: Run Behavior\ParseTemplateBehavior [ RunTime:0.295017s ]
INFO: [ view_parse ] --END-- [ RunTime:0.296017s ]
INFO: [ view_filter ] --START--
INFO: Run Behavior\WriteHtmlCacheBehavior [ RunTime:0.001000s ]
INFO: [ view_filter ] --END-- [ RunTime:0.001000s ]
INFO: [ app_end ] --START--
INFO: Run Behavior\ShowPageTraceBehavior [ RunTime:0.001000s ]
INFO: [ app_end ] --END-- [ RunTime:0.002000s ]

[ 2016-07-25T21:17:33+08:00 ] ::1 /index.php/Home/inventory/allStyle
INFO: [ app_init ] --START--
INFO: Run Behavior\BuildLiteBehavior [ RunTime:0.000000s ]
INFO: [ app_init ] --END-- [ RunTime:0.001000s ]
INFO: [ app_begin ] --START--
INFO: Run Behavior\ReadHtmlCacheBehavior [ RunTime:0.001000s ]
INFO: [ app_begin ] --END-- [ RunTime:0.001000s ]
SQL: SELECT * FROM im_navbar [ RunTime:0.0060s ]
SQL: SHOW COLUMNS FROM `im_inventory` [ RunTime:0.0050s ]
SQL: SHOW COLUMNS FROM `im_inventory` [ RunTime:0.0040s ]
SQL: SELECT `id`,`style` FROM `im_inventory` WHERE (  1=1 AND goods_id in (2)  )  [ RunTime:0.0030s ]

[ 2016-07-25T21:17:43+08:00 ] ::1 /index.php/Home/Inventory/inventory/goods_id/2
INFO: [ app_init ] --START--
INFO: Run Behavior\BuildLiteBehavior [ RunTime:0.000000s ]
INFO: [ app_init ] --END-- [ RunTime:0.001000s ]
INFO: [ app_begin ] --START--
INFO: Run Behavior\ReadHtmlCacheBehavior [ RunTime:0.001000s ]
INFO: [ app_begin ] --END-- [ RunTime:0.001000s ]
SQL: SELECT * FROM im_navbar [ RunTime:0.0030s ]
SQL: SHOW COLUMNS FROM `im_inventory` [ RunTime:0.0060s ]
SQL: SHOW COLUMNS FROM `im_goods` [ RunTime:0.0050s ]
SQL: SELECT * FROM `im_goods` WHERE (  1=1 AND id = '2'  )  [ RunTime:0.0050s ]
SQL: SHOW COLUMNS FROM `im_inventory` [ RunTime:0.0040s ]
SQL: SELECT * FROM `im_inventory` WHERE (  1=1 AND goods_id in (2)  )  [ RunTime:0.0040s ]
INFO: [ view_parse ] --START--
NOTIC: [2] filemtime(): stat failed for ./Application/Home/View\Application\Home\View\Public\pageheader.html F:\codetool\wamp64\www\inventory\ThinkPHP\Library\Vendor\Smarty\sysplugins\smarty_resource.php 第 315 行.
INFO: Run Behavior\ParseTemplateBehavior [ RunTime:0.294017s ]
INFO: [ view_parse ] --END-- [ RunTime:0.294017s ]
INFO: [ view_filter ] --START--
INFO: Run Behavior\WriteHtmlCacheBehavior [ RunTime:0.000000s ]
INFO: [ view_filter ] --END-- [ RunTime:0.001000s ]
INFO: [ app_end ] --START--
INFO: Run Behavior\ShowPageTraceBehavior [ RunTime:0.001000s ]
INFO: [ app_end ] --END-- [ RunTime:0.002000s ]

[ 2016-07-25T21:17:44+08:00 ] ::1 /index.php/Home/inventory/allStyle
INFO: [ app_init ] --START--
INFO: Run Behavior\BuildLiteBehavior [ RunTime:0.000000s ]
INFO: [ app_init ] --END-- [ RunTime:0.002000s ]
INFO: [ app_begin ] --START--
INFO: Run Behavior\ReadHtmlCacheBehavior [ RunTime:0.001000s ]
INFO: [ app_begin ] --END-- [ RunTime:0.001000s ]
SQL: SELECT * FROM im_navbar [ RunTime:0.0030s ]
SQL: SHOW COLUMNS FROM `im_inventory` [ RunTime:0.0060s ]
SQL: SHOW COLUMNS FROM `im_inventory` [ RunTime:0.0040s ]
SQL: SELECT `id`,`style` FROM `im_inventory` WHERE (  1=1 AND goods_id in (2)  )  [ RunTime:0.0030s ]

[ 2016-07-25T21:20:08+08:00 ] ::1 /index.php/Home/Inventory/inventory/goods_id/2
INFO: [ app_init ] --START--
INFO: Run Behavior\BuildLiteBehavior [ RunTime:0.000000s ]
INFO: [ app_init ] --END-- [ RunTime:0.001000s ]
INFO: [ app_begin ] --START--
INFO: Run Behavior\ReadHtmlCacheBehavior [ RunTime:0.001000s ]
INFO: [ app_begin ] --END-- [ RunTime:0.001000s ]
SQL: SELECT * FROM im_navbar [ RunTime:0.0050s ]
SQL: SHOW COLUMNS FROM `im_inventory` [ RunTime:0.0060s ]
SQL: SHOW COLUMNS FROM `im_goods` [ RunTime:0.0040s ]
SQL: SELECT * FROM `im_goods` WHERE (  1=1 AND id = '2'  )  [ RunTime:0.0040s ]
SQL: SHOW COLUMNS FROM `im_inventory` [ RunTime:0.0090s ]
SQL: SELECT * FROM `im_inventory` WHERE (  1=1 AND goods_id in (2)  )  [ RunTime:0.0030s ]
INFO: [ view_parse ] --START--
NOTIC: [2] filemtime(): stat failed for ./Application/Home/View\Application\Home\View\Public\pageheader.html F:\codetool\wamp64\www\inventory\ThinkPHP\Library\Vendor\Smarty\sysplugins\smarty_resource.php 第 315 行.
INFO: Run Behavior\ParseTemplateBehavior [ RunTime:0.350020s ]
INFO: [ view_parse ] --END-- [ RunTime:0.350020s ]
INFO: [ view_filter ] --START--
INFO: Run Behavior\WriteHtmlCacheBehavior [ RunTime:0.001000s ]
INFO: [ view_filter ] --END-- [ RunTime:0.001000s ]
INFO: [ app_end ] --START--
INFO: Run Behavior\ShowPageTraceBehavior [ RunTime:0.002000s ]
INFO: [ app_end ] --END-- [ RunTime:0.002000s ]

[ 2016-07-25T21:20:09+08:00 ] ::1 /index.php/Home/inventory/allStyle
INFO: [ app_init ] --START--
INFO: Run Behavior\BuildLiteBehavior [ RunTime:0.000000s ]
INFO: [ app_init ] --END-- [ RunTime:0.001000s ]
INFO: [ app_begin ] --START--
INFO: Run Behavior\ReadHtmlCacheBehavior [ RunTime:0.002000s ]
INFO: [ app_begin ] --END-- [ RunTime:0.002000s ]
SQL: SELECT * FROM im_navbar [ RunTime:0.0040s ]
SQL: SHOW COLUMNS FROM `im_inventory` [ RunTime:0.0090s ]
SQL: SHOW COLUMNS FROM `im_inventory` [ RunTime:0.0040s ]
SQL: SELECT `id`,`style` FROM `im_inventory` WHERE (  1=1 AND goods_id in (2)  )  [ RunTime:0.0040s ]

[ 2016-07-25T21:30:11+08:00 ] ::1 /index.php/Home/Inventory/inventory/goods_id/2
INFO: [ app_init ] --START--
INFO: Run Behavior\BuildLiteBehavior [ RunTime:0.000000s ]
INFO: [ app_init ] --END-- [ RunTime:0.002000s ]
INFO: [ app_begin ] --START--
INFO: Run Behavior\ReadHtmlCacheBehavior [ RunTime:0.001000s ]
INFO: [ app_begin ] --END-- [ RunTime:0.002000s ]
SQL: SELECT * FROM im_navbar [ RunTime:0.0080s ]
SQL: SHOW COLUMNS FROM `im_inventory` [ RunTime:0.0110s ]
SQL: SHOW COLUMNS FROM `im_goods` [ RunTime:0.0050s ]
SQL: SELECT * FROM `im_goods` WHERE (  1=1 AND id = '2'  )  [ RunTime:0.0040s ]
SQL: SHOW COLUMNS FROM `im_inventory` [ RunTime:0.0140s ]
SQL: SELECT * FROM `im_inventory` WHERE (  1=1 AND goods_id in (2)  )  [ RunTime:0.0020s ]
INFO: [ view_parse ] --START--
NOTIC: [2] filemtime(): stat failed for ./Application/Home/View\Application\Home\View\Public\pageheader.html F:\codetool\wamp64\www\inventory\ThinkPHP\Library\Vendor\Smarty\sysplugins\smarty_resource.php 第 315 行.
INFO: Run Behavior\ParseTemplateBehavior [ RunTime:0.307017s ]
INFO: [ view_parse ] --END-- [ RunTime:0.307017s ]
INFO: [ view_filter ] --START--
INFO: Run Behavior\WriteHtmlCacheBehavior [ RunTime:0.001000s ]
INFO: [ view_filter ] --END-- [ RunTime:0.001000s ]
INFO: [ app_end ] --START--
INFO: Run Behavior\ShowPageTraceBehavior [ RunTime:0.001000s ]
INFO: [ app_end ] --END-- [ RunTime:0.002001s ]

[ 2016-07-25T21:30:12+08:00 ] ::1 /index.php/Home/inventory/allStyle
INFO: [ app_init ] --START--
INFO: Run Behavior\BuildLiteBehavior [ RunTime:0.000000s ]
INFO: [ app_init ] --END-- [ RunTime:0.001000s ]
INFO: [ app_begin ] --START--
INFO: Run Behavior\ReadHtmlCacheBehavior [ RunTime:0.001000s ]
INFO: [ app_begin ] --END-- [ RunTime:0.002000s ]
SQL: SELECT * FROM im_navbar [ RunTime:0.0040s ]
SQL: SHOW COLUMNS FROM `im_inventory` [ RunTime:0.0050s ]
SQL: SHOW COLUMNS FROM `im_inventory` [ RunTime:0.0040s ]
SQL: SELECT `id`,`style` FROM `im_inventory` WHERE (  1=1 AND goods_id in (2)  )  [ RunTime:0.0030s ]

