[ 2016-06-26T14:15:37+08:00 ] 127.0.0.1 /
INFO: [ app_init ] --START--
INFO: Run Behavior\BuildLiteBehavior [ RunTime:0.000025s ]
INFO: [ app_init ] --END-- [ RunTime:0.001200s ]
INFO: [ app_begin ] --START--
INFO: Run Behavior\ReadHtmlCacheBehavior [ RunTime:0.000941s ]
INFO: [ app_begin ] --END-- [ RunTime:0.001032s ]
NOTIC: [2] session_start(): Cannot send session cookie - headers already sent by (output started at /Applications/MAMP/htdocs/inventoryManage/Application/Home/Common/function.php:1) /Applications/MAMP/htdocs/inventoryManage/ThinkPHP/Common/functions.php 第 1263 行.
NOTIC: [2] session_start(): Cannot send session cache limiter - headers already sent (output started at /Applications/MAMP/htdocs/inventoryManage/Application/Home/Common/function.php:1) /Applications/MAMP/htdocs/inventoryManage/ThinkPHP/Common/functions.php 第 1263 行.
SQL: SELECT * FROM im_navbar [ RunTime:0.0128s ]
NOTIC: [8] Undefined variable: title /Applications/MAMP/htdocs/inventoryManage/Application/Home/Controller/PublicController.class.php 第 18 行.
INFO: [ view_parse ] --START--
NOTIC: [2] filemtime(): stat failed for ./Application/Home/View/Application/Home/View/Public/pageheader.html /Applications/MAMP/htdocs/inventoryManage/ThinkPHP/Library/Vendor/Smarty/sysplugins/smarty_resource.php 第 315 行.
NOTIC: [8] Undefined index: active /Applications/MAMP/htdocs/inventoryManage/Application/Runtime/Cache/Home/3c4c8d61199cdfdeca49d55070a407c2d4411dea.file.pageheader.html.php 第 52 行.
NOTIC: [8] Undefined index: active /Applications/MAMP/htdocs/inventoryManage/Application/Runtime/Cache/Home/3c4c8d61199cdfdeca49d55070a407c2d4411dea.file.pageheader.html.php 第 52 行.
NOTIC: [8] Undefined index: active /Applications/MAMP/htdocs/inventoryManage/Application/Runtime/Cache/Home/3c4c8d61199cdfdeca49d55070a407c2d4411dea.file.pageheader.html.php 第 52 行.
NOTIC: [8] Undefined index: active /Applications/MAMP/htdocs/inventoryManage/Application/Runtime/Cache/Home/3c4c8d61199cdfdeca49d55070a407c2d4411dea.file.pageheader.html.php 第 52 行.
INFO: Run Behavior\ParseTemplateBehavior [ RunTime:0.019146s ]
INFO: [ view_parse ] --END-- [ RunTime:0.019238s ]
INFO: [ view_filter ] --START--
INFO: Run Behavior\WriteHtmlCacheBehavior [ RunTime:0.000410s ]
INFO: [ view_filter ] --END-- [ RunTime:0.000476s ]
NOTIC: [2] Cannot modify header information - headers already sent by (output started at /Applications/MAMP/htdocs/inventoryManage/Application/Home/Common/function.php:1) /Applications/MAMP/htdocs/inventoryManage/ThinkPHP/Library/Think/View.class.php 第 91 行.
NOTIC: [2] Cannot modify header information - headers already sent by (output started at /Applications/MAMP/htdocs/inventoryManage/Application/Home/Common/function.php:1) /Applications/MAMP/htdocs/inventoryManage/ThinkPHP/Library/Think/View.class.php 第 92 行.
NOTIC: [2] Cannot modify header information - headers already sent by (output started at /Applications/MAMP/htdocs/inventoryManage/Application/Home/Common/function.php:1) /Applications/MAMP/htdocs/inventoryManage/ThinkPHP/Library/Think/View.class.php 第 93 行.
INFO: [ app_end ] --START--
INFO: Run Behavior\ShowPageTraceBehavior [ RunTime:0.000817s ]
INFO: [ app_end ] --END-- [ RunTime:0.000876s ]

[ 2016-06-26T14:15:39+08:00 ] 127.0.0.1 /index.php/Home/Inventory/inventoryListView
INFO: [ app_init ] --START--
INFO: Run Behavior\BuildLiteBehavior [ RunTime:0.000014s ]
INFO: [ app_init ] --END-- [ RunTime:0.000317s ]
INFO: [ app_begin ] --START--
INFO: Run Behavior\ReadHtmlCacheBehavior [ RunTime:0.000417s ]
INFO: [ app_begin ] --END-- [ RunTime:0.000481s ]
NOTIC: [2] session_start(): Cannot send session cookie - headers already sent by (output started at /Applications/MAMP/htdocs/inventoryManage/Application/Home/Common/function.php:1) /Applications/MAMP/htdocs/inventoryManage/ThinkPHP/Common/functions.php 第 1263 行.
NOTIC: [2] session_start(): Cannot send session cache limiter - headers already sent (output started at /Applications/MAMP/htdocs/inventoryManage/Application/Home/Common/function.php:1) /Applications/MAMP/htdocs/inventoryManage/ThinkPHP/Common/functions.php 第 1263 行.
SQL: SELECT * FROM im_navbar [ RunTime:0.0002s ]
SQL: SHOW COLUMNS FROM `im_inventory` [ RunTime:0.0079s ]
SQL: SELECT DISTINCT type FROM im_inventory [ RunTime:0.0010s ]
SQL: SELECT DISTINCT name FROM im_inventory [ RunTime:0.0002s ]
INFO: [ view_parse ] --START--
NOTIC: [2] filemtime(): stat failed for ./Application/Home/View/Application/Home/View/Public/pageheader.html /Applications/MAMP/htdocs/inventoryManage/ThinkPHP/Library/Vendor/Smarty/sysplugins/smarty_resource.php 第 315 行.
NOTIC: [8] Undefined index: active /Applications/MAMP/htdocs/inventoryManage/Application/Runtime/Cache/Home/3c4c8d61199cdfdeca49d55070a407c2d4411dea.file.pageheader.html.php 第 52 行.
NOTIC: [8] Undefined index: active /Applications/MAMP/htdocs/inventoryManage/Application/Runtime/Cache/Home/3c4c8d61199cdfdeca49d55070a407c2d4411dea.file.pageheader.html.php 第 52 行.
NOTIC: [8] Undefined index: active /Applications/MAMP/htdocs/inventoryManage/Application/Runtime/Cache/Home/3c4c8d61199cdfdeca49d55070a407c2d4411dea.file.pageheader.html.php 第 52 行.
INFO: Run Behavior\ParseTemplateBehavior [ RunTime:0.010859s ]
INFO: [ view_parse ] --END-- [ RunTime:0.010931s ]
INFO: [ view_filter ] --START--
INFO: Run Behavior\WriteHtmlCacheBehavior [ RunTime:0.000173s ]
INFO: [ view_filter ] --END-- [ RunTime:0.000217s ]
NOTIC: [2] Cannot modify header information - headers already sent by (output started at /Applications/MAMP/htdocs/inventoryManage/Application/Home/Common/function.php:1) /Applications/MAMP/htdocs/inventoryManage/ThinkPHP/Library/Think/View.class.php 第 91 行.
NOTIC: [2] Cannot modify header information - headers already sent by (output started at /Applications/MAMP/htdocs/inventoryManage/Application/Home/Common/function.php:1) /Applications/MAMP/htdocs/inventoryManage/ThinkPHP/Library/Think/View.class.php 第 92 行.
NOTIC: [2] Cannot modify header information - headers already sent by (output started at /Applications/MAMP/htdocs/inventoryManage/Application/Home/Common/function.php:1) /Applications/MAMP/htdocs/inventoryManage/ThinkPHP/Library/Think/View.class.php 第 93 行.
INFO: [ app_end ] --START--
INFO: Run Behavior\ShowPageTraceBehavior [ RunTime:0.000611s ]
INFO: [ app_end ] --END-- [ RunTime:0.000711s ]

[ 2016-06-26T14:15:39+08:00 ] 127.0.0.1 /index.php/Home/Inventory/inventoryList
INFO: [ app_init ] --START--
INFO: Run Behavior\BuildLiteBehavior [ RunTime:0.000015s ]
INFO: [ app_init ] --END-- [ RunTime:0.000382s ]
INFO: [ app_begin ] --START--
INFO: Run Behavior\ReadHtmlCacheBehavior [ RunTime:0.000392s ]
INFO: [ app_begin ] --END-- [ RunTime:0.000447s ]
NOTIC: [2] session_start(): Cannot send session cookie - headers already sent by (output started at /Applications/MAMP/htdocs/inventoryManage/Application/Home/Common/function.php:1) /Applications/MAMP/htdocs/inventoryManage/ThinkPHP/Common/functions.php 第 1263 行.
NOTIC: [2] session_start(): Cannot send session cache limiter - headers already sent (output started at /Applications/MAMP/htdocs/inventoryManage/Application/Home/Common/function.php:1) /Applications/MAMP/htdocs/inventoryManage/ThinkPHP/Common/functions.php 第 1263 行.
SQL: SELECT * FROM im_navbar [ RunTime:0.0003s ]
NOTIC: [8] Undefined variable: title /Applications/MAMP/htdocs/inventoryManage/Application/Home/Controller/PublicController.class.php 第 18 行.
SQL: SHOW COLUMNS FROM `im_inventory` [ RunTime:0.0009s ]
SQL: SELECT count(id) FROM im_inventory WHERE 1=1  LIMIT 1  [ RunTime:0.0030s ]
SQL: SELECT *,FROM_UNIXTIME(add_time) as add_time FROM im_inventory WHERE 1=1  LIMIT 0,10 [ RunTime:0.0012s ]

[ 2016-06-26T14:15:39+08:00 ] 127.0.0.1 /index.php/Home/Inventory/Public/upload/20160515/1463296255.png
INFO: [ app_init ] --START--
INFO: Run Behavior\BuildLiteBehavior [ RunTime:0.000036s ]
INFO: [ app_init ] --END-- [ RunTime:0.002744s ]
NOTIC: [2] Cannot modify header information - headers already sent by (output started at /Applications/MAMP/htdocs/inventoryManage/Application/Home/Common/function.php:1) /Applications/MAMP/htdocs/inventoryManage/ThinkPHP/Common/functions.php 第 1532 行.
NOTIC: [2] Cannot modify header information - headers already sent by (output started at /Applications/MAMP/htdocs/inventoryManage/Application/Home/Common/function.php:1) /Applications/MAMP/htdocs/inventoryManage/ThinkPHP/Common/functions.php 第 1534 行.

[ 2016-06-26T14:15:39+08:00 ] 127.0.0.1 /index.php/Home/Inventory/sdfasdf
INFO: [ app_init ] --START--
INFO: Run Behavior\BuildLiteBehavior [ RunTime:0.000025s ]
INFO: [ app_init ] --END-- [ RunTime:0.000486s ]
INFO: [ app_begin ] --START--
INFO: Run Behavior\ReadHtmlCacheBehavior [ RunTime:0.000636s ]
INFO: [ app_begin ] --END-- [ RunTime:0.000759s ]
NOTIC: [2] session_start(): Cannot send session cookie - headers already sent by (output started at /Applications/MAMP/htdocs/inventoryManage/Application/Home/Common/function.php:1) /Applications/MAMP/htdocs/inventoryManage/ThinkPHP/Common/functions.php 第 1263 行.
NOTIC: [2] session_start(): Cannot send session cache limiter - headers already sent (output started at /Applications/MAMP/htdocs/inventoryManage/Application/Home/Common/function.php:1) /Applications/MAMP/htdocs/inventoryManage/ThinkPHP/Common/functions.php 第 1263 行.
SQL: SELECT * FROM im_navbar [ RunTime:0.0003s ]
NOTIC: [8] Undefined variable: title /Applications/MAMP/htdocs/inventoryManage/Application/Home/Controller/PublicController.class.php 第 18 行.
ERR: 非法操作:sdfasdf
NOTIC: [2] Cannot modify header information - headers already sent by (output started at /Applications/MAMP/htdocs/inventoryManage/Application/Home/Common/function.php:1) /Applications/MAMP/htdocs/inventoryManage/ThinkPHP/Library/Think/Think.class.php 第 229 行.
NOTIC: [2] Cannot modify header information - headers already sent by (output started at /Applications/MAMP/htdocs/inventoryManage/Application/Home/Common/function.php:1) /Applications/MAMP/htdocs/inventoryManage/ThinkPHP/Library/Think/Think.class.php 第 230 行.

[ 2016-06-26T14:15:39+08:00 ] 127.0.0.1 /index.php/Home/Inventory/sdfasd
INFO: [ app_init ] --START--
INFO: Run Behavior\BuildLiteBehavior [ RunTime:0.000055s ]
INFO: [ app_init ] --END-- [ RunTime:0.000937s ]
INFO: [ app_begin ] --START--
INFO: Run Behavior\ReadHtmlCacheBehavior [ RunTime:0.000896s ]
INFO: [ app_begin ] --END-- [ RunTime:0.001075s ]
NOTIC: [2] session_start(): Cannot send session cookie - headers already sent by (output started at /Applications/MAMP/htdocs/inventoryManage/Application/Home/Common/function.php:1) /Applications/MAMP/htdocs/inventoryManage/ThinkPHP/Common/functions.php 第 1263 行.
NOTIC: [2] session_start(): Cannot send session cache limiter - headers already sent (output started at /Applications/MAMP/htdocs/inventoryManage/Application/Home/Common/function.php:1) /Applications/MAMP/htdocs/inventoryManage/ThinkPHP/Common/functions.php 第 1263 行.
SQL: SELECT * FROM im_navbar [ RunTime:0.0002s ]
NOTIC: [8] Undefined variable: title /Applications/MAMP/htdocs/inventoryManage/Application/Home/Controller/PublicController.class.php 第 18 行.
ERR: 非法操作:sdfasd
NOTIC: [2] Cannot modify header information - headers already sent by (output started at /Applications/MAMP/htdocs/inventoryManage/Application/Home/Common/function.php:1) /Applications/MAMP/htdocs/inventoryManage/ThinkPHP/Library/Think/Think.class.php 第 229 行.
NOTIC: [2] Cannot modify header information - headers already sent by (output started at /Applications/MAMP/htdocs/inventoryManage/Application/Home/Common/function.php:1) /Applications/MAMP/htdocs/inventoryManage/ThinkPHP/Library/Think/Think.class.php 第 230 行.

[ 2016-06-26T14:15:40+08:00 ] 127.0.0.1 /index.php/Home/Inventory/inventoryAddView
INFO: [ app_init ] --START--
INFO: Run Behavior\BuildLiteBehavior [ RunTime:0.000013s ]
INFO: [ app_init ] --END-- [ RunTime:0.000295s ]
INFO: [ app_begin ] --START--
INFO: Run Behavior\ReadHtmlCacheBehavior [ RunTime:0.000386s ]
INFO: [ app_begin ] --END-- [ RunTime:0.000438s ]
NOTIC: [2] session_start(): Cannot send session cookie - headers already sent by (output started at /Applications/MAMP/htdocs/inventoryManage/Application/Home/Common/function.php:1) /Applications/MAMP/htdocs/inventoryManage/ThinkPHP/Common/functions.php 第 1263 行.
NOTIC: [2] session_start(): Cannot send session cache limiter - headers already sent (output started at /Applications/MAMP/htdocs/inventoryManage/Application/Home/Common/function.php:1) /Applications/MAMP/htdocs/inventoryManage/ThinkPHP/Common/functions.php 第 1263 行.
SQL: SELECT * FROM im_navbar [ RunTime:0.0002s ]
INFO: [ view_parse ] --START--
NOTIC: [2] filemtime(): stat failed for ./Application/Home/View/Application/Home/View/Public/pageheader.html /Applications/MAMP/htdocs/inventoryManage/ThinkPHP/Library/Vendor/Smarty/sysplugins/smarty_resource.php 第 315 行.
NOTIC: [8] Undefined index: active /Applications/MAMP/htdocs/inventoryManage/Application/Runtime/Cache/Home/3c4c8d61199cdfdeca49d55070a407c2d4411dea.file.pageheader.html.php 第 52 行.
NOTIC: [8] Undefined index: active /Applications/MAMP/htdocs/inventoryManage/Application/Runtime/Cache/Home/3c4c8d61199cdfdeca49d55070a407c2d4411dea.file.pageheader.html.php 第 52 行.
NOTIC: [8] Undefined index: active /Applications/MAMP/htdocs/inventoryManage/Application/Runtime/Cache/Home/3c4c8d61199cdfdeca49d55070a407c2d4411dea.file.pageheader.html.php 第 52 行.
INFO: Run Behavior\ParseTemplateBehavior [ RunTime:0.012751s ]
INFO: [ view_parse ] --END-- [ RunTime:0.012802s ]
INFO: [ view_filter ] --START--
INFO: Run Behavior\WriteHtmlCacheBehavior [ RunTime:0.000159s ]
INFO: [ view_filter ] --END-- [ RunTime:0.000203s ]
NOTIC: [2] Cannot modify header information - headers already sent by (output started at /Applications/MAMP/htdocs/inventoryManage/Application/Home/Common/function.php:1) /Applications/MAMP/htdocs/inventoryManage/ThinkPHP/Library/Think/View.class.php 第 91 行.
NOTIC: [2] Cannot modify header information - headers already sent by (output started at /Applications/MAMP/htdocs/inventoryManage/Application/Home/Common/function.php:1) /Applications/MAMP/htdocs/inventoryManage/ThinkPHP/Library/Think/View.class.php 第 92 行.
NOTIC: [2] Cannot modify header information - headers already sent by (output started at /Applications/MAMP/htdocs/inventoryManage/Application/Home/Common/function.php:1) /Applications/MAMP/htdocs/inventoryManage/ThinkPHP/Library/Think/View.class.php 第 93 行.
INFO: [ app_end ] --START--
INFO: Run Behavior\ShowPageTraceBehavior [ RunTime:0.000426s ]
INFO: [ app_end ] --END-- [ RunTime:0.000471s ]

[ 2016-06-26T14:15:41+08:00 ] 127.0.0.1 /index.php/Home/Bill/billListView
INFO: [ app_init ] --START--
INFO: Run Behavior\BuildLiteBehavior [ RunTime:0.000015s ]
INFO: [ app_init ] --END-- [ RunTime:0.000339s ]
INFO: [ app_begin ] --START--
INFO: Run Behavior\ReadHtmlCacheBehavior [ RunTime:0.000409s ]
INFO: [ app_begin ] --END-- [ RunTime:0.000463s ]
NOTIC: [2] session_start(): Cannot send session cookie - headers already sent by (output started at /Applications/MAMP/htdocs/inventoryManage/Application/Home/Common/function.php:1) /Applications/MAMP/htdocs/inventoryManage/ThinkPHP/Common/functions.php 第 1263 行.
NOTIC: [2] session_start(): Cannot send session cache limiter - headers already sent (output started at /Applications/MAMP/htdocs/inventoryManage/Application/Home/Common/function.php:1) /Applications/MAMP/htdocs/inventoryManage/ThinkPHP/Common/functions.php 第 1263 行.
SQL: SELECT * FROM im_navbar [ RunTime:0.0002s ]
INFO: [ view_parse ] --START--
NOTIC: [2] filemtime(): stat failed for ./Application/Home/View/Application/Home/View/Public/pageheader.html /Applications/MAMP/htdocs/inventoryManage/ThinkPHP/Library/Vendor/Smarty/sysplugins/smarty_resource.php 第 315 行.
NOTIC: [8] Undefined index: active /Applications/MAMP/htdocs/inventoryManage/Application/Runtime/Cache/Home/3c4c8d61199cdfdeca49d55070a407c2d4411dea.file.pageheader.html.php 第 52 行.
NOTIC: [8] Undefined index: active /Applications/MAMP/htdocs/inventoryManage/Application/Runtime/Cache/Home/3c4c8d61199cdfdeca49d55070a407c2d4411dea.file.pageheader.html.php 第 52 行.
NOTIC: [8] Undefined index: active /Applications/MAMP/htdocs/inventoryManage/Application/Runtime/Cache/Home/3c4c8d61199cdfdeca49d55070a407c2d4411dea.file.pageheader.html.php 第 52 行.
NOTIC: [2] filemtime(): stat failed for ./Application/Home/View/Application/Home/View/Public/modal.html /Applications/MAMP/htdocs/inventoryManage/ThinkPHP/Library/Vendor/Smarty/sysplugins/smarty_resource.php 第 315 行.
INFO: Run Behavior\ParseTemplateBehavior [ RunTime:0.011501s ]
INFO: [ view_parse ] --END-- [ RunTime:0.011603s ]
INFO: [ view_filter ] --START--
INFO: Run Behavior\WriteHtmlCacheBehavior [ RunTime:0.000144s ]
INFO: [ view_filter ] --END-- [ RunTime:0.000190s ]
NOTIC: [2] Cannot modify header information - headers already sent by (output started at /Applications/MAMP/htdocs/inventoryManage/Application/Home/Common/function.php:1) /Applications/MAMP/htdocs/inventoryManage/ThinkPHP/Library/Think/View.class.php 第 91 行.
NOTIC: [2] Cannot modify header information - headers already sent by (output started at /Applications/MAMP/htdocs/inventoryManage/Application/Home/Common/function.php:1) /Applications/MAMP/htdocs/inventoryManage/ThinkPHP/Library/Think/View.class.php 第 92 行.
NOTIC: [2] Cannot modify header information - headers already sent by (output started at /Applications/MAMP/htdocs/inventoryManage/Application/Home/Common/function.php:1) /Applications/MAMP/htdocs/inventoryManage/ThinkPHP/Library/Think/View.class.php 第 93 行.
INFO: [ app_end ] --START--
INFO: Run Behavior\ShowPageTraceBehavior [ RunTime:0.000436s ]
INFO: [ app_end ] --END-- [ RunTime:0.000483s ]

[ 2016-06-26T14:15:41+08:00 ] 127.0.0.1 /index.php/Home/Bill/billList
INFO: [ app_init ] --START--
INFO: Run Behavior\BuildLiteBehavior [ RunTime:0.000024s ]
INFO: [ app_init ] --END-- [ RunTime:0.000436s ]
INFO: [ app_begin ] --START--
INFO: Run Behavior\ReadHtmlCacheBehavior [ RunTime:0.000412s ]
INFO: [ app_begin ] --END-- [ RunTime:0.000464s ]
NOTIC: [2] session_start(): Cannot send session cookie - headers already sent by (output started at /Applications/MAMP/htdocs/inventoryManage/Application/Home/Common/function.php:1) /Applications/MAMP/htdocs/inventoryManage/ThinkPHP/Common/functions.php 第 1263 行.
NOTIC: [2] session_start(): Cannot send session cache limiter - headers already sent (output started at /Applications/MAMP/htdocs/inventoryManage/Application/Home/Common/function.php:1) /Applications/MAMP/htdocs/inventoryManage/ThinkPHP/Common/functions.php 第 1263 行.
SQL: SELECT * FROM im_navbar [ RunTime:0.0002s ]
NOTIC: [8] Undefined variable: title /Applications/MAMP/htdocs/inventoryManage/Application/Home/Controller/PublicController.class.php 第 18 行.
SQL: SHOW COLUMNS FROM `im_bill` [ RunTime:0.0045s ]
NOTIC: [8] Undefined index: start_time /Applications/MAMP/htdocs/inventoryManage/Application/Home/Model/BillModel.class.php 第 69 行.
NOTIC: [8] Undefined index: end_time /Applications/MAMP/htdocs/inventoryManage/Application/Home/Model/BillModel.class.php 第 72 行.
SQL: SELECT * FROM im_bill where 1=1  [ RunTime:0.0002s ]
NOTIC: [8] Undefined offset: 1463390344 /Applications/MAMP/htdocs/inventoryManage/Application/Home/Model/BillModel.class.php 第 80 行.
NOTIC: [8] Undefined index: profit /Applications/MAMP/htdocs/inventoryManage/Application/Home/Model/BillModel.class.php 第 80 行.
NOTIC: [8] Undefined index: number /Applications/MAMP/htdocs/inventoryManage/Application/Home/Model/BillModel.class.php 第 81 行.
NOTIC: [8] Undefined offset: 1463241600 /Applications/MAMP/htdocs/inventoryManage/Application/Home/Model/BillModel.class.php 第 80 行.
NOTIC: [8] Undefined index: profit /Applications/MAMP/htdocs/inventoryManage/Application/Home/Model/BillModel.class.php 第 80 行.
NOTIC: [8] Undefined index: number /Applications/MAMP/htdocs/inventoryManage/Application/Home/Model/BillModel.class.php 第 81 行.

[ 2016-06-26T14:15:41+08:00 ] 127.0.0.1 /index.php/Home/Bill/billSettleView
INFO: [ app_init ] --START--
INFO: Run Behavior\BuildLiteBehavior [ RunTime:0.000014s ]
INFO: [ app_init ] --END-- [ RunTime:0.000332s ]
INFO: [ app_begin ] --START--
INFO: Run Behavior\ReadHtmlCacheBehavior [ RunTime:0.000502s ]
INFO: [ app_begin ] --END-- [ RunTime:0.000564s ]
NOTIC: [2] session_start(): Cannot send session cookie - headers already sent by (output started at /Applications/MAMP/htdocs/inventoryManage/Application/Home/Common/function.php:1) /Applications/MAMP/htdocs/inventoryManage/ThinkPHP/Common/functions.php 第 1263 行.
NOTIC: [2] session_start(): Cannot send session cache limiter - headers already sent (output started at /Applications/MAMP/htdocs/inventoryManage/Application/Home/Common/function.php:1) /Applications/MAMP/htdocs/inventoryManage/ThinkPHP/Common/functions.php 第 1263 行.
SQL: SELECT * FROM im_navbar [ RunTime:0.0002s ]
SQL: SHOW COLUMNS FROM `im_inventory` [ RunTime:0.0019s ]
SQL: SELECT DISTINCT name FROM im_inventory [ RunTime:0.0002s ]
INFO: [ view_parse ] --START--
NOTIC: [2] filemtime(): stat failed for ./Application/Home/View/Application/Home/View/Public/pageheader.html /Applications/MAMP/htdocs/inventoryManage/ThinkPHP/Library/Vendor/Smarty/sysplugins/smarty_resource.php 第 315 行.
NOTIC: [8] Undefined index: active /Applications/MAMP/htdocs/inventoryManage/Application/Runtime/Cache/Home/3c4c8d61199cdfdeca49d55070a407c2d4411dea.file.pageheader.html.php 第 52 行.
NOTIC: [8] Undefined index: active /Applications/MAMP/htdocs/inventoryManage/Application/Runtime/Cache/Home/3c4c8d61199cdfdeca49d55070a407c2d4411dea.file.pageheader.html.php 第 52 行.
NOTIC: [8] Undefined index: active /Applications/MAMP/htdocs/inventoryManage/Application/Runtime/Cache/Home/3c4c8d61199cdfdeca49d55070a407c2d4411dea.file.pageheader.html.php 第 52 行.
NOTIC: [2] filemtime(): stat failed for ./Application/Home/View/Application/Home/View/Public/modal.html /Applications/MAMP/htdocs/inventoryManage/ThinkPHP/Library/Vendor/Smarty/sysplugins/smarty_resource.php 第 315 行.
INFO: Run Behavior\ParseTemplateBehavior [ RunTime:0.010394s ]
INFO: [ view_parse ] --END-- [ RunTime:0.010446s ]
INFO: [ view_filter ] --START--
INFO: Run Behavior\WriteHtmlCacheBehavior [ RunTime:0.000128s ]
INFO: [ view_filter ] --END-- [ RunTime:0.000169s ]
NOTIC: [2] Cannot modify header information - headers already sent by (output started at /Applications/MAMP/htdocs/inventoryManage/Application/Home/Common/function.php:1) /Applications/MAMP/htdocs/inventoryManage/ThinkPHP/Library/Think/View.class.php 第 91 行.
NOTIC: [2] Cannot modify header information - headers already sent by (output started at /Applications/MAMP/htdocs/inventoryManage/Application/Home/Common/function.php:1) /Applications/MAMP/htdocs/inventoryManage/ThinkPHP/Library/Think/View.class.php 第 92 行.
NOTIC: [2] Cannot modify header information - headers already sent by (output started at /Applications/MAMP/htdocs/inventoryManage/Application/Home/Common/function.php:1) /Applications/MAMP/htdocs/inventoryManage/ThinkPHP/Library/Think/View.class.php 第 93 行.
INFO: [ app_end ] --START--
INFO: Run Behavior\ShowPageTraceBehavior [ RunTime:0.000406s ]
INFO: [ app_end ] --END-- [ RunTime:0.000450s ]

[ 2016-06-26T14:15:47+08:00 ] 127.0.0.1 /index.php/Home/Inventory/inventoryListView
INFO: [ app_init ] --START--
INFO: Run Behavior\BuildLiteBehavior [ RunTime:0.000020s ]
INFO: [ app_init ] --END-- [ RunTime:0.000406s ]
INFO: [ app_begin ] --START--
INFO: Run Behavior\ReadHtmlCacheBehavior [ RunTime:0.000537s ]
INFO: [ app_begin ] --END-- [ RunTime:0.000617s ]
NOTIC: [2] session_start(): Cannot send session cookie - headers already sent by (output started at /Applications/MAMP/htdocs/inventoryManage/Application/Home/Common/function.php:1) /Applications/MAMP/htdocs/inventoryManage/ThinkPHP/Common/functions.php 第 1263 行.
NOTIC: [2] session_start(): Cannot send session cache limiter - headers already sent (output started at /Applications/MAMP/htdocs/inventoryManage/Application/Home/Common/function.php:1) /Applications/MAMP/htdocs/inventoryManage/ThinkPHP/Common/functions.php 第 1263 行.
SQL: SELECT * FROM im_navbar [ RunTime:0.0002s ]
SQL: SHOW COLUMNS FROM `im_inventory` [ RunTime:0.0017s ]
SQL: SELECT DISTINCT type FROM im_inventory [ RunTime:0.0004s ]
SQL: SELECT DISTINCT name FROM im_inventory [ RunTime:0.0002s ]
INFO: [ view_parse ] --START--
NOTIC: [2] filemtime(): stat failed for ./Application/Home/View/Application/Home/View/Public/pageheader.html /Applications/MAMP/htdocs/inventoryManage/ThinkPHP/Library/Vendor/Smarty/sysplugins/smarty_resource.php 第 315 行.
NOTIC: [8] Undefined index: active /Applications/MAMP/htdocs/inventoryManage/Application/Runtime/Cache/Home/3c4c8d61199cdfdeca49d55070a407c2d4411dea.file.pageheader.html.php 第 52 行.
NOTIC: [8] Undefined index: active /Applications/MAMP/htdocs/inventoryManage/Application/Runtime/Cache/Home/3c4c8d61199cdfdeca49d55070a407c2d4411dea.file.pageheader.html.php 第 52 行.
NOTIC: [8] Undefined index: active /Applications/MAMP/htdocs/inventoryManage/Application/Runtime/Cache/Home/3c4c8d61199cdfdeca49d55070a407c2d4411dea.file.pageheader.html.php 第 52 行.
INFO: Run Behavior\ParseTemplateBehavior [ RunTime:0.013069s ]
INFO: [ view_parse ] --END-- [ RunTime:0.013149s ]
INFO: [ view_filter ] --START--
INFO: Run Behavior\WriteHtmlCacheBehavior [ RunTime:0.000151s ]
INFO: [ view_filter ] --END-- [ RunTime:0.000194s ]
NOTIC: [2] Cannot modify header information - headers already sent by (output started at /Applications/MAMP/htdocs/inventoryManage/Application/Home/Common/function.php:1) /Applications/MAMP/htdocs/inventoryManage/ThinkPHP/Library/Think/View.class.php 第 91 行.
NOTIC: [2] Cannot modify header information - headers already sent by (output started at /Applications/MAMP/htdocs/inventoryManage/Application/Home/Common/function.php:1) /Applications/MAMP/htdocs/inventoryManage/ThinkPHP/Library/Think/View.class.php 第 92 行.
NOTIC: [2] Cannot modify header information - headers already sent by (output started at /Applications/MAMP/htdocs/inventoryManage/Application/Home/Common/function.php:1) /Applications/MAMP/htdocs/inventoryManage/ThinkPHP/Library/Think/View.class.php 第 93 行.
INFO: [ app_end ] --START--
INFO: Run Behavior\ShowPageTraceBehavior [ RunTime:0.000480s ]
INFO: [ app_end ] --END-- [ RunTime:0.000535s ]

[ 2016-06-26T14:15:47+08:00 ] 127.0.0.1 /index.php/Home/Inventory/inventoryList
INFO: [ app_init ] --START--
INFO: Run Behavior\BuildLiteBehavior [ RunTime:0.000015s ]
INFO: [ app_init ] --END-- [ RunTime:0.000304s ]
INFO: [ app_begin ] --START--
INFO: Run Behavior\ReadHtmlCacheBehavior [ RunTime:0.000396s ]
INFO: [ app_begin ] --END-- [ RunTime:0.000447s ]
NOTIC: [2] session_start(): Cannot send session cookie - headers already sent by (output started at /Applications/MAMP/htdocs/inventoryManage/Application/Home/Common/function.php:1) /Applications/MAMP/htdocs/inventoryManage/ThinkPHP/Common/functions.php 第 1263 行.
NOTIC: [2] session_start(): Cannot send session cache limiter - headers already sent (output started at /Applications/MAMP/htdocs/inventoryManage/Application/Home/Common/function.php:1) /Applications/MAMP/htdocs/inventoryManage/ThinkPHP/Common/functions.php 第 1263 行.
SQL: SELECT * FROM im_navbar [ RunTime:0.0002s ]
NOTIC: [8] Undefined variable: title /Applications/MAMP/htdocs/inventoryManage/Application/Home/Controller/PublicController.class.php 第 18 行.
SQL: SHOW COLUMNS FROM `im_inventory` [ RunTime:0.0019s ]
SQL: SELECT count(id) FROM im_inventory WHERE 1=1  LIMIT 1  [ RunTime:0.0002s ]
SQL: SELECT *,FROM_UNIXTIME(add_time) as add_time FROM im_inventory WHERE 1=1  LIMIT 0,10 [ RunTime:0.0003s ]

[ 2016-06-26T14:15:47+08:00 ] 127.0.0.1 /index.php/Home/Inventory/Public/upload/20160515/1463296255.png
INFO: [ app_init ] --START--
INFO: Run Behavior\BuildLiteBehavior [ RunTime:0.000032s ]
INFO: [ app_init ] --END-- [ RunTime:0.000898s ]
NOTIC: [2] Cannot modify header information - headers already sent by (output started at /Applications/MAMP/htdocs/inventoryManage/Application/Home/Common/function.php:1) /Applications/MAMP/htdocs/inventoryManage/ThinkPHP/Common/functions.php 第 1532 行.
NOTIC: [2] Cannot modify header information - headers already sent by (output started at /Applications/MAMP/htdocs/inventoryManage/Application/Home/Common/function.php:1) /Applications/MAMP/htdocs/inventoryManage/ThinkPHP/Common/functions.php 第 1534 行.

[ 2016-06-26T14:15:47+08:00 ] 127.0.0.1 /index.php/Home/Inventory/sdfasdf
INFO: [ app_init ] --START--
INFO: Run Behavior\BuildLiteBehavior [ RunTime:0.000016s ]
INFO: [ app_init ] --END-- [ RunTime:0.000458s ]
INFO: [ app_begin ] --START--
INFO: Run Behavior\ReadHtmlCacheBehavior [ RunTime:0.000394s ]
INFO: [ app_begin ] --END-- [ RunTime:0.000448s ]
NOTIC: [2] session_start(): Cannot send session cookie - headers already sent by (output started at /Applications/MAMP/htdocs/inventoryManage/Application/Home/Common/function.php:1) /Applications/MAMP/htdocs/inventoryManage/ThinkPHP/Common/functions.php 第 1263 行.
NOTIC: [2] session_start(): Cannot send session cache limiter - headers already sent (output started at /Applications/MAMP/htdocs/inventoryManage/Application/Home/Common/function.php:1) /Applications/MAMP/htdocs/inventoryManage/ThinkPHP/Common/functions.php 第 1263 行.
SQL: SELECT * FROM im_navbar [ RunTime:0.0002s ]
NOTIC: [8] Undefined variable: title /Applications/MAMP/htdocs/inventoryManage/Application/Home/Controller/PublicController.class.php 第 18 行.
ERR: 非法操作:sdfasdf
NOTIC: [2] Cannot modify header information - headers already sent by (output started at /Applications/MAMP/htdocs/inventoryManage/Application/Home/Common/function.php:1) /Applications/MAMP/htdocs/inventoryManage/ThinkPHP/Library/Think/Think.class.php 第 229 行.
NOTIC: [2] Cannot modify header information - headers already sent by (output started at /Applications/MAMP/htdocs/inventoryManage/Application/Home/Common/function.php:1) /Applications/MAMP/htdocs/inventoryManage/ThinkPHP/Library/Think/Think.class.php 第 230 行.

[ 2016-06-26T14:15:47+08:00 ] 127.0.0.1 /index.php/Home/Inventory/sdfasd
INFO: [ app_init ] --START--
INFO: Run Behavior\BuildLiteBehavior [ RunTime:0.000022s ]
INFO: [ app_init ] --END-- [ RunTime:0.000488s ]
INFO: [ app_begin ] --START--
INFO: Run Behavior\ReadHtmlCacheBehavior [ RunTime:0.000592s ]
INFO: [ app_begin ] --END-- [ RunTime:0.000672s ]
NOTIC: [2] session_start(): Cannot send session cookie - headers already sent by (output started at /Applications/MAMP/htdocs/inventoryManage/Application/Home/Common/function.php:1) /Applications/MAMP/htdocs/inventoryManage/ThinkPHP/Common/functions.php 第 1263 行.
NOTIC: [2] session_start(): Cannot send session cache limiter - headers already sent (output started at /Applications/MAMP/htdocs/inventoryManage/Application/Home/Common/function.php:1) /Applications/MAMP/htdocs/inventoryManage/ThinkPHP/Common/functions.php 第 1263 行.
SQL: SELECT * FROM im_navbar [ RunTime:0.0003s ]
NOTIC: [8] Undefined variable: title /Applications/MAMP/htdocs/inventoryManage/Application/Home/Controller/PublicController.class.php 第 18 行.
ERR: 非法操作:sdfasd
NOTIC: [2] Cannot modify header information - headers already sent by (output started at /Applications/MAMP/htdocs/inventoryManage/Application/Home/Common/function.php:1) /Applications/MAMP/htdocs/inventoryManage/ThinkPHP/Library/Think/Think.class.php 第 229 行.
NOTIC: [2] Cannot modify header information - headers already sent by (output started at /Applications/MAMP/htdocs/inventoryManage/Application/Home/Common/function.php:1) /Applications/MAMP/htdocs/inventoryManage/ThinkPHP/Library/Think/Think.class.php 第 230 行.

[ 2016-06-26T14:15:47+08:00 ] 127.0.0.1 /index.php/Home/Inventory/inventoryAddView
INFO: [ app_init ] --START--
INFO: Run Behavior\BuildLiteBehavior [ RunTime:0.000013s ]
INFO: [ app_init ] --END-- [ RunTime:0.000296s ]
INFO: [ app_begin ] --START--
INFO: Run Behavior\ReadHtmlCacheBehavior [ RunTime:0.000390s ]
INFO: [ app_begin ] --END-- [ RunTime:0.000440s ]
NOTIC: [2] session_start(): Cannot send session cookie - headers already sent by (output started at /Applications/MAMP/htdocs/inventoryManage/Application/Home/Common/function.php:1) /Applications/MAMP/htdocs/inventoryManage/ThinkPHP/Common/functions.php 第 1263 行.
NOTIC: [2] session_start(): Cannot send session cache limiter - headers already sent (output started at /Applications/MAMP/htdocs/inventoryManage/Application/Home/Common/function.php:1) /Applications/MAMP/htdocs/inventoryManage/ThinkPHP/Common/functions.php 第 1263 行.
SQL: SELECT * FROM im_navbar [ RunTime:0.0002s ]
INFO: [ view_parse ] --START--
NOTIC: [2] filemtime(): stat failed for ./Application/Home/View/Application/Home/View/Public/pageheader.html /Applications/MAMP/htdocs/inventoryManage/ThinkPHP/Library/Vendor/Smarty/sysplugins/smarty_resource.php 第 315 行.
NOTIC: [8] Undefined index: active /Applications/MAMP/htdocs/inventoryManage/Application/Runtime/Cache/Home/3c4c8d61199cdfdeca49d55070a407c2d4411dea.file.pageheader.html.php 第 52 行.
NOTIC: [8] Undefined index: active /Applications/MAMP/htdocs/inventoryManage/Application/Runtime/Cache/Home/3c4c8d61199cdfdeca49d55070a407c2d4411dea.file.pageheader.html.php 第 52 行.
NOTIC: [8] Undefined index: active /Applications/MAMP/htdocs/inventoryManage/Application/Runtime/Cache/Home/3c4c8d61199cdfdeca49d55070a407c2d4411dea.file.pageheader.html.php 第 52 行.
INFO: Run Behavior\ParseTemplateBehavior [ RunTime:0.009383s ]
INFO: [ view_parse ] --END-- [ RunTime:0.009454s ]
INFO: [ view_filter ] --START--
INFO: Run Behavior\WriteHtmlCacheBehavior [ RunTime:0.000185s ]
INFO: [ view_filter ] --END-- [ RunTime:0.000238s ]
NOTIC: [2] Cannot modify header information - headers already sent by (output started at /Applications/MAMP/htdocs/inventoryManage/Application/Home/Common/function.php:1) /Applications/MAMP/htdocs/inventoryManage/ThinkPHP/Library/Think/View.class.php 第 91 行.
NOTIC: [2] Cannot modify header information - headers already sent by (output started at /Applications/MAMP/htdocs/inventoryManage/Application/Home/Common/function.php:1) /Applications/MAMP/htdocs/inventoryManage/ThinkPHP/Library/Think/View.class.php 第 92 行.
NOTIC: [2] Cannot modify header information - headers already sent by (output started at /Applications/MAMP/htdocs/inventoryManage/Application/Home/Common/function.php:1) /Applications/MAMP/htdocs/inventoryManage/ThinkPHP/Library/Think/View.class.php 第 93 行.
INFO: [ app_end ] --START--
INFO: Run Behavior\ShowPageTraceBehavior [ RunTime:0.000448s ]
INFO: [ app_end ] --END-- [ RunTime:0.000534s ]

[ 2016-06-26T14:15:48+08:00 ] 127.0.0.1 /index.php/Home/Bill/billSettleView
INFO: [ app_init ] --START--
INFO: Run Behavior\BuildLiteBehavior [ RunTime:0.000014s ]
INFO: [ app_init ] --END-- [ RunTime:0.000312s ]
INFO: [ app_begin ] --START--
INFO: Run Behavior\ReadHtmlCacheBehavior [ RunTime:0.000376s ]
INFO: [ app_begin ] --END-- [ RunTime:0.000426s ]
NOTIC: [2] session_start(): Cannot send session cookie - headers already sent by (output started at /Applications/MAMP/htdocs/inventoryManage/Application/Home/Common/function.php:1) /Applications/MAMP/htdocs/inventoryManage/ThinkPHP/Common/functions.php 第 1263 行.
NOTIC: [2] session_start(): Cannot send session cache limiter - headers already sent (output started at /Applications/MAMP/htdocs/inventoryManage/Application/Home/Common/function.php:1) /Applications/MAMP/htdocs/inventoryManage/ThinkPHP/Common/functions.php 第 1263 行.
SQL: SELECT * FROM im_navbar [ RunTime:0.0019s ]
SQL: SHOW COLUMNS FROM `im_inventory` [ RunTime:0.0011s ]
SQL: SELECT DISTINCT name FROM im_inventory [ RunTime:0.0002s ]
INFO: [ view_parse ] --START--
NOTIC: [2] filemtime(): stat failed for ./Application/Home/View/Application/Home/View/Public/pageheader.html /Applications/MAMP/htdocs/inventoryManage/ThinkPHP/Library/Vendor/Smarty/sysplugins/smarty_resource.php 第 315 行.
NOTIC: [8] Undefined index: active /Applications/MAMP/htdocs/inventoryManage/Application/Runtime/Cache/Home/3c4c8d61199cdfdeca49d55070a407c2d4411dea.file.pageheader.html.php 第 52 行.
NOTIC: [8] Undefined index: active /Applications/MAMP/htdocs/inventoryManage/Application/Runtime/Cache/Home/3c4c8d61199cdfdeca49d55070a407c2d4411dea.file.pageheader.html.php 第 52 行.
NOTIC: [8] Undefined index: active /Applications/MAMP/htdocs/inventoryManage/Application/Runtime/Cache/Home/3c4c8d61199cdfdeca49d55070a407c2d4411dea.file.pageheader.html.php 第 52 行.
NOTIC: [2] filemtime(): stat failed for ./Application/Home/View/Application/Home/View/Public/modal.html /Applications/MAMP/htdocs/inventoryManage/ThinkPHP/Library/Vendor/Smarty/sysplugins/smarty_resource.php 第 315 行.
INFO: Run Behavior\ParseTemplateBehavior [ RunTime:0.009553s ]
INFO: [ view_parse ] --END-- [ RunTime:0.009608s ]
INFO: [ view_filter ] --START--
INFO: Run Behavior\WriteHtmlCacheBehavior [ RunTime:0.000166s ]
INFO: [ view_filter ] --END-- [ RunTime:0.000215s ]
NOTIC: [2] Cannot modify header information - headers already sent by (output started at /Applications/MAMP/htdocs/inventoryManage/Application/Home/Common/function.php:1) /Applications/MAMP/htdocs/inventoryManage/ThinkPHP/Library/Think/View.class.php 第 91 行.
NOTIC: [2] Cannot modify header information - headers already sent by (output started at /Applications/MAMP/htdocs/inventoryManage/Application/Home/Common/function.php:1) /Applications/MAMP/htdocs/inventoryManage/ThinkPHP/Library/Think/View.class.php 第 92 行.
NOTIC: [2] Cannot modify header information - headers already sent by (output started at /Applications/MAMP/htdocs/inventoryManage/Application/Home/Common/function.php:1) /Applications/MAMP/htdocs/inventoryManage/ThinkPHP/Library/Think/View.class.php 第 93 行.
INFO: [ app_end ] --START--
INFO: Run Behavior\ShowPageTraceBehavior [ RunTime:0.000492s ]
INFO: [ app_end ] --END-- [ RunTime:0.000545s ]

[ 2016-06-26T14:15:48+08:00 ] 127.0.0.1 /index.php/Home/Bill/billListView
INFO: [ app_init ] --START--
INFO: Run Behavior\BuildLiteBehavior [ RunTime:0.000013s ]
INFO: [ app_init ] --END-- [ RunTime:0.000292s ]
INFO: [ app_begin ] --START--
INFO: Run Behavior\ReadHtmlCacheBehavior [ RunTime:0.000408s ]
INFO: [ app_begin ] --END-- [ RunTime:0.000463s ]
NOTIC: [2] session_start(): Cannot send session cookie - headers already sent by (output started at /Applications/MAMP/htdocs/inventoryManage/Application/Home/Common/function.php:1) /Applications/MAMP/htdocs/inventoryManage/ThinkPHP/Common/functions.php 第 1263 行.
NOTIC: [2] session_start(): Cannot send session cache limiter - headers already sent (output started at /Applications/MAMP/htdocs/inventoryManage/Application/Home/Common/function.php:1) /Applications/MAMP/htdocs/inventoryManage/ThinkPHP/Common/functions.php 第 1263 行.
SQL: SELECT * FROM im_navbar [ RunTime:0.0002s ]
INFO: [ view_parse ] --START--
NOTIC: [2] filemtime(): stat failed for ./Application/Home/View/Application/Home/View/Public/pageheader.html /Applications/MAMP/htdocs/inventoryManage/ThinkPHP/Library/Vendor/Smarty/sysplugins/smarty_resource.php 第 315 行.
NOTIC: [8] Undefined index: active /Applications/MAMP/htdocs/inventoryManage/Application/Runtime/Cache/Home/3c4c8d61199cdfdeca49d55070a407c2d4411dea.file.pageheader.html.php 第 52 行.
NOTIC: [8] Undefined index: active /Applications/MAMP/htdocs/inventoryManage/Application/Runtime/Cache/Home/3c4c8d61199cdfdeca49d55070a407c2d4411dea.file.pageheader.html.php 第 52 行.
NOTIC: [8] Undefined index: active /Applications/MAMP/htdocs/inventoryManage/Application/Runtime/Cache/Home/3c4c8d61199cdfdeca49d55070a407c2d4411dea.file.pageheader.html.php 第 52 行.
NOTIC: [2] filemtime(): stat failed for ./Application/Home/View/Application/Home/View/Public/modal.html /Applications/MAMP/htdocs/inventoryManage/ThinkPHP/Library/Vendor/Smarty/sysplugins/smarty_resource.php 第 315 行.
INFO: Run Behavior\ParseTemplateBehavior [ RunTime:0.010397s ]
INFO: [ view_parse ] --END-- [ RunTime:0.010487s ]
INFO: [ view_filter ] --START--
INFO: Run Behavior\WriteHtmlCacheBehavior [ RunTime:0.000222s ]
INFO: [ view_filter ] --END-- [ RunTime:0.000278s ]
NOTIC: [2] Cannot modify header information - headers already sent by (output started at /Applications/MAMP/htdocs/inventoryManage/Application/Home/Common/function.php:1) /Applications/MAMP/htdocs/inventoryManage/ThinkPHP/Library/Think/View.class.php 第 91 行.
NOTIC: [2] Cannot modify header information - headers already sent by (output started at /Applications/MAMP/htdocs/inventoryManage/Application/Home/Common/function.php:1) /Applications/MAMP/htdocs/inventoryManage/ThinkPHP/Library/Think/View.class.php 第 92 行.
NOTIC: [2] Cannot modify header information - headers already sent by (output started at /Applications/MAMP/htdocs/inventoryManage/Application/Home/Common/function.php:1) /Applications/MAMP/htdocs/inventoryManage/ThinkPHP/Library/Think/View.class.php 第 93 行.
INFO: [ app_end ] --START--
INFO: Run Behavior\ShowPageTraceBehavior [ RunTime:0.000461s ]
INFO: [ app_end ] --END-- [ RunTime:0.000507s ]

[ 2016-06-26T14:15:48+08:00 ] 127.0.0.1 /index.php/Home/Bill/billList
INFO: [ app_init ] --START--
INFO: Run Behavior\BuildLiteBehavior [ RunTime:0.000014s ]
INFO: [ app_init ] --END-- [ RunTime:0.000345s ]
INFO: [ app_begin ] --START--
INFO: Run Behavior\ReadHtmlCacheBehavior [ RunTime:0.000514s ]
INFO: [ app_begin ] --END-- [ RunTime:0.000575s ]
NOTIC: [2] session_start(): Cannot send session cookie - headers already sent by (output started at /Applications/MAMP/htdocs/inventoryManage/Application/Home/Common/function.php:1) /Applications/MAMP/htdocs/inventoryManage/ThinkPHP/Common/functions.php 第 1263 行.
NOTIC: [2] session_start(): Cannot send session cache limiter - headers already sent (output started at /Applications/MAMP/htdocs/inventoryManage/Application/Home/Common/function.php:1) /Applications/MAMP/htdocs/inventoryManage/ThinkPHP/Common/functions.php 第 1263 行.
SQL: SELECT * FROM im_navbar [ RunTime:0.0003s ]
NOTIC: [8] Undefined variable: title /Applications/MAMP/htdocs/inventoryManage/Application/Home/Controller/PublicController.class.php 第 18 行.
SQL: SHOW COLUMNS FROM `im_bill` [ RunTime:0.0032s ]
NOTIC: [8] Undefined index: start_time /Applications/MAMP/htdocs/inventoryManage/Application/Home/Model/BillModel.class.php 第 69 行.
NOTIC: [8] Undefined index: end_time /Applications/MAMP/htdocs/inventoryManage/Application/Home/Model/BillModel.class.php 第 72 行.
SQL: SELECT * FROM im_bill where 1=1  [ RunTime:0.0002s ]
NOTIC: [8] Undefined offset: 1463390344 /Applications/MAMP/htdocs/inventoryManage/Application/Home/Model/BillModel.class.php 第 80 行.
NOTIC: [8] Undefined index: profit /Applications/MAMP/htdocs/inventoryManage/Application/Home/Model/BillModel.class.php 第 80 行.
NOTIC: [8] Undefined index: number /Applications/MAMP/htdocs/inventoryManage/Application/Home/Model/BillModel.class.php 第 81 行.
NOTIC: [8] Undefined offset: 1463241600 /Applications/MAMP/htdocs/inventoryManage/Application/Home/Model/BillModel.class.php 第 80 行.
NOTIC: [8] Undefined index: profit /Applications/MAMP/htdocs/inventoryManage/Application/Home/Model/BillModel.class.php 第 80 行.
NOTIC: [8] Undefined index: number /Applications/MAMP/htdocs/inventoryManage/Application/Home/Model/BillModel.class.php 第 81 行.

[ 2016-06-26T14:15:50+08:00 ] 127.0.0.1 /index.php/Home/Inventory/inventoryListView
INFO: [ app_init ] --START--
INFO: Run Behavior\BuildLiteBehavior [ RunTime:0.000015s ]
INFO: [ app_init ] --END-- [ RunTime:0.000313s ]
INFO: [ app_begin ] --START--
INFO: Run Behavior\ReadHtmlCacheBehavior [ RunTime:0.000437s ]
INFO: [ app_begin ] --END-- [ RunTime:0.000499s ]
NOTIC: [2] session_start(): Cannot send session cookie - headers already sent by (output started at /Applications/MAMP/htdocs/inventoryManage/Application/Home/Common/function.php:1) /Applications/MAMP/htdocs/inventoryManage/ThinkPHP/Common/functions.php 第 1263 行.
NOTIC: [2] session_start(): Cannot send session cache limiter - headers already sent (output started at /Applications/MAMP/htdocs/inventoryManage/Application/Home/Common/function.php:1) /Applications/MAMP/htdocs/inventoryManage/ThinkPHP/Common/functions.php 第 1263 行.
SQL: SELECT * FROM im_navbar [ RunTime:0.0002s ]
SQL: SHOW COLUMNS FROM `im_inventory` [ RunTime:0.0024s ]
SQL: SELECT DISTINCT type FROM im_inventory [ RunTime:0.0005s ]
SQL: SELECT DISTINCT name FROM im_inventory [ RunTime:0.0003s ]
INFO: [ view_parse ] --START--
NOTIC: [2] filemtime(): stat failed for ./Application/Home/View/Application/Home/View/Public/pageheader.html /Applications/MAMP/htdocs/inventoryManage/ThinkPHP/Library/Vendor/Smarty/sysplugins/smarty_resource.php 第 315 行.
NOTIC: [8] Undefined index: active /Applications/MAMP/htdocs/inventoryManage/Application/Runtime/Cache/Home/3c4c8d61199cdfdeca49d55070a407c2d4411dea.file.pageheader.html.php 第 52 行.
NOTIC: [8] Undefined index: active /Applications/MAMP/htdocs/inventoryManage/Application/Runtime/Cache/Home/3c4c8d61199cdfdeca49d55070a407c2d4411dea.file.pageheader.html.php 第 52 行.
NOTIC: [8] Undefined index: active /Applications/MAMP/htdocs/inventoryManage/Application/Runtime/Cache/Home/3c4c8d61199cdfdeca49d55070a407c2d4411dea.file.pageheader.html.php 第 52 行.
INFO: Run Behavior\ParseTemplateBehavior [ RunTime:0.011312s ]
INFO: [ view_parse ] --END-- [ RunTime:0.011374s ]
INFO: [ view_filter ] --START--
INFO: Run Behavior\WriteHtmlCacheBehavior [ RunTime:0.000124s ]
INFO: [ view_filter ] --END-- [ RunTime:0.000166s ]
NOTIC: [2] Cannot modify header information - headers already sent by (output started at /Applications/MAMP/htdocs/inventoryManage/Application/Home/Common/function.php:1) /Applications/MAMP/htdocs/inventoryManage/ThinkPHP/Library/Think/View.class.php 第 91 行.
NOTIC: [2] Cannot modify header information - headers already sent by (output started at /Applications/MAMP/htdocs/inventoryManage/Application/Home/Common/function.php:1) /Applications/MAMP/htdocs/inventoryManage/ThinkPHP/Library/Think/View.class.php 第 92 行.
NOTIC: [2] Cannot modify header information - headers already sent by (output started at /Applications/MAMP/htdocs/inventoryManage/Application/Home/Common/function.php:1) /Applications/MAMP/htdocs/inventoryManage/ThinkPHP/Library/Think/View.class.php 第 93 行.
INFO: [ app_end ] --START--
INFO: Run Behavior\ShowPageTraceBehavior [ RunTime:0.000403s ]
INFO: [ app_end ] --END-- [ RunTime:0.000446s ]

[ 2016-06-26T14:15:50+08:00 ] 127.0.0.1 /index.php/Home/Inventory/inventoryList
INFO: [ app_init ] --START--
INFO: Run Behavior\BuildLiteBehavior [ RunTime:0.000013s ]
INFO: [ app_init ] --END-- [ RunTime:0.000294s ]
INFO: [ app_begin ] --START--
INFO: Run Behavior\ReadHtmlCacheBehavior [ RunTime:0.000372s ]
INFO: [ app_begin ] --END-- [ RunTime:0.000418s ]
NOTIC: [2] session_start(): Cannot send session cookie - headers already sent by (output started at /Applications/MAMP/htdocs/inventoryManage/Application/Home/Common/function.php:1) /Applications/MAMP/htdocs/inventoryManage/ThinkPHP/Common/functions.php 第 1263 行.
NOTIC: [2] session_start(): Cannot send session cache limiter - headers already sent (output started at /Applications/MAMP/htdocs/inventoryManage/Application/Home/Common/function.php:1) /Applications/MAMP/htdocs/inventoryManage/ThinkPHP/Common/functions.php 第 1263 行.
SQL: SELECT * FROM im_navbar [ RunTime:0.0003s ]
NOTIC: [8] Undefined variable: title /Applications/MAMP/htdocs/inventoryManage/Application/Home/Controller/PublicController.class.php 第 18 行.
SQL: SHOW COLUMNS FROM `im_inventory` [ RunTime:0.0010s ]
SQL: SELECT count(id) FROM im_inventory WHERE 1=1  LIMIT 1  [ RunTime:0.0002s ]
SQL: SELECT *,FROM_UNIXTIME(add_time) as add_time FROM im_inventory WHERE 1=1  LIMIT 0,10 [ RunTime:0.0002s ]

[ 2016-06-26T14:15:50+08:00 ] 127.0.0.1 /index.php/Home/Inventory/Public/upload/20160515/1463296255.png
INFO: [ app_init ] --START--
INFO: Run Behavior\BuildLiteBehavior [ RunTime:0.000025s ]
INFO: [ app_init ] --END-- [ RunTime:0.000682s ]
NOTIC: [2] Cannot modify header information - headers already sent by (output started at /Applications/MAMP/htdocs/inventoryManage/Application/Home/Common/function.php:1) /Applications/MAMP/htdocs/inventoryManage/ThinkPHP/Common/functions.php 第 1532 行.
NOTIC: [2] Cannot modify header information - headers already sent by (output started at /Applications/MAMP/htdocs/inventoryManage/Application/Home/Common/function.php:1) /Applications/MAMP/htdocs/inventoryManage/ThinkPHP/Common/functions.php 第 1534 行.

[ 2016-06-26T14:15:50+08:00 ] 127.0.0.1 /index.php/Home/Inventory/sdfasd
INFO: [ app_init ] --START--
INFO: Run Behavior\BuildLiteBehavior [ RunTime:0.000019s ]
INFO: [ app_init ] --END-- [ RunTime:0.000431s ]
INFO: [ app_begin ] --START--
INFO: Run Behavior\ReadHtmlCacheBehavior [ RunTime:0.001323s ]
INFO: [ app_begin ] --END-- [ RunTime:0.001468s ]
NOTIC: [2] session_start(): Cannot send session cookie - headers already sent by (output started at /Applications/MAMP/htdocs/inventoryManage/Application/Home/Common/function.php:1) /Applications/MAMP/htdocs/inventoryManage/ThinkPHP/Common/functions.php 第 1263 行.
NOTIC: [2] session_start(): Cannot send session cache limiter - headers already sent (output started at /Applications/MAMP/htdocs/inventoryManage/Application/Home/Common/function.php:1) /Applications/MAMP/htdocs/inventoryManage/ThinkPHP/Common/functions.php 第 1263 行.
SQL: SELECT * FROM im_navbar [ RunTime:0.0002s ]
NOTIC: [8] Undefined variable: title /Applications/MAMP/htdocs/inventoryManage/Application/Home/Controller/PublicController.class.php 第 18 行.
ERR: 非法操作:sdfasd
NOTIC: [2] Cannot modify header information - headers already sent by (output started at /Applications/MAMP/htdocs/inventoryManage/Application/Home/Common/function.php:1) /Applications/MAMP/htdocs/inventoryManage/ThinkPHP/Library/Think/Think.class.php 第 229 行.
NOTIC: [2] Cannot modify header information - headers already sent by (output started at /Applications/MAMP/htdocs/inventoryManage/Application/Home/Common/function.php:1) /Applications/MAMP/htdocs/inventoryManage/ThinkPHP/Library/Think/Think.class.php 第 230 行.

[ 2016-06-26T14:15:50+08:00 ] 127.0.0.1 /index.php/Home/Inventory/sdfasdf
INFO: [ app_init ] --START--
INFO: Run Behavior\BuildLiteBehavior [ RunTime:0.000014s ]
INFO: [ app_init ] --END-- [ RunTime:0.000299s ]
INFO: [ app_begin ] --START--
INFO: Run Behavior\ReadHtmlCacheBehavior [ RunTime:0.000387s ]
INFO: [ app_begin ] --END-- [ RunTime:0.000438s ]
NOTIC: [2] session_start(): Cannot send session cookie - headers already sent by (output started at /Applications/MAMP/htdocs/inventoryManage/Application/Home/Common/function.php:1) /Applications/MAMP/htdocs/inventoryManage/ThinkPHP/Common/functions.php 第 1263 行.
NOTIC: [2] session_start(): Cannot send session cache limiter - headers already sent (output started at /Applications/MAMP/htdocs/inventoryManage/Application/Home/Common/function.php:1) /Applications/MAMP/htdocs/inventoryManage/ThinkPHP/Common/functions.php 第 1263 行.
SQL: SELECT * FROM im_navbar [ RunTime:0.0005s ]
NOTIC: [8] Undefined variable: title /Applications/MAMP/htdocs/inventoryManage/Application/Home/Controller/PublicController.class.php 第 18 行.
ERR: 非法操作:sdfasdf
NOTIC: [2] Cannot modify header information - headers already sent by (output started at /Applications/MAMP/htdocs/inventoryManage/Application/Home/Common/function.php:1) /Applications/MAMP/htdocs/inventoryManage/ThinkPHP/Library/Think/Think.class.php 第 229 行.
NOTIC: [2] Cannot modify header information - headers already sent by (output started at /Applications/MAMP/htdocs/inventoryManage/Application/Home/Common/function.php:1) /Applications/MAMP/htdocs/inventoryManage/ThinkPHP/Library/Think/Think.class.php 第 230 行.

