[ 2016-07-16T10:33:53+08:00 ] ::1 /inventory/
INFO: [ app_init ] --START--
INFO: Run Behavior\BuildLiteBehavior [ RunTime:0.000018s ]
INFO: [ app_init ] --END-- [ RunTime:0.001610s ]
INFO: [ app_begin ] --START--
INFO: Run Behavior\ReadHtmlCacheBehavior [ RunTime:0.000403s ]
INFO: [ app_begin ] --END-- [ RunTime:0.000448s ]
NOTIC: [2] session_start(): Cannot send session cache limiter - headers already sent (output started at /Applications/MAMP/htdocs/inventory/Application/Home/Common/function.php:1) /Applications/MAMP/htdocs/inventory/ThinkPHP/Common/functions.php 第 1263 行.
ERR: SQLSTATE[HY000] [1049] Unknown database 'inventory'
NOTIC: [2] Cannot modify header information - headers already sent by (output started at /Applications/MAMP/htdocs/inventory/Application/Home/Common/function.php:1) /Applications/MAMP/htdocs/inventory/ThinkPHP/Library/Think/Think.class.php 第 229 行.
NOTIC: [2] Cannot modify header information - headers already sent by (output started at /Applications/MAMP/htdocs/inventory/Application/Home/Common/function.php:1) /Applications/MAMP/htdocs/inventory/ThinkPHP/Library/Think/Think.class.php 第 230 行.

[ 2016-07-16T10:34:33+08:00 ] ::1 /inventory/
INFO: [ app_init ] --START--
INFO: Run Behavior\BuildLiteBehavior [ RunTime:0.000020s ]
INFO: [ app_init ] --END-- [ RunTime:0.000569s ]
INFO: [ app_begin ] --START--
INFO: Run Behavior\ReadHtmlCacheBehavior [ RunTime:0.000660s ]
INFO: [ app_begin ] --END-- [ RunTime:0.000716s ]
NOTIC: [2] session_start(): Cannot send session cache limiter - headers already sent (output started at /Applications/MAMP/htdocs/inventory/Application/Home/Common/function.php:1) /Applications/MAMP/htdocs/inventory/ThinkPHP/Common/functions.php 第 1263 行.
ERR: SQLSTATE[HY000] [1049] Unknown database 'inventory'
NOTIC: [2] Cannot modify header information - headers already sent by (output started at /Applications/MAMP/htdocs/inventory/Application/Home/Common/function.php:1) /Applications/MAMP/htdocs/inventory/ThinkPHP/Library/Think/Think.class.php 第 229 行.
NOTIC: [2] Cannot modify header information - headers already sent by (output started at /Applications/MAMP/htdocs/inventory/Application/Home/Common/function.php:1) /Applications/MAMP/htdocs/inventory/ThinkPHP/Library/Think/Think.class.php 第 230 行.

[ 2016-07-16T12:37:18+08:00 ] 127.0.0.1 /inventory/index.php
INFO: [ app_init ] --START--
INFO: Run Behavior\BuildLiteBehavior [ RunTime:0.000022s ]
INFO: [ app_init ] --END-- [ RunTime:0.000573s ]
INFO: [ app_begin ] --START--
INFO: Run Behavior\ReadHtmlCacheBehavior [ RunTime:0.000552s ]
INFO: [ app_begin ] --END-- [ RunTime:0.000602s ]
NOTIC: [2] session_start(): Cannot send session cookie - headers already sent by (output started at /Applications/MAMP/htdocs/inventory/Application/Home/Common/function.php:1) /Applications/MAMP/htdocs/inventory/ThinkPHP/Common/functions.php 第 1263 行.
NOTIC: [2] session_start(): Cannot send session cache limiter - headers already sent (output started at /Applications/MAMP/htdocs/inventory/Application/Home/Common/function.php:1) /Applications/MAMP/htdocs/inventory/ThinkPHP/Common/functions.php 第 1263 行.
ERR: SQLSTATE[HY000] [1049] Unknown database 'inventory'
NOTIC: [2] Cannot modify header information - headers already sent by (output started at /Applications/MAMP/htdocs/inventory/Application/Home/Common/function.php:1) /Applications/MAMP/htdocs/inventory/ThinkPHP/Library/Think/Think.class.php 第 229 行.
NOTIC: [2] Cannot modify header information - headers already sent by (output started at /Applications/MAMP/htdocs/inventory/Application/Home/Common/function.php:1) /Applications/MAMP/htdocs/inventory/ThinkPHP/Library/Think/Think.class.php 第 230 行.

[ 2016-07-16T15:08:41+08:00 ] ::1 /inventory/
INFO: [ app_init ] --START--
INFO: Run Behavior\BuildLiteBehavior [ RunTime:0.000023s ]
INFO: [ app_init ] --END-- [ RunTime:0.000817s ]
INFO: [ app_begin ] --START--
INFO: Run Behavior\ReadHtmlCacheBehavior [ RunTime:0.001155s ]
INFO: [ app_begin ] --END-- [ RunTime:0.001271s ]
NOTIC: [2] session_start(): Cannot send session cache limiter - headers already sent (output started at /Applications/MAMP/htdocs/inventory/Application/Home/Common/function.php:1) /Applications/MAMP/htdocs/inventory/ThinkPHP/Common/functions.php 第 1263 行.
SQL: SELECT * FROM im_navbar [ RunTime:0.0012s ]
INFO: [ view_parse ] --START--
NOTIC: [2] filemtime(): stat failed for ./Application/Home/View/Application/Home/View/Public/pageheader.html /Applications/MAMP/htdocs/inventory/ThinkPHP/Library/Vendor/Smarty/sysplugins/smarty_resource.php 第 315 行.
NOTIC: [8] Undefined index: title /Applications/MAMP/htdocs/inventory/Application/Runtime/Cache/Home/3c4c8d61199cdfdeca49d55070a407c2d4411dea.file.pageheader.html.php 第 33 行.
NOTIC: [8] Trying to get property of non-object /Applications/MAMP/htdocs/inventory/Application/Runtime/Cache/Home/3c4c8d61199cdfdeca49d55070a407c2d4411dea.file.pageheader.html.php 第 33 行.
NOTIC: [8] Undefined index: child /Applications/MAMP/htdocs/inventory/Application/Runtime/Cache/Home/3c4c8d61199cdfdeca49d55070a407c2d4411dea.file.pageheader.html.php 第 61 行.
NOTIC: [8] Undefined index: name /Applications/MAMP/htdocs/inventory/Application/Runtime/Cache/Home/3c4c8d61199cdfdeca49d55070a407c2d4411dea.file.pageheader.html.php 第 56 行.
NOTIC: [8] Undefined index: child /Applications/MAMP/htdocs/inventory/Application/Runtime/Cache/Home/3c4c8d61199cdfdeca49d55070a407c2d4411dea.file.pageheader.html.php 第 61 行.
NOTIC: [8] Undefined index: name /Applications/MAMP/htdocs/inventory/Application/Runtime/Cache/Home/3c4c8d61199cdfdeca49d55070a407c2d4411dea.file.pageheader.html.php 第 56 行.
INFO: Run Behavior\ParseTemplateBehavior [ RunTime:0.014545s ]
INFO: [ view_parse ] --END-- [ RunTime:0.014599s ]
INFO: [ view_filter ] --START--
INFO: Run Behavior\WriteHtmlCacheBehavior [ RunTime:0.000391s ]
INFO: [ view_filter ] --END-- [ RunTime:0.000432s ]
NOTIC: [2] Cannot modify header information - headers already sent by (output started at /Applications/MAMP/htdocs/inventory/Application/Home/Common/function.php:1) /Applications/MAMP/htdocs/inventory/ThinkPHP/Library/Think/View.class.php 第 91 行.
NOTIC: [2] Cannot modify header information - headers already sent by (output started at /Applications/MAMP/htdocs/inventory/Application/Home/Common/function.php:1) /Applications/MAMP/htdocs/inventory/ThinkPHP/Library/Think/View.class.php 第 92 行.
NOTIC: [2] Cannot modify header information - headers already sent by (output started at /Applications/MAMP/htdocs/inventory/Application/Home/Common/function.php:1) /Applications/MAMP/htdocs/inventory/ThinkPHP/Library/Think/View.class.php 第 93 行.
INFO: [ app_end ] --START--
INFO: Run Behavior\ShowPageTraceBehavior [ RunTime:0.000640s ]
INFO: [ app_end ] --END-- [ RunTime:0.000693s ]

[ 2016-07-16T15:08:43+08:00 ] ::1 /inventory/index.php
INFO: [ app_init ] --START--
INFO: Run Behavior\BuildLiteBehavior [ RunTime:0.000014s ]
INFO: [ app_init ] --END-- [ RunTime:0.000346s ]
INFO: [ app_begin ] --START--
INFO: Run Behavior\ReadHtmlCacheBehavior [ RunTime:0.000672s ]
INFO: [ app_begin ] --END-- [ RunTime:0.000757s ]
NOTIC: [2] session_start(): Cannot send session cache limiter - headers already sent (output started at /Applications/MAMP/htdocs/inventory/Application/Home/Common/function.php:1) /Applications/MAMP/htdocs/inventory/ThinkPHP/Common/functions.php 第 1263 行.
SQL: SELECT * FROM im_navbar [ RunTime:0.0004s ]
INFO: [ view_parse ] --START--
NOTIC: [2] filemtime(): stat failed for ./Application/Home/View/Application/Home/View/Public/pageheader.html /Applications/MAMP/htdocs/inventory/ThinkPHP/Library/Vendor/Smarty/sysplugins/smarty_resource.php 第 315 行.
NOTIC: [8] Undefined index: title /Applications/MAMP/htdocs/inventory/Application/Runtime/Cache/Home/3c4c8d61199cdfdeca49d55070a407c2d4411dea.file.pageheader.html.php 第 33 行.
NOTIC: [8] Trying to get property of non-object /Applications/MAMP/htdocs/inventory/Application/Runtime/Cache/Home/3c4c8d61199cdfdeca49d55070a407c2d4411dea.file.pageheader.html.php 第 33 行.
NOTIC: [8] Undefined index: child /Applications/MAMP/htdocs/inventory/Application/Runtime/Cache/Home/3c4c8d61199cdfdeca49d55070a407c2d4411dea.file.pageheader.html.php 第 61 行.
NOTIC: [8] Undefined index: name /Applications/MAMP/htdocs/inventory/Application/Runtime/Cache/Home/3c4c8d61199cdfdeca49d55070a407c2d4411dea.file.pageheader.html.php 第 56 行.
NOTIC: [8] Undefined index: child /Applications/MAMP/htdocs/inventory/Application/Runtime/Cache/Home/3c4c8d61199cdfdeca49d55070a407c2d4411dea.file.pageheader.html.php 第 61 行.
NOTIC: [8] Undefined index: name /Applications/MAMP/htdocs/inventory/Application/Runtime/Cache/Home/3c4c8d61199cdfdeca49d55070a407c2d4411dea.file.pageheader.html.php 第 56 行.
INFO: Run Behavior\ParseTemplateBehavior [ RunTime:0.014229s ]
INFO: [ view_parse ] --END-- [ RunTime:0.014294s ]
INFO: [ view_filter ] --START--
INFO: Run Behavior\WriteHtmlCacheBehavior [ RunTime:0.000213s ]
INFO: [ view_filter ] --END-- [ RunTime:0.000252s ]
NOTIC: [2] Cannot modify header information - headers already sent by (output started at /Applications/MAMP/htdocs/inventory/Application/Home/Common/function.php:1) /Applications/MAMP/htdocs/inventory/ThinkPHP/Library/Think/View.class.php 第 91 行.
NOTIC: [2] Cannot modify header information - headers already sent by (output started at /Applications/MAMP/htdocs/inventory/Application/Home/Common/function.php:1) /Applications/MAMP/htdocs/inventory/ThinkPHP/Library/Think/View.class.php 第 92 行.
NOTIC: [2] Cannot modify header information - headers already sent by (output started at /Applications/MAMP/htdocs/inventory/Application/Home/Common/function.php:1) /Applications/MAMP/htdocs/inventory/ThinkPHP/Library/Think/View.class.php 第 93 行.
INFO: [ app_end ] --START--
INFO: Run Behavior\ShowPageTraceBehavior [ RunTime:0.001126s ]
INFO: [ app_end ] --END-- [ RunTime:0.001223s ]

[ 2016-07-16T15:40:18+08:00 ] 127.0.0.1 /inventory/index.php
INFO: [ app_init ] --START--
INFO: Run Behavior\BuildLiteBehavior [ RunTime:0.000021s ]
INFO: [ app_init ] --END-- [ RunTime:0.000637s ]
INFO: [ app_begin ] --START--
INFO: Run Behavior\ReadHtmlCacheBehavior [ RunTime:0.000586s ]
INFO: [ app_begin ] --END-- [ RunTime:0.000637s ]
NOTIC: [2] session_start(): Cannot send session cookie - headers already sent by (output started at /Applications/MAMP/htdocs/inventory/Application/Home/Common/function.php:1) /Applications/MAMP/htdocs/inventory/ThinkPHP/Common/functions.php 第 1263 行.
NOTIC: [2] session_start(): Cannot send session cache limiter - headers already sent (output started at /Applications/MAMP/htdocs/inventory/Application/Home/Common/function.php:1) /Applications/MAMP/htdocs/inventory/ThinkPHP/Common/functions.php 第 1263 行.
SQL: SELECT * FROM im_navbar [ RunTime:0.0016s ]
INFO: [ view_parse ] --START--
NOTIC: [2] filemtime(): stat failed for ./Application/Home/View/Application/Home/View/Public/pageheader.html /Applications/MAMP/htdocs/inventory/ThinkPHP/Library/Vendor/Smarty/sysplugins/smarty_resource.php 第 315 行.
NOTIC: [8] Undefined index: title /Applications/MAMP/htdocs/inventory/Application/Runtime/Cache/Home/3c4c8d61199cdfdeca49d55070a407c2d4411dea.file.pageheader.html.php 第 33 行.
NOTIC: [8] Trying to get property of non-object /Applications/MAMP/htdocs/inventory/Application/Runtime/Cache/Home/3c4c8d61199cdfdeca49d55070a407c2d4411dea.file.pageheader.html.php 第 33 行.
NOTIC: [8] Undefined index: child /Applications/MAMP/htdocs/inventory/Application/Runtime/Cache/Home/3c4c8d61199cdfdeca49d55070a407c2d4411dea.file.pageheader.html.php 第 61 行.
NOTIC: [8] Undefined index: name /Applications/MAMP/htdocs/inventory/Application/Runtime/Cache/Home/3c4c8d61199cdfdeca49d55070a407c2d4411dea.file.pageheader.html.php 第 56 行.
NOTIC: [8] Undefined index: child /Applications/MAMP/htdocs/inventory/Application/Runtime/Cache/Home/3c4c8d61199cdfdeca49d55070a407c2d4411dea.file.pageheader.html.php 第 61 行.
NOTIC: [8] Undefined index: name /Applications/MAMP/htdocs/inventory/Application/Runtime/Cache/Home/3c4c8d61199cdfdeca49d55070a407c2d4411dea.file.pageheader.html.php 第 56 行.
INFO: Run Behavior\ParseTemplateBehavior [ RunTime:0.014600s ]
INFO: [ view_parse ] --END-- [ RunTime:0.014705s ]
INFO: [ view_filter ] --START--
INFO: Run Behavior\WriteHtmlCacheBehavior [ RunTime:0.000909s ]
INFO: [ view_filter ] --END-- [ RunTime:0.001006s ]
NOTIC: [2] Cannot modify header information - headers already sent by (output started at /Applications/MAMP/htdocs/inventory/Application/Home/Common/function.php:1) /Applications/MAMP/htdocs/inventory/ThinkPHP/Library/Think/View.class.php 第 91 行.
NOTIC: [2] Cannot modify header information - headers already sent by (output started at /Applications/MAMP/htdocs/inventory/Application/Home/Common/function.php:1) /Applications/MAMP/htdocs/inventory/ThinkPHP/Library/Think/View.class.php 第 92 行.
NOTIC: [2] Cannot modify header information - headers already sent by (output started at /Applications/MAMP/htdocs/inventory/Application/Home/Common/function.php:1) /Applications/MAMP/htdocs/inventory/ThinkPHP/Library/Think/View.class.php 第 93 行.
INFO: [ app_end ] --START--
INFO: Run Behavior\ShowPageTraceBehavior [ RunTime:0.001147s ]
INFO: [ app_end ] --END-- [ RunTime:0.001262s ]

[ 2016-07-16T15:41:45+08:00 ] 127.0.0.1 /inventory/index.php
INFO: [ app_init ] --START--
INFO: Run Behavior\BuildLiteBehavior [ RunTime:0.000064s ]
INFO: [ app_init ] --END-- [ RunTime:0.000655s ]
INFO: [ app_begin ] --START--
INFO: Run Behavior\ReadHtmlCacheBehavior [ RunTime:0.000625s ]
INFO: [ app_begin ] --END-- [ RunTime:0.000674s ]
NOTIC: [2] session_start(): Cannot send session cookie - headers already sent by (output started at /Applications/MAMP/htdocs/inventory/Application/Home/Common/function.php:1) /Applications/MAMP/htdocs/inventory/ThinkPHP/Common/functions.php 第 1263 行.
NOTIC: [2] session_start(): Cannot send session cache limiter - headers already sent (output started at /Applications/MAMP/htdocs/inventory/Application/Home/Common/function.php:1) /Applications/MAMP/htdocs/inventory/ThinkPHP/Common/functions.php 第 1263 行.
SQL: SELECT * FROM im_navbar [ RunTime:0.0017s ]
INFO: [ view_parse ] --START--
NOTIC: [2] filemtime(): stat failed for ./Application/Home/View/Application/Home/View/Public/pageheader.html /Applications/MAMP/htdocs/inventory/ThinkPHP/Library/Vendor/Smarty/sysplugins/smarty_resource.php 第 315 行.
NOTIC: [8] Undefined index: title /Applications/MAMP/htdocs/inventory/Application/Runtime/Cache/Home/3c4c8d61199cdfdeca49d55070a407c2d4411dea.file.pageheader.html.php 第 33 行.
NOTIC: [8] Trying to get property of non-object /Applications/MAMP/htdocs/inventory/Application/Runtime/Cache/Home/3c4c8d61199cdfdeca49d55070a407c2d4411dea.file.pageheader.html.php 第 33 行.
NOTIC: [8] Undefined index: child /Applications/MAMP/htdocs/inventory/Application/Runtime/Cache/Home/3c4c8d61199cdfdeca49d55070a407c2d4411dea.file.pageheader.html.php 第 61 行.
NOTIC: [8] Undefined index: name /Applications/MAMP/htdocs/inventory/Application/Runtime/Cache/Home/3c4c8d61199cdfdeca49d55070a407c2d4411dea.file.pageheader.html.php 第 56 行.
NOTIC: [8] Undefined index: child /Applications/MAMP/htdocs/inventory/Application/Runtime/Cache/Home/3c4c8d61199cdfdeca49d55070a407c2d4411dea.file.pageheader.html.php 第 61 行.
NOTIC: [8] Undefined index: name /Applications/MAMP/htdocs/inventory/Application/Runtime/Cache/Home/3c4c8d61199cdfdeca49d55070a407c2d4411dea.file.pageheader.html.php 第 56 行.
INFO: Run Behavior\ParseTemplateBehavior [ RunTime:0.022895s ]
INFO: [ view_parse ] --END-- [ RunTime:0.023033s ]
INFO: [ view_filter ] --START--
INFO: Run Behavior\WriteHtmlCacheBehavior [ RunTime:0.000836s ]
INFO: [ view_filter ] --END-- [ RunTime:0.000945s ]
NOTIC: [2] Cannot modify header information - headers already sent by (output started at /Applications/MAMP/htdocs/inventory/Application/Home/Common/function.php:1) /Applications/MAMP/htdocs/inventory/ThinkPHP/Library/Think/View.class.php 第 91 行.
NOTIC: [2] Cannot modify header information - headers already sent by (output started at /Applications/MAMP/htdocs/inventory/Application/Home/Common/function.php:1) /Applications/MAMP/htdocs/inventory/ThinkPHP/Library/Think/View.class.php 第 92 行.
NOTIC: [2] Cannot modify header information - headers already sent by (output started at /Applications/MAMP/htdocs/inventory/Application/Home/Common/function.php:1) /Applications/MAMP/htdocs/inventory/ThinkPHP/Library/Think/View.class.php 第 93 行.
INFO: [ app_end ] --START--
INFO: Run Behavior\ShowPageTraceBehavior [ RunTime:0.001629s ]
INFO: [ app_end ] --END-- [ RunTime:0.001734s ]

[ 2016-07-16T19:01:11+08:00 ] 127.0.0.1 /inventory/index.php
INFO: [ app_init ] --START--
INFO: Run Behavior\BuildLiteBehavior [ RunTime:0.000035s ]
INFO: [ app_init ] --END-- [ RunTime:0.001553s ]
INFO: [ app_begin ] --START--
INFO: Run Behavior\ReadHtmlCacheBehavior [ RunTime:0.001584s ]
INFO: [ app_begin ] --END-- [ RunTime:0.001779s ]
NOTIC: [2] session_start(): Cannot send session cookie - headers already sent by (output started at /Applications/MAMP/htdocs/inventory/Application/Home/Common/function.php:1) /Applications/MAMP/htdocs/inventory/ThinkPHP/Common/functions.php 第 1263 行.
NOTIC: [2] session_start(): Cannot send session cache limiter - headers already sent (output started at /Applications/MAMP/htdocs/inventory/Application/Home/Common/function.php:1) /Applications/MAMP/htdocs/inventory/ThinkPHP/Common/functions.php 第 1263 行.
SQL: SELECT * FROM im_navbar [ RunTime:0.0007s ]
INFO: [ view_parse ] --START--
NOTIC: [2] filemtime(): stat failed for ./Application/Home/View/Application/Home/View/Public/pageheader.html /Applications/MAMP/htdocs/inventory/ThinkPHP/Library/Vendor/Smarty/sysplugins/smarty_resource.php 第 315 行.
NOTIC: [8] Undefined index: title /Applications/MAMP/htdocs/inventory/Application/Runtime/Cache/Home/3c4c8d61199cdfdeca49d55070a407c2d4411dea.file.pageheader.html.php 第 33 行.
NOTIC: [8] Trying to get property of non-object /Applications/MAMP/htdocs/inventory/Application/Runtime/Cache/Home/3c4c8d61199cdfdeca49d55070a407c2d4411dea.file.pageheader.html.php 第 33 行.
NOTIC: [8] Undefined index: child /Applications/MAMP/htdocs/inventory/Application/Runtime/Cache/Home/3c4c8d61199cdfdeca49d55070a407c2d4411dea.file.pageheader.html.php 第 61 行.
NOTIC: [8] Undefined index: name /Applications/MAMP/htdocs/inventory/Application/Runtime/Cache/Home/3c4c8d61199cdfdeca49d55070a407c2d4411dea.file.pageheader.html.php 第 56 行.
NOTIC: [8] Undefined index: child /Applications/MAMP/htdocs/inventory/Application/Runtime/Cache/Home/3c4c8d61199cdfdeca49d55070a407c2d4411dea.file.pageheader.html.php 第 61 行.
NOTIC: [8] Undefined index: name /Applications/MAMP/htdocs/inventory/Application/Runtime/Cache/Home/3c4c8d61199cdfdeca49d55070a407c2d4411dea.file.pageheader.html.php 第 56 行.
INFO: Run Behavior\ParseTemplateBehavior [ RunTime:0.018267s ]
INFO: [ view_parse ] --END-- [ RunTime:0.018335s ]
INFO: [ view_filter ] --START--
INFO: Run Behavior\WriteHtmlCacheBehavior [ RunTime:0.000417s ]
INFO: [ view_filter ] --END-- [ RunTime:0.000456s ]
NOTIC: [2] Cannot modify header information - headers already sent by (output started at /Applications/MAMP/htdocs/inventory/Application/Home/Common/function.php:1) /Applications/MAMP/htdocs/inventory/ThinkPHP/Library/Think/View.class.php 第 91 行.
NOTIC: [2] Cannot modify header information - headers already sent by (output started at /Applications/MAMP/htdocs/inventory/Application/Home/Common/function.php:1) /Applications/MAMP/htdocs/inventory/ThinkPHP/Library/Think/View.class.php 第 92 行.
NOTIC: [2] Cannot modify header information - headers already sent by (output started at /Applications/MAMP/htdocs/inventory/Application/Home/Common/function.php:1) /Applications/MAMP/htdocs/inventory/ThinkPHP/Library/Think/View.class.php 第 93 行.
INFO: [ app_end ] --START--
INFO: Run Behavior\ShowPageTraceBehavior [ RunTime:0.000684s ]
INFO: [ app_end ] --END-- [ RunTime:0.000733s ]

[ 2016-07-16T19:01:12+08:00 ] 127.0.0.1 /inventory/index.php
INFO: [ app_init ] --START--
INFO: Run Behavior\BuildLiteBehavior [ RunTime:0.000011s ]
INFO: [ app_init ] --END-- [ RunTime:0.000342s ]
INFO: [ app_begin ] --START--
INFO: Run Behavior\ReadHtmlCacheBehavior [ RunTime:0.000340s ]
INFO: [ app_begin ] --END-- [ RunTime:0.000376s ]
NOTIC: [2] session_start(): Cannot send session cookie - headers already sent by (output started at /Applications/MAMP/htdocs/inventory/Application/Home/Common/function.php:1) /Applications/MAMP/htdocs/inventory/ThinkPHP/Common/functions.php 第 1263 行.
NOTIC: [2] session_start(): Cannot send session cache limiter - headers already sent (output started at /Applications/MAMP/htdocs/inventory/Application/Home/Common/function.php:1) /Applications/MAMP/htdocs/inventory/ThinkPHP/Common/functions.php 第 1263 行.
SQL: SELECT * FROM im_navbar [ RunTime:0.0002s ]
INFO: [ view_parse ] --START--
NOTIC: [2] filemtime(): stat failed for ./Application/Home/View/Application/Home/View/Public/pageheader.html /Applications/MAMP/htdocs/inventory/ThinkPHP/Library/Vendor/Smarty/sysplugins/smarty_resource.php 第 315 行.
NOTIC: [8] Undefined index: title /Applications/MAMP/htdocs/inventory/Application/Runtime/Cache/Home/3c4c8d61199cdfdeca49d55070a407c2d4411dea.file.pageheader.html.php 第 33 行.
NOTIC: [8] Trying to get property of non-object /Applications/MAMP/htdocs/inventory/Application/Runtime/Cache/Home/3c4c8d61199cdfdeca49d55070a407c2d4411dea.file.pageheader.html.php 第 33 行.
NOTIC: [8] Undefined index: child /Applications/MAMP/htdocs/inventory/Application/Runtime/Cache/Home/3c4c8d61199cdfdeca49d55070a407c2d4411dea.file.pageheader.html.php 第 61 行.
NOTIC: [8] Undefined index: name /Applications/MAMP/htdocs/inventory/Application/Runtime/Cache/Home/3c4c8d61199cdfdeca49d55070a407c2d4411dea.file.pageheader.html.php 第 56 行.
NOTIC: [8] Undefined index: child /Applications/MAMP/htdocs/inventory/Application/Runtime/Cache/Home/3c4c8d61199cdfdeca49d55070a407c2d4411dea.file.pageheader.html.php 第 61 行.
NOTIC: [8] Undefined index: name /Applications/MAMP/htdocs/inventory/Application/Runtime/Cache/Home/3c4c8d61199cdfdeca49d55070a407c2d4411dea.file.pageheader.html.php 第 56 行.
INFO: Run Behavior\ParseTemplateBehavior [ RunTime:0.010576s ]
INFO: [ view_parse ] --END-- [ RunTime:0.010619s ]
INFO: [ view_filter ] --START--
INFO: Run Behavior\WriteHtmlCacheBehavior [ RunTime:0.000189s ]
INFO: [ view_filter ] --END-- [ RunTime:0.000217s ]
NOTIC: [2] Cannot modify header information - headers already sent by (output started at /Applications/MAMP/htdocs/inventory/Application/Home/Common/function.php:1) /Applications/MAMP/htdocs/inventory/ThinkPHP/Library/Think/View.class.php 第 91 行.
NOTIC: [2] Cannot modify header information - headers already sent by (output started at /Applications/MAMP/htdocs/inventory/Application/Home/Common/function.php:1) /Applications/MAMP/htdocs/inventory/ThinkPHP/Library/Think/View.class.php 第 92 行.
NOTIC: [2] Cannot modify header information - headers already sent by (output started at /Applications/MAMP/htdocs/inventory/Application/Home/Common/function.php:1) /Applications/MAMP/htdocs/inventory/ThinkPHP/Library/Think/View.class.php 第 93 行.
INFO: [ app_end ] --START--
INFO: Run Behavior\ShowPageTraceBehavior [ RunTime:0.000438s ]
INFO: [ app_end ] --END-- [ RunTime:0.000474s ]

[ 2016-07-16T19:01:37+08:00 ] 127.0.0.1 /inventory/index.php
INFO: [ app_init ] --START--
INFO: Run Behavior\BuildLiteBehavior [ RunTime:0.000019s ]
INFO: [ app_init ] --END-- [ RunTime:0.000368s ]
INFO: [ app_begin ] --START--
INFO: Run Behavior\ReadHtmlCacheBehavior [ RunTime:0.000350s ]
INFO: [ app_begin ] --END-- [ RunTime:0.000386s ]
NOTIC: [2] session_start(): Cannot send session cookie - headers already sent by (output started at /Applications/MAMP/htdocs/inventory/Application/Home/Common/function.php:1) /Applications/MAMP/htdocs/inventory/ThinkPHP/Common/functions.php 第 1263 行.
NOTIC: [2] session_start(): Cannot send session cache limiter - headers already sent (output started at /Applications/MAMP/htdocs/inventory/Application/Home/Common/function.php:1) /Applications/MAMP/htdocs/inventory/ThinkPHP/Common/functions.php 第 1263 行.
SQL: SELECT * FROM im_navbar [ RunTime:0.0005s ]
INFO: [ view_parse ] --START--
NOTIC: [2] filemtime(): stat failed for ./Application/Home/View/Application/Home/View/Public/pageheader.html /Applications/MAMP/htdocs/inventory/ThinkPHP/Library/Vendor/Smarty/sysplugins/smarty_resource.php 第 315 行.
NOTIC: [8] Undefined index: title /Applications/MAMP/htdocs/inventory/Application/Runtime/Cache/Home/3c4c8d61199cdfdeca49d55070a407c2d4411dea.file.pageheader.html.php 第 33 行.
NOTIC: [8] Trying to get property of non-object /Applications/MAMP/htdocs/inventory/Application/Runtime/Cache/Home/3c4c8d61199cdfdeca49d55070a407c2d4411dea.file.pageheader.html.php 第 33 行.
NOTIC: [8] Undefined index: child /Applications/MAMP/htdocs/inventory/Application/Runtime/Cache/Home/3c4c8d61199cdfdeca49d55070a407c2d4411dea.file.pageheader.html.php 第 61 行.
NOTIC: [8] Undefined index: name /Applications/MAMP/htdocs/inventory/Application/Runtime/Cache/Home/3c4c8d61199cdfdeca49d55070a407c2d4411dea.file.pageheader.html.php 第 56 行.
NOTIC: [8] Undefined index: child /Applications/MAMP/htdocs/inventory/Application/Runtime/Cache/Home/3c4c8d61199cdfdeca49d55070a407c2d4411dea.file.pageheader.html.php 第 61 行.
NOTIC: [8] Undefined index: name /Applications/MAMP/htdocs/inventory/Application/Runtime/Cache/Home/3c4c8d61199cdfdeca49d55070a407c2d4411dea.file.pageheader.html.php 第 56 行.
INFO: Run Behavior\ParseTemplateBehavior [ RunTime:0.009271s ]
INFO: [ view_parse ] --END-- [ RunTime:0.009327s ]
INFO: [ view_filter ] --START--
INFO: Run Behavior\WriteHtmlCacheBehavior [ RunTime:0.000130s ]
INFO: [ view_filter ] --END-- [ RunTime:0.000158s ]
NOTIC: [2] Cannot modify header information - headers already sent by (output started at /Applications/MAMP/htdocs/inventory/Application/Home/Common/function.php:1) /Applications/MAMP/htdocs/inventory/ThinkPHP/Library/Think/View.class.php 第 91 行.
NOTIC: [2] Cannot modify header information - headers already sent by (output started at /Applications/MAMP/htdocs/inventory/Application/Home/Common/function.php:1) /Applications/MAMP/htdocs/inventory/ThinkPHP/Library/Think/View.class.php 第 92 行.
NOTIC: [2] Cannot modify header information - headers already sent by (output started at /Applications/MAMP/htdocs/inventory/Application/Home/Common/function.php:1) /Applications/MAMP/htdocs/inventory/ThinkPHP/Library/Think/View.class.php 第 93 行.
INFO: [ app_end ] --START--
INFO: Run Behavior\ShowPageTraceBehavior [ RunTime:0.000458s ]
INFO: [ app_end ] --END-- [ RunTime:0.000489s ]

[ 2016-07-16T19:01:38+08:00 ] 127.0.0.1 /inventory/index.php
INFO: [ app_init ] --START--
INFO: Run Behavior\BuildLiteBehavior [ RunTime:0.000010s ]
INFO: [ app_init ] --END-- [ RunTime:0.000279s ]
INFO: [ app_begin ] --START--
INFO: Run Behavior\ReadHtmlCacheBehavior [ RunTime:0.000334s ]
INFO: [ app_begin ] --END-- [ RunTime:0.000370s ]
NOTIC: [2] session_start(): Cannot send session cookie - headers already sent by (output started at /Applications/MAMP/htdocs/inventory/Application/Home/Common/function.php:1) /Applications/MAMP/htdocs/inventory/ThinkPHP/Common/functions.php 第 1263 行.
NOTIC: [2] session_start(): Cannot send session cache limiter - headers already sent (output started at /Applications/MAMP/htdocs/inventory/Application/Home/Common/function.php:1) /Applications/MAMP/htdocs/inventory/ThinkPHP/Common/functions.php 第 1263 行.
SQL: SELECT * FROM im_navbar [ RunTime:0.0002s ]
INFO: [ view_parse ] --START--
NOTIC: [2] filemtime(): stat failed for ./Application/Home/View/Application/Home/View/Public/pageheader.html /Applications/MAMP/htdocs/inventory/ThinkPHP/Library/Vendor/Smarty/sysplugins/smarty_resource.php 第 315 行.
NOTIC: [8] Undefined index: title /Applications/MAMP/htdocs/inventory/Application/Runtime/Cache/Home/3c4c8d61199cdfdeca49d55070a407c2d4411dea.file.pageheader.html.php 第 33 行.
NOTIC: [8] Trying to get property of non-object /Applications/MAMP/htdocs/inventory/Application/Runtime/Cache/Home/3c4c8d61199cdfdeca49d55070a407c2d4411dea.file.pageheader.html.php 第 33 行.
NOTIC: [8] Undefined index: child /Applications/MAMP/htdocs/inventory/Application/Runtime/Cache/Home/3c4c8d61199cdfdeca49d55070a407c2d4411dea.file.pageheader.html.php 第 61 行.
NOTIC: [8] Undefined index: name /Applications/MAMP/htdocs/inventory/Application/Runtime/Cache/Home/3c4c8d61199cdfdeca49d55070a407c2d4411dea.file.pageheader.html.php 第 56 行.
NOTIC: [8] Undefined index: child /Applications/MAMP/htdocs/inventory/Application/Runtime/Cache/Home/3c4c8d61199cdfdeca49d55070a407c2d4411dea.file.pageheader.html.php 第 61 行.
NOTIC: [8] Undefined index: name /Applications/MAMP/htdocs/inventory/Application/Runtime/Cache/Home/3c4c8d61199cdfdeca49d55070a407c2d4411dea.file.pageheader.html.php 第 56 行.
INFO: Run Behavior\ParseTemplateBehavior [ RunTime:0.009081s ]
INFO: [ view_parse ] --END-- [ RunTime:0.009119s ]
INFO: [ view_filter ] --START--
INFO: Run Behavior\WriteHtmlCacheBehavior [ RunTime:0.000148s ]
INFO: [ view_filter ] --END-- [ RunTime:0.000176s ]
NOTIC: [2] Cannot modify header information - headers already sent by (output started at /Applications/MAMP/htdocs/inventory/Application/Home/Common/function.php:1) /Applications/MAMP/htdocs/inventory/ThinkPHP/Library/Think/View.class.php 第 91 行.
NOTIC: [2] Cannot modify header information - headers already sent by (output started at /Applications/MAMP/htdocs/inventory/Application/Home/Common/function.php:1) /Applications/MAMP/htdocs/inventory/ThinkPHP/Library/Think/View.class.php 第 92 行.
NOTIC: [2] Cannot modify header information - headers already sent by (output started at /Applications/MAMP/htdocs/inventory/Application/Home/Common/function.php:1) /Applications/MAMP/htdocs/inventory/ThinkPHP/Library/Think/View.class.php 第 93 行.
INFO: [ app_end ] --START--
INFO: Run Behavior\ShowPageTraceBehavior [ RunTime:0.000415s ]
INFO: [ app_end ] --END-- [ RunTime:0.000444s ]

[ 2016-07-16T19:02:18+08:00 ] 127.0.0.1 /inventory/index.php
INFO: [ app_init ] --START--
INFO: Run Behavior\BuildLiteBehavior [ RunTime:0.000010s ]
INFO: [ app_init ] --END-- [ RunTime:0.000269s ]
INFO: [ app_begin ] --START--
INFO: Run Behavior\ReadHtmlCacheBehavior [ RunTime:0.001465s ]
INFO: [ app_begin ] --END-- [ RunTime:0.001718s ]
NOTIC: [2] session_start(): Cannot send session cookie - headers already sent by (output started at /Applications/MAMP/htdocs/inventory/Application/Home/Common/function.php:1) /Applications/MAMP/htdocs/inventory/ThinkPHP/Common/functions.php 第 1263 行.
NOTIC: [2] session_start(): Cannot send session cache limiter - headers already sent (output started at /Applications/MAMP/htdocs/inventory/Application/Home/Common/function.php:1) /Applications/MAMP/htdocs/inventory/ThinkPHP/Common/functions.php 第 1263 行.
SQL: SELECT * FROM im_navbar [ RunTime:0.0002s ]
INFO: [ view_parse ] --START--
NOTIC: [2] filemtime(): stat failed for ./Application/Home/View/Application/Home/View/Public/pageheader.html /Applications/MAMP/htdocs/inventory/ThinkPHP/Library/Vendor/Smarty/sysplugins/smarty_resource.php 第 315 行.
NOTIC: [8] Undefined index: title /Applications/MAMP/htdocs/inventory/Application/Runtime/Cache/Home/3c4c8d61199cdfdeca49d55070a407c2d4411dea.file.pageheader.html.php 第 33 行.
NOTIC: [8] Trying to get property of non-object /Applications/MAMP/htdocs/inventory/Application/Runtime/Cache/Home/3c4c8d61199cdfdeca49d55070a407c2d4411dea.file.pageheader.html.php 第 33 行.
NOTIC: [8] Undefined index: child /Applications/MAMP/htdocs/inventory/Application/Runtime/Cache/Home/3c4c8d61199cdfdeca49d55070a407c2d4411dea.file.pageheader.html.php 第 61 行.
NOTIC: [8] Undefined index: name /Applications/MAMP/htdocs/inventory/Application/Runtime/Cache/Home/3c4c8d61199cdfdeca49d55070a407c2d4411dea.file.pageheader.html.php 第 56 行.
NOTIC: [8] Undefined index: child /Applications/MAMP/htdocs/inventory/Application/Runtime/Cache/Home/3c4c8d61199cdfdeca49d55070a407c2d4411dea.file.pageheader.html.php 第 61 行.
NOTIC: [8] Undefined index: name /Applications/MAMP/htdocs/inventory/Application/Runtime/Cache/Home/3c4c8d61199cdfdeca49d55070a407c2d4411dea.file.pageheader.html.php 第 56 行.
NOTIC: [8] Undefined index: child /Applications/MAMP/htdocs/inventory/Application/Runtime/Cache/Home/3c4c8d61199cdfdeca49d55070a407c2d4411dea.file.pageheader.html.php 第 61 行.
NOTIC: [8] Undefined index: name /Applications/MAMP/htdocs/inventory/Application/Runtime/Cache/Home/3c4c8d61199cdfdeca49d55070a407c2d4411dea.file.pageheader.html.php 第 56 行.
INFO: Run Behavior\ParseTemplateBehavior [ RunTime:0.009045s ]
INFO: [ view_parse ] --END-- [ RunTime:0.009097s ]
INFO: [ view_filter ] --START--
INFO: Run Behavior\WriteHtmlCacheBehavior [ RunTime:0.000121s ]
INFO: [ view_filter ] --END-- [ RunTime:0.000147s ]
NOTIC: [2] Cannot modify header information - headers already sent by (output started at /Applications/MAMP/htdocs/inventory/Application/Home/Common/function.php:1) /Applications/MAMP/htdocs/inventory/ThinkPHP/Library/Think/View.class.php 第 91 行.
NOTIC: [2] Cannot modify header information - headers already sent by (output started at /Applications/MAMP/htdocs/inventory/Application/Home/Common/function.php:1) /Applications/MAMP/htdocs/inventory/ThinkPHP/Library/Think/View.class.php 第 92 行.
NOTIC: [2] Cannot modify header information - headers already sent by (output started at /Applications/MAMP/htdocs/inventory/Application/Home/Common/function.php:1) /Applications/MAMP/htdocs/inventory/ThinkPHP/Library/Think/View.class.php 第 93 行.
INFO: [ app_end ] --START--
INFO: Run Behavior\ShowPageTraceBehavior [ RunTime:0.000375s ]
INFO: [ app_end ] --END-- [ RunTime:0.000404s ]

[ 2016-07-16T19:42:28+08:00 ] 127.0.0.1 /
INFO: [ app_init ] --START--
INFO: Run Behavior\BuildLiteBehavior [ RunTime:0.000041s ]
INFO: [ app_init ] --END-- [ RunTime:0.001787s ]
INFO: [ app_begin ] --START--
INFO: Run Behavior\ReadHtmlCacheBehavior [ RunTime:0.000562s ]
INFO: [ app_begin ] --END-- [ RunTime:0.000608s ]
NOTIC: [2] session_start(): Cannot send session cookie - headers already sent by (output started at /Applications/MAMP/htdocs/inventory/Application/Home/Common/function.php:1) /Applications/MAMP/htdocs/inventory/ThinkPHP/Common/functions.php 第 1263 行.
NOTIC: [2] session_start(): Cannot send session cache limiter - headers already sent (output started at /Applications/MAMP/htdocs/inventory/Application/Home/Common/function.php:1) /Applications/MAMP/htdocs/inventory/ThinkPHP/Common/functions.php 第 1263 行.
SQL: SELECT * FROM im_navbar [ RunTime:0.0044s ]
INFO: [ view_parse ] --START--
NOTIC: [2] filemtime(): stat failed for ./Application/Home/View/Application/Home/View/Public/pageheader.html /Applications/MAMP/htdocs/inventory/ThinkPHP/Library/Vendor/Smarty/sysplugins/smarty_resource.php 第 315 行.
NOTIC: [8] Undefined index: title /Applications/MAMP/htdocs/inventory/Application/Runtime/Cache/Home/3c4c8d61199cdfdeca49d55070a407c2d4411dea.file.pageheader.html.php 第 33 行.
NOTIC: [8] Trying to get property of non-object /Applications/MAMP/htdocs/inventory/Application/Runtime/Cache/Home/3c4c8d61199cdfdeca49d55070a407c2d4411dea.file.pageheader.html.php 第 33 行.
NOTIC: [8] Undefined index: child /Applications/MAMP/htdocs/inventory/Application/Runtime/Cache/Home/3c4c8d61199cdfdeca49d55070a407c2d4411dea.file.pageheader.html.php 第 61 行.
NOTIC: [8] Undefined index: name /Applications/MAMP/htdocs/inventory/Application/Runtime/Cache/Home/3c4c8d61199cdfdeca49d55070a407c2d4411dea.file.pageheader.html.php 第 56 行.
NOTIC: [8] Undefined index: child /Applications/MAMP/htdocs/inventory/Application/Runtime/Cache/Home/3c4c8d61199cdfdeca49d55070a407c2d4411dea.file.pageheader.html.php 第 61 行.
NOTIC: [8] Undefined index: name /Applications/MAMP/htdocs/inventory/Application/Runtime/Cache/Home/3c4c8d61199cdfdeca49d55070a407c2d4411dea.file.pageheader.html.php 第 56 行.
NOTIC: [8] Undefined index: child /Applications/MAMP/htdocs/inventory/Application/Runtime/Cache/Home/3c4c8d61199cdfdeca49d55070a407c2d4411dea.file.pageheader.html.php 第 61 行.
NOTIC: [8] Undefined index: name /Applications/MAMP/htdocs/inventory/Application/Runtime/Cache/Home/3c4c8d61199cdfdeca49d55070a407c2d4411dea.file.pageheader.html.php 第 56 行.
INFO: Run Behavior\ParseTemplateBehavior [ RunTime:0.019596s ]
INFO: [ view_parse ] --END-- [ RunTime:0.019649s ]
INFO: [ view_filter ] --START--
INFO: Run Behavior\WriteHtmlCacheBehavior [ RunTime:0.000390s ]
INFO: [ view_filter ] --END-- [ RunTime:0.000444s ]
NOTIC: [2] Cannot modify header information - headers already sent by (output started at /Applications/MAMP/htdocs/inventory/Application/Home/Common/function.php:1) /Applications/MAMP/htdocs/inventory/ThinkPHP/Library/Think/View.class.php 第 91 行.
NOTIC: [2] Cannot modify header information - headers already sent by (output started at /Applications/MAMP/htdocs/inventory/Application/Home/Common/function.php:1) /Applications/MAMP/htdocs/inventory/ThinkPHP/Library/Think/View.class.php 第 92 行.
NOTIC: [2] Cannot modify header information - headers already sent by (output started at /Applications/MAMP/htdocs/inventory/Application/Home/Common/function.php:1) /Applications/MAMP/htdocs/inventory/ThinkPHP/Library/Think/View.class.php 第 93 行.
INFO: [ app_end ] --START--
INFO: Run Behavior\ShowPageTraceBehavior [ RunTime:0.000784s ]
INFO: [ app_end ] --END-- [ RunTime:0.000854s ]

[ 2016-07-16T19:42:28+08:00 ] 127.0.0.1 /
INFO: [ app_init ] --START--
INFO: Run Behavior\BuildLiteBehavior [ RunTime:0.000028s ]
INFO: [ app_init ] --END-- [ RunTime:0.001486s ]
INFO: [ app_begin ] --START--
INFO: Run Behavior\ReadHtmlCacheBehavior [ RunTime:0.000684s ]
INFO: [ app_begin ] --END-- [ RunTime:0.001110s ]
NOTIC: [2] session_start(): Cannot send session cookie - headers already sent by (output started at /Applications/MAMP/htdocs/inventory/Application/Home/Common/function.php:1) /Applications/MAMP/htdocs/inventory/ThinkPHP/Common/functions.php 第 1263 行.
NOTIC: [2] session_start(): Cannot send session cache limiter - headers already sent (output started at /Applications/MAMP/htdocs/inventory/Application/Home/Common/function.php:1) /Applications/MAMP/htdocs/inventory/ThinkPHP/Common/functions.php 第 1263 行.
SQL: SELECT * FROM im_navbar [ RunTime:0.0002s ]
INFO: [ view_parse ] --START--
NOTIC: [2] filemtime(): stat failed for ./Application/Home/View/Application/Home/View/Public/pageheader.html /Applications/MAMP/htdocs/inventory/ThinkPHP/Library/Vendor/Smarty/sysplugins/smarty_resource.php 第 315 行.
NOTIC: [8] Undefined index: title /Applications/MAMP/htdocs/inventory/Application/Runtime/Cache/Home/3c4c8d61199cdfdeca49d55070a407c2d4411dea.file.pageheader.html.php 第 33 行.
NOTIC: [8] Trying to get property of non-object /Applications/MAMP/htdocs/inventory/Application/Runtime/Cache/Home/3c4c8d61199cdfdeca49d55070a407c2d4411dea.file.pageheader.html.php 第 33 行.
NOTIC: [8] Undefined index: child /Applications/MAMP/htdocs/inventory/Application/Runtime/Cache/Home/3c4c8d61199cdfdeca49d55070a407c2d4411dea.file.pageheader.html.php 第 61 行.
NOTIC: [8] Undefined index: name /Applications/MAMP/htdocs/inventory/Application/Runtime/Cache/Home/3c4c8d61199cdfdeca49d55070a407c2d4411dea.file.pageheader.html.php 第 56 行.
NOTIC: [8] Undefined index: child /Applications/MAMP/htdocs/inventory/Application/Runtime/Cache/Home/3c4c8d61199cdfdeca49d55070a407c2d4411dea.file.pageheader.html.php 第 61 行.
NOTIC: [8] Undefined index: name /Applications/MAMP/htdocs/inventory/Application/Runtime/Cache/Home/3c4c8d61199cdfdeca49d55070a407c2d4411dea.file.pageheader.html.php 第 56 行.
NOTIC: [8] Undefined index: child /Applications/MAMP/htdocs/inventory/Application/Runtime/Cache/Home/3c4c8d61199cdfdeca49d55070a407c2d4411dea.file.pageheader.html.php 第 61 行.
NOTIC: [8] Undefined index: name /Applications/MAMP/htdocs/inventory/Application/Runtime/Cache/Home/3c4c8d61199cdfdeca49d55070a407c2d4411dea.file.pageheader.html.php 第 56 行.
INFO: Run Behavior\ParseTemplateBehavior [ RunTime:0.015032s ]
INFO: [ view_parse ] --END-- [ RunTime:0.015074s ]
INFO: [ view_filter ] --START--
INFO: Run Behavior\WriteHtmlCacheBehavior [ RunTime:0.000386s ]
INFO: [ view_filter ] --END-- [ RunTime:0.000450s ]
NOTIC: [2] Cannot modify header information - headers already sent by (output started at /Applications/MAMP/htdocs/inventory/Application/Home/Common/function.php:1) /Applications/MAMP/htdocs/inventory/ThinkPHP/Library/Think/View.class.php 第 91 行.
NOTIC: [2] Cannot modify header information - headers already sent by (output started at /Applications/MAMP/htdocs/inventory/Application/Home/Common/function.php:1) /Applications/MAMP/htdocs/inventory/ThinkPHP/Library/Think/View.class.php 第 92 行.
NOTIC: [2] Cannot modify header information - headers already sent by (output started at /Applications/MAMP/htdocs/inventory/Application/Home/Common/function.php:1) /Applications/MAMP/htdocs/inventory/ThinkPHP/Library/Think/View.class.php 第 93 行.
INFO: [ app_end ] --START--
INFO: Run Behavior\ShowPageTraceBehavior [ RunTime:0.000782s ]
INFO: [ app_end ] --END-- [ RunTime:0.000863s ]

[ 2016-07-16T19:44:21+08:00 ] 127.0.0.1 /
INFO: [ app_init ] --START--
INFO: Run Behavior\BuildLiteBehavior [ RunTime:0.000024s ]
INFO: [ app_init ] --END-- [ RunTime:0.000730s ]
INFO: [ app_begin ] --START--
INFO: Run Behavior\ReadHtmlCacheBehavior [ RunTime:0.000634s ]
INFO: [ app_begin ] --END-- [ RunTime:0.000688s ]
NOTIC: [2] session_start(): Cannot send session cookie - headers already sent by (output started at /Applications/MAMP/htdocs/inventory/Application/Home/Common/function.php:1) /Applications/MAMP/htdocs/inventory/ThinkPHP/Common/functions.php 第 1263 行.
NOTIC: [2] session_start(): Cannot send session cache limiter - headers already sent (output started at /Applications/MAMP/htdocs/inventory/Application/Home/Common/function.php:1) /Applications/MAMP/htdocs/inventory/ThinkPHP/Common/functions.php 第 1263 行.
SQL: SELECT * FROM im_navbar [ RunTime:0.0003s ]
INFO: [ view_parse ] --START--
NOTIC: [2] filemtime(): stat failed for ./Application/Home/View/Application/Home/View/Public/pageheader.html /Applications/MAMP/htdocs/inventory/ThinkPHP/Library/Vendor/Smarty/sysplugins/smarty_resource.php 第 315 行.
NOTIC: [8] Undefined index: title /Applications/MAMP/htdocs/inventory/Application/Runtime/Cache/Home/3c4c8d61199cdfdeca49d55070a407c2d4411dea.file.pageheader.html.php 第 33 行.
NOTIC: [8] Trying to get property of non-object /Applications/MAMP/htdocs/inventory/Application/Runtime/Cache/Home/3c4c8d61199cdfdeca49d55070a407c2d4411dea.file.pageheader.html.php 第 33 行.
NOTIC: [8] Undefined index: child /Applications/MAMP/htdocs/inventory/Application/Runtime/Cache/Home/3c4c8d61199cdfdeca49d55070a407c2d4411dea.file.pageheader.html.php 第 61 行.
NOTIC: [8] Undefined index: name /Applications/MAMP/htdocs/inventory/Application/Runtime/Cache/Home/3c4c8d61199cdfdeca49d55070a407c2d4411dea.file.pageheader.html.php 第 56 行.
NOTIC: [8] Undefined index: child /Applications/MAMP/htdocs/inventory/Application/Runtime/Cache/Home/3c4c8d61199cdfdeca49d55070a407c2d4411dea.file.pageheader.html.php 第 61 行.
NOTIC: [8] Undefined index: name /Applications/MAMP/htdocs/inventory/Application/Runtime/Cache/Home/3c4c8d61199cdfdeca49d55070a407c2d4411dea.file.pageheader.html.php 第 56 行.
INFO: Run Behavior\ParseTemplateBehavior [ RunTime:0.013436s ]
INFO: [ view_parse ] --END-- [ RunTime:0.013505s ]
INFO: [ view_filter ] --START--
INFO: Run Behavior\WriteHtmlCacheBehavior [ RunTime:0.000684s ]
INFO: [ view_filter ] --END-- [ RunTime:0.000757s ]
NOTIC: [2] Cannot modify header information - headers already sent by (output started at /Applications/MAMP/htdocs/inventory/Application/Home/Common/function.php:1) /Applications/MAMP/htdocs/inventory/ThinkPHP/Library/Think/View.class.php 第 91 行.
NOTIC: [2] Cannot modify header information - headers already sent by (output started at /Applications/MAMP/htdocs/inventory/Application/Home/Common/function.php:1) /Applications/MAMP/htdocs/inventory/ThinkPHP/Library/Think/View.class.php 第 92 行.
NOTIC: [2] Cannot modify header information - headers already sent by (output started at /Applications/MAMP/htdocs/inventory/Application/Home/Common/function.php:1) /Applications/MAMP/htdocs/inventory/ThinkPHP/Library/Think/View.class.php 第 93 行.
INFO: [ app_end ] --START--
INFO: Run Behavior\ShowPageTraceBehavior [ RunTime:0.000816s ]
INFO: [ app_end ] --END-- [ RunTime:0.000868s ]

[ 2016-07-16T19:44:55+08:00 ] 127.0.0.1 /
INFO: [ app_init ] --START--
INFO: Run Behavior\BuildLiteBehavior [ RunTime:0.000012s ]
INFO: [ app_init ] --END-- [ RunTime:0.000299s ]
INFO: [ app_begin ] --START--
INFO: Run Behavior\ReadHtmlCacheBehavior [ RunTime:0.000349s ]
INFO: [ app_begin ] --END-- [ RunTime:0.000403s ]
NOTIC: [2] session_start(): Cannot send session cookie - headers already sent by (output started at /Applications/MAMP/htdocs/inventory/Application/Home/Common/function.php:1) /Applications/MAMP/htdocs/inventory/ThinkPHP/Common/functions.php 第 1263 行.
NOTIC: [2] session_start(): Cannot send session cache limiter - headers already sent (output started at /Applications/MAMP/htdocs/inventory/Application/Home/Common/function.php:1) /Applications/MAMP/htdocs/inventory/ThinkPHP/Common/functions.php 第 1263 行.
SQL: SELECT * FROM im_navbar [ RunTime:0.0004s ]
INFO: [ view_parse ] --START--
NOTIC: [2] filemtime(): stat failed for ./Application/Home/View/Application/Home/View/Public/pageheader.html /Applications/MAMP/htdocs/inventory/ThinkPHP/Library/Vendor/Smarty/sysplugins/smarty_resource.php 第 315 行.
NOTIC: [8] Undefined index: title /Applications/MAMP/htdocs/inventory/Application/Runtime/Cache/Home/3c4c8d61199cdfdeca49d55070a407c2d4411dea.file.pageheader.html.php 第 33 行.
NOTIC: [8] Trying to get property of non-object /Applications/MAMP/htdocs/inventory/Application/Runtime/Cache/Home/3c4c8d61199cdfdeca49d55070a407c2d4411dea.file.pageheader.html.php 第 33 行.
INFO: Run Behavior\ParseTemplateBehavior [ RunTime:0.009981s ]
INFO: [ view_parse ] --END-- [ RunTime:0.010034s ]
INFO: [ view_filter ] --START--
INFO: Run Behavior\WriteHtmlCacheBehavior [ RunTime:0.000143s ]
INFO: [ view_filter ] --END-- [ RunTime:0.000170s ]
NOTIC: [2] Cannot modify header information - headers already sent by (output started at /Applications/MAMP/htdocs/inventory/Application/Home/Common/function.php:1) /Applications/MAMP/htdocs/inventory/ThinkPHP/Library/Think/View.class.php 第 91 行.
NOTIC: [2] Cannot modify header information - headers already sent by (output started at /Applications/MAMP/htdocs/inventory/Application/Home/Common/function.php:1) /Applications/MAMP/htdocs/inventory/ThinkPHP/Library/Think/View.class.php 第 92 行.
NOTIC: [2] Cannot modify header information - headers already sent by (output started at /Applications/MAMP/htdocs/inventory/Application/Home/Common/function.php:1) /Applications/MAMP/htdocs/inventory/ThinkPHP/Library/Think/View.class.php 第 93 行.
INFO: [ app_end ] --START--
INFO: Run Behavior\ShowPageTraceBehavior [ RunTime:0.000563s ]
INFO: [ app_end ] --END-- [ RunTime:0.000606s ]

[ 2016-07-16T19:45:13+08:00 ] 127.0.0.1 /
INFO: [ app_init ] --START--
INFO: Run Behavior\BuildLiteBehavior [ RunTime:0.000019s ]
INFO: [ app_init ] --END-- [ RunTime:0.000378s ]
INFO: [ app_begin ] --START--
INFO: Run Behavior\ReadHtmlCacheBehavior [ RunTime:0.000396s ]
INFO: [ app_begin ] --END-- [ RunTime:0.000438s ]
NOTIC: [2] session_start(): Cannot send session cookie - headers already sent by (output started at /Applications/MAMP/htdocs/inventory/Application/Home/Common/function.php:1) /Applications/MAMP/htdocs/inventory/ThinkPHP/Common/functions.php 第 1263 行.
NOTIC: [2] session_start(): Cannot send session cache limiter - headers already sent (output started at /Applications/MAMP/htdocs/inventory/Application/Home/Common/function.php:1) /Applications/MAMP/htdocs/inventory/ThinkPHP/Common/functions.php 第 1263 行.
SQL: SELECT * FROM im_navbar [ RunTime:0.0003s ]
INFO: [ view_parse ] --START--
NOTIC: [2] filemtime(): stat failed for ./Application/Home/View/Application/Home/View/Public/pageheader.html /Applications/MAMP/htdocs/inventory/ThinkPHP/Library/Vendor/Smarty/sysplugins/smarty_resource.php 第 315 行.
NOTIC: [8] Undefined index: title /Applications/MAMP/htdocs/inventory/Application/Runtime/Cache/Home/3c4c8d61199cdfdeca49d55070a407c2d4411dea.file.pageheader.html.php 第 33 行.
NOTIC: [8] Trying to get property of non-object /Applications/MAMP/htdocs/inventory/Application/Runtime/Cache/Home/3c4c8d61199cdfdeca49d55070a407c2d4411dea.file.pageheader.html.php 第 33 行.
INFO: Run Behavior\ParseTemplateBehavior [ RunTime:0.010019s ]
INFO: [ view_parse ] --END-- [ RunTime:0.010086s ]
INFO: [ view_filter ] --START--
INFO: Run Behavior\WriteHtmlCacheBehavior [ RunTime:0.000158s ]
INFO: [ view_filter ] --END-- [ RunTime:0.000188s ]
NOTIC: [2] Cannot modify header information - headers already sent by (output started at /Applications/MAMP/htdocs/inventory/Application/Home/Common/function.php:1) /Applications/MAMP/htdocs/inventory/ThinkPHP/Library/Think/View.class.php 第 91 行.
NOTIC: [2] Cannot modify header information - headers already sent by (output started at /Applications/MAMP/htdocs/inventory/Application/Home/Common/function.php:1) /Applications/MAMP/htdocs/inventory/ThinkPHP/Library/Think/View.class.php 第 92 行.
NOTIC: [2] Cannot modify header information - headers already sent by (output started at /Applications/MAMP/htdocs/inventory/Application/Home/Common/function.php:1) /Applications/MAMP/htdocs/inventory/ThinkPHP/Library/Think/View.class.php 第 93 行.
INFO: [ app_end ] --START--
INFO: Run Behavior\ShowPageTraceBehavior [ RunTime:0.000589s ]
INFO: [ app_end ] --END-- [ RunTime:0.000670s ]

[ 2016-07-16T19:45:36+08:00 ] 127.0.0.1 /
INFO: [ app_init ] --START--
INFO: Run Behavior\BuildLiteBehavior [ RunTime:0.000010s ]
INFO: [ app_init ] --END-- [ RunTime:0.000257s ]
INFO: [ app_begin ] --START--
INFO: Run Behavior\ReadHtmlCacheBehavior [ RunTime:0.000359s ]
INFO: [ app_begin ] --END-- [ RunTime:0.000399s ]
NOTIC: [2] session_start(): Cannot send session cookie - headers already sent by (output started at /Applications/MAMP/htdocs/inventory/Application/Home/Common/function.php:1) /Applications/MAMP/htdocs/inventory/ThinkPHP/Common/functions.php 第 1263 行.
NOTIC: [2] session_start(): Cannot send session cache limiter - headers already sent (output started at /Applications/MAMP/htdocs/inventory/Application/Home/Common/function.php:1) /Applications/MAMP/htdocs/inventory/ThinkPHP/Common/functions.php 第 1263 行.
SQL: SELECT * FROM im_navbar [ RunTime:0.0002s ]
INFO: [ view_parse ] --START--
NOTIC: [2] filemtime(): stat failed for ./Application/Home/View/Application/Home/View/Public/pageheader.html /Applications/MAMP/htdocs/inventory/ThinkPHP/Library/Vendor/Smarty/sysplugins/smarty_resource.php 第 315 行.
NOTIC: [8] Undefined index: title /Applications/MAMP/htdocs/inventory/Application/Runtime/Cache/Home/3c4c8d61199cdfdeca49d55070a407c2d4411dea.file.pageheader.html.php 第 33 行.
NOTIC: [8] Trying to get property of non-object /Applications/MAMP/htdocs/inventory/Application/Runtime/Cache/Home/3c4c8d61199cdfdeca49d55070a407c2d4411dea.file.pageheader.html.php 第 33 行.
INFO: Run Behavior\ParseTemplateBehavior [ RunTime:0.007860s ]
INFO: [ view_parse ] --END-- [ RunTime:0.007895s ]
INFO: [ view_filter ] --START--
INFO: Run Behavior\WriteHtmlCacheBehavior [ RunTime:0.000121s ]
INFO: [ view_filter ] --END-- [ RunTime:0.000147s ]
NOTIC: [2] Cannot modify header information - headers already sent by (output started at /Applications/MAMP/htdocs/inventory/Application/Home/Common/function.php:1) /Applications/MAMP/htdocs/inventory/ThinkPHP/Library/Think/View.class.php 第 91 行.
NOTIC: [2] Cannot modify header information - headers already sent by (output started at /Applications/MAMP/htdocs/inventory/Application/Home/Common/function.php:1) /Applications/MAMP/htdocs/inventory/ThinkPHP/Library/Think/View.class.php 第 92 行.
NOTIC: [2] Cannot modify header information - headers already sent by (output started at /Applications/MAMP/htdocs/inventory/Application/Home/Common/function.php:1) /Applications/MAMP/htdocs/inventory/ThinkPHP/Library/Think/View.class.php 第 93 行.
INFO: [ app_end ] --START--
INFO: Run Behavior\ShowPageTraceBehavior [ RunTime:0.000367s ]
INFO: [ app_end ] --END-- [ RunTime:0.000395s ]

[ 2016-07-16T20:55:43+08:00 ] 127.0.0.1 /index.php
INFO: [ app_init ] --START--
INFO: Run Behavior\BuildLiteBehavior [ RunTime:0.000022s ]
INFO: [ app_init ] --END-- [ RunTime:0.000606s ]
INFO: [ app_begin ] --START--
INFO: Run Behavior\ReadHtmlCacheBehavior [ RunTime:0.000729s ]
INFO: [ app_begin ] --END-- [ RunTime:0.000801s ]
NOTIC: [2] session_start(): Cannot send session cookie - headers already sent by (output started at /Applications/MAMP/htdocs/inventory/Application/Home/Common/function.php:1) /Applications/MAMP/htdocs/inventory/ThinkPHP/Common/functions.php 第 1263 行.
NOTIC: [2] session_start(): Cannot send session cache limiter - headers already sent (output started at /Applications/MAMP/htdocs/inventory/Application/Home/Common/function.php:1) /Applications/MAMP/htdocs/inventory/ThinkPHP/Common/functions.php 第 1263 行.
SQL: SELECT * FROM im_navbar [ RunTime:0.0005s ]
INFO: [ view_parse ] --START--
NOTIC: [2] filemtime(): stat failed for ./Application/Home/View/Application/Home/View/Public/pageheader.html /Applications/MAMP/htdocs/inventory/ThinkPHP/Library/Vendor/Smarty/sysplugins/smarty_resource.php 第 315 行.
NOTIC: [8] Undefined index: title /Applications/MAMP/htdocs/inventory/Application/Runtime/Cache/Home/3c4c8d61199cdfdeca49d55070a407c2d4411dea.file.pageheader.html.php 第 33 行.
NOTIC: [8] Trying to get property of non-object /Applications/MAMP/htdocs/inventory/Application/Runtime/Cache/Home/3c4c8d61199cdfdeca49d55070a407c2d4411dea.file.pageheader.html.php 第 33 行.
INFO: Run Behavior\ParseTemplateBehavior [ RunTime:0.011364s ]
INFO: [ view_parse ] --END-- [ RunTime:0.011417s ]
INFO: [ view_filter ] --START--
INFO: Run Behavior\WriteHtmlCacheBehavior [ RunTime:0.000356s ]
INFO: [ view_filter ] --END-- [ RunTime:0.000399s ]
NOTIC: [2] Cannot modify header information - headers already sent by (output started at /Applications/MAMP/htdocs/inventory/Application/Home/Common/function.php:1) /Applications/MAMP/htdocs/inventory/ThinkPHP/Library/Think/View.class.php 第 91 行.
NOTIC: [2] Cannot modify header information - headers already sent by (output started at /Applications/MAMP/htdocs/inventory/Application/Home/Common/function.php:1) /Applications/MAMP/htdocs/inventory/ThinkPHP/Library/Think/View.class.php 第 92 行.
NOTIC: [2] Cannot modify header information - headers already sent by (output started at /Applications/MAMP/htdocs/inventory/Application/Home/Common/function.php:1) /Applications/MAMP/htdocs/inventory/ThinkPHP/Library/Think/View.class.php 第 93 行.
INFO: [ app_end ] --START--
INFO: Run Behavior\ShowPageTraceBehavior [ RunTime:0.000700s ]
INFO: [ app_end ] --END-- [ RunTime:0.000746s ]

[ 2016-07-16T20:55:52+08:00 ] 127.0.0.1 /index.php/Home/Goods/add
INFO: [ app_init ] --START--
INFO: Run Behavior\BuildLiteBehavior [ RunTime:0.000023s ]
INFO: [ app_init ] --END-- [ RunTime:0.000441s ]
INFO: [ app_begin ] --START--
INFO: Run Behavior\ReadHtmlCacheBehavior [ RunTime:0.000861s ]
INFO: [ app_begin ] --END-- [ RunTime:0.000984s ]
NOTIC: [2] session_start(): Cannot send session cookie - headers already sent by (output started at /Applications/MAMP/htdocs/inventory/Application/Home/Common/function.php:1) /Applications/MAMP/htdocs/inventory/ThinkPHP/Common/functions.php 第 1263 行.
NOTIC: [2] session_start(): Cannot send session cache limiter - headers already sent (output started at /Applications/MAMP/htdocs/inventory/Application/Home/Common/function.php:1) /Applications/MAMP/htdocs/inventory/ThinkPHP/Common/functions.php 第 1263 行.
SQL: SELECT * FROM im_navbar [ RunTime:0.0004s ]
INFO: [ view_parse ] --START--
NOTIC: [2] filemtime(): stat failed for ./Application/Home/View/Application/Home/View/Public/pageheader.html /Applications/MAMP/htdocs/inventory/ThinkPHP/Library/Vendor/Smarty/sysplugins/smarty_resource.php 第 315 行.
NOTIC: [2] filemtime(): stat failed for ./Application/Home/View/Application/Home/View/Public/modal.html /Applications/MAMP/htdocs/inventory/ThinkPHP/Library/Vendor/Smarty/sysplugins/smarty_resource.php 第 315 行.
INFO: Run Behavior\ParseTemplateBehavior [ RunTime:0.010822s ]
INFO: [ view_parse ] --END-- [ RunTime:0.010880s ]
INFO: [ view_filter ] --START--
INFO: Run Behavior\WriteHtmlCacheBehavior [ RunTime:0.000221s ]
INFO: [ view_filter ] --END-- [ RunTime:0.000257s ]
NOTIC: [2] Cannot modify header information - headers already sent by (output started at /Applications/MAMP/htdocs/inventory/Application/Home/Common/function.php:1) /Applications/MAMP/htdocs/inventory/ThinkPHP/Library/Think/View.class.php 第 91 行.
NOTIC: [2] Cannot modify header information - headers already sent by (output started at /Applications/MAMP/htdocs/inventory/Application/Home/Common/function.php:1) /Applications/MAMP/htdocs/inventory/ThinkPHP/Library/Think/View.class.php 第 92 行.
NOTIC: [2] Cannot modify header information - headers already sent by (output started at /Applications/MAMP/htdocs/inventory/Application/Home/Common/function.php:1) /Applications/MAMP/htdocs/inventory/ThinkPHP/Library/Think/View.class.php 第 93 行.
INFO: [ app_end ] --START--
INFO: Run Behavior\ShowPageTraceBehavior [ RunTime:0.000465s ]
INFO: [ app_end ] --END-- [ RunTime:0.000502s ]

